[ 85%] Built target main
[100%] Run main with Debug configuration

 --------------------- PARAMETERS --------------------- 
subsection General
  set Coarse endtime             = 1.5
  set Coarse timestep            = 0.05
  set Compute error              = true
  set Density fluid              = 1.0
  set FEM solve                  = false
  set Fine endtime               = 4.1
  set Fine timestep              = 0.005
  set Hidden layers              = 1
  set Hidden neurons             = 30
  set Information content        = 0.99
  set Information content greedy = 0.99
  set Initial solution snapshot  = result/FEM/
  set Newton tolerance           = 1.0e-8
  set Output files               = true
  set POD GREEDY solve           = false
  set POD greedy size            = 50
  set POD offline                = false
  set POD size                   = 25
  set POD solve                  = false
  set POD start time             = 1.6
  set ROM solve                  = true
  set Refinements                = 3
  set Start time                 = 0.0
  set Test case                  = 2D-2
  set Viscosity                  = 0.00100000000000
end
 ------------------------------------------------------ 



---------------------------------------------- 
     Reynolds: 100,  mu: 0.001
---------------------------------------------- 

ROM setup ...
start
Number of POD modes: 34
Done

Loading nonlinearities
Loading mean_vector
Loading pod_vectors
End Loading
Done

Solving the reduced order model ...
initial condition
result/FEM/mu=0.001000/snapshots/snapshot_000000.h5
	Time step 1 at t=0.005
1	6.71276e-03	1.00000e+00	r	0
2	3.86236e-06	5.75376e-04	 	0
	4.15895e-09
------------------

	Time step 2 at t=1.00000e-02
1	7.11786e-03	1.00000e+00	r	0
2	3.86502e-06	5.43003e-04	 	0
	4.39310e-09
------------------

	Time step 3 at t=1.50000e-02
1	7.47483e-03	1.00000e+00	r	0
2	3.77087e-06	5.04476e-04	 	0
	4.60590e-09
------------------

	Time step 4 at t=2.00000e-02
1	7.77880e-03	1.00000e+00	r	0
2	3.71955e-06	4.78166e-04	 	0
	4.78951e-09
------------------

	Time step 5 at t=2.50000e-02
1	8.02528e-03	1.00000e+00	r	0
2	4.02279e-06	5.01266e-04	 	0
	4.93575e-09
------------------

	Time step 6 at t=3.00000e-02
1	8.21018e-03	1.00000e+00	r	0
2	4.33519e-06	5.28026e-04	 	0
	5.03658e-09
------------------

	Time step 7 at t=3.50000e-02
1	8.32988e-03	1.00000e+00	r	0
2	4.64914e-06	5.58128e-04	 	0
	5.08464e-09
------------------

	Time step 8 at t=4.00000e-02
1	8.38129e-03	1.00000e+00	r	0
2	4.95674e-06	5.91405e-04	 	0
	5.07367e-09
------------------

	Time step 9 at t=4.50000e-02
1	8.36192e-03	1.00000e+00	r	0
2	5.25000e-06	6.27847e-04	 	0
	4.99877e-09
------------------

	Time step 10 at t=5.00000e-02
1	8.26991e-03	1.00000e+00	r	0
2	5.52103e-06	6.67604e-04	 	0
	4.85650e-09
------------------

	Time step 11 at t=5.50000e-02
1	8.10415e-03	1.00000e+00	r	0
2	5.76221e-06	7.11019e-04	 	0
	4.64478e-09
------------------

	Time step 12 at t=6.00000e-02
1	7.86430e-03	1.00000e+00	r	0
2	5.96639e-06	7.58667e-04	 	0
	4.88830e-09
------------------

	Time step 13 at t=6.50000e-02
1	7.55087e-03	1.00000e+00	r	0
2	6.12706e-06	8.11437e-04	 	0
	5.34140e-09
------------------

	Time step 14 at t=7.00000e-02
1	7.16524e-03	1.00000e+00	r	0
2	6.23852e-06	8.70664e-04	 	0
	5.77216e-09
------------------

	Time step 15 at t=7.50000e-02
1	6.70974e-03	1.00000e+00	r	0
2	6.29615e-06	9.38359e-04	 	0
	6.18080e-09
------------------

	Time step 16 at t=8.00000e-02
1	6.80084e-03	1.00000e+00	r	0
2	6.29658e-06	9.25853e-04	 	0
	6.56852e-09
------------------

	Time step 17 at t=8.50000e-02
1	7.33505e-03	1.00000e+00	r	0
2	6.23801e-06	8.50438e-04	 	0
	6.93696e-09
------------------

	Time step 18 at t=9.00000e-02
1	7.82867e-03	1.00000e+00	r	0
2	6.12040e-06	7.81793e-04	 	0
	7.28758e-09
------------------

	Time step 19 at t=9.50000e-02
1	8.27789e-03	1.00000e+00	r	0
2	5.94571e-06	7.18264e-04	 	0
	7.62088e-09
------------------

	Time step 20 at t=1.00000e-01
1	8.67891e-03	1.00000e+00	r	0
2	5.71800e-06	6.58839e-04	 	0
	7.93586e-09
------------------

	Time step 21 at t=1.05000e-01
1	9.02788e-03	1.00000e+00	r	0
2	5.57526e-06	6.17560e-04	 	0
	8.22929e-09
------------------

	Time step 22 at t=1.10000e-01
1	9.32086e-03	1.00000e+00	r	0
2	5.72056e-06	6.13738e-04	 	0
	8.49537e-09
------------------

	Time step 23 at t=1.15000e-01
1	9.55380e-03	1.00000e+00	r	0
2	5.80530e-06	6.07643e-04	 	0
	8.72535e-09
------------------

	Time step 24 at t=1.20000e-01
1	9.72258e-03	1.00000e+00	r	0
2	6.12480e-06	6.29956e-04	 	0
	8.90767e-09
------------------

	Time step 25 at t=1.25000e-01
1	9.82302e-03	1.00000e+00	r	0
2	6.65555e-06	6.77547e-04	 	0
	9.02837e-09
------------------

	Time step 26 at t=1.30000e-01
1	9.85100e-03	1.00000e+00	r	0
2	7.01882e-06	7.12499e-04	 	0
	9.07202e-09
------------------

	Time step 27 at t=1.35000e-01
1	9.80257e-03	1.00000e+00	r	0
2	7.19441e-06	7.33931e-04	 	0
	9.02291e-09
------------------

	Time step 28 at t=1.40000e-01
1	9.67412e-03	1.00000e+00	r	0
2	7.16881e-06	7.41029e-04	 	0
	8.86658e-09
------------------

	Time step 29 at t=1.45000e-01
1	9.46252e-03	1.00000e+00	r	0
2	6.93591e-06	7.32988e-04	 	0
	8.59115e-09
------------------

	Time step 30 at t=1.50000e-01
1	9.16536e-03	1.00000e+00	r	0
2	6.49737e-06	7.08905e-04	 	0
	8.54169e-09
------------------

	Time step 31 at t=1.55000e-01
1	8.78113e-03	1.00000e+00	r	0
2	5.86248e-06	6.67622e-04	 	0
	9.16185e-09
------------------

	Time step 32 at t=1.60000e-01
1	8.30945e-03	1.00000e+00	r	0
2	6.30465e-06	7.58732e-04	 	0
	9.70348e-09
------------------

	Time step 33 at t=1.65000e-01
1	7.75122e-03	1.00000e+00	r	0
2	7.04185e-06	9.08483e-04	 	0
3	1.01605e-08	1.44288e-03	 	0
	1.61589e-11
------------------

	Time step 34 at t=1.70000e-01
1	7.52735e-03	1.00000e+00	r	0
2	7.60968e-06	1.01094e-03	 	0
3	1.05300e-08	1.38376e-03	 	0
	1.68820e-11
------------------

	Time step 35 at t=1.75000e-01
1	8.12123e-03	1.00000e+00	r	0
2	7.98509e-06	9.83237e-04	 	0
3	1.08116e-08	1.35398e-03	 	0
	1.71697e-11
------------------

	Time step 36 at t=1.80000e-01
1	8.66337e-03	1.00000e+00	r	0
2	8.15240e-06	9.41019e-04	 	0
3	1.10074e-08	1.35020e-03	 	0
	1.70238e-11
------------------

	Time step 37 at t=1.85000e-01
1	9.14960e-03	1.00000e+00	r	0
2	8.10369e-06	8.85688e-04	 	0
3	1.11204e-08	1.37227e-03	 	0
	1.64594e-11
------------------

	Time step 38 at t=1.90000e-01
1	9.57572e-03	1.00000e+00	r	0
2	7.83864e-06	8.18596e-04	 	0
3	1.11544e-08	1.42300e-03	 	0
	1.55220e-11
------------------

	Time step 39 at t=1.95000e-01
1	9.93753e-03	1.00000e+00	r	0
2	7.36399e-06	7.41028e-04	 	0
3	1.11121e-08	1.50897e-03	 	0
	1.61430e-11
------------------

	Time step 40 at t=2.00000e-01
1	1.02309e-02	1.00000e+00	r	0
2	6.69267e-06	6.54161e-04	 	0
3	1.09950e-08	1.64284e-03	 	0
	1.65276e-11
------------------

	Time step 41 at t=2.05000e-01
1	1.04520e-02	1.00000e+00	r	0
2	5.97856e-06	5.72002e-04	 	0
3	1.08026e-08	1.80689e-03	 	0
	1.66532e-11
------------------

	Time step 42 at t=2.10000e-01
1	1.05971e-02	1.00000e+00	r	0
2	6.62140e-06	6.24833e-04	 	0
3	1.05318e-08	1.59056e-03	 	0
	1.65148e-11
------------------

	Time step 43 at t=2.15000e-01
1	1.06630e-02	1.00000e+00	r	0
2	7.25777e-06	6.80648e-04	 	0
3	1.01774e-08	1.40227e-03	 	0
	1.70423e-11
------------------

	Time step 44 at t=2.20000e-01
1	1.06472e-02	1.00000e+00	r	0
2	7.86741e-06	7.38915e-04	 	0
	9.73339e-09
------------------

	Time step 45 at t=2.25000e-01
1	1.05479e-02	1.00000e+00	r	0
2	8.43127e-06	7.99332e-04	 	0
	9.19480e-09
------------------

	Time step 46 at t=2.30000e-01
1	1.03640e-02	1.00000e+00	r	0
2	8.93267e-06	8.61891e-04	 	0
	9.49000e-09
------------------

	Time step 47 at t=2.35000e-01
1	1.00957e-02	1.00000e+00	r	0
2	9.35823e-06	9.26952e-04	 	0
3	1.04985e-08	1.12185e-03	 	0
	2.27080e-11
------------------

	Time step 48 at t=2.40000e-01
1	9.74409e-03	1.00000e+00	r	0
2	9.69850e-06	9.95322e-04	 	0
3	1.13898e-08	1.17439e-03	 	0
	2.37609e-11
------------------

	Time step 49 at t=2.45000e-01
1	9.31154e-03	1.00000e+00	r	0
2	9.94815e-06	1.06837e-03	 	0
3	1.21582e-08	1.22216e-03	 	0
	2.45681e-11
------------------

	Time step 50 at t=2.50000e-01
1	8.80164e-03	1.00000e+00	r	0
2	1.01058e-05	1.14817e-03	 	0
3	1.28064e-08	1.26723e-03	 	0
	2.51311e-11
------------------

	Time step 51 at t=2.55000e-01
1	8.71093e-03	1.00000e+00	r	0
2	1.01734e-05	1.16789e-03	 	0
3	1.33443e-08	1.31168e-03	 	0
	2.54724e-11
------------------

	Time step 52 at t=2.60000e-01
1	9.36723e-03	1.00000e+00	r	0
2	1.01557e-05	1.08417e-03	 	0
3	1.37860e-08	1.35747e-03	 	0
	2.56280e-11
------------------

	Time step 53 at t=2.65000e-01
1	9.94761e-03	1.00000e+00	r	0
2	1.00589e-05	1.01118e-03	 	0
3	1.41465e-08	1.40637e-03	 	0
	2.56361e-11
------------------

	Time step 54 at t=2.70000e-01
1	1.04494e-02	1.00000e+00	r	0
2	9.89043e-06	9.46506e-04	 	0
3	1.44376e-08	1.45975e-03	 	0
	2.55245e-11
------------------

	Time step 55 at t=2.75000e-01
1	1.08706e-02	1.00000e+00	r	0
2	9.65814e-06	8.88466e-04	 	0
3	1.46655e-08	1.51846e-03	 	0
	2.53047e-11
------------------

	Time step 56 at t=2.80000e-01
1	1.12095e-02	1.00000e+00	r	0
2	9.37003e-06	8.35903e-04	 	0
3	1.48304e-08	1.58275e-03	 	0
	2.49717e-11
------------------

	Time step 57 at t=2.85000e-01
1	1.14647e-02	1.00000e+00	r	0
2	9.03448e-06	7.88023e-04	 	0
3	1.49263e-08	1.65215e-03	 	0
	2.68524e-11
------------------

	Time step 58 at t=2.90000e-01
1	1.16351e-02	1.00000e+00	r	0
2	8.89042e-06	7.64103e-04	 	0
3	1.49427e-08	1.68076e-03	 	0
	3.12072e-11
------------------

	Time step 59 at t=2.95000e-01
1	1.17193e-02	1.00000e+00	r	0
2	1.00484e-05	8.57422e-04	 	0
3	1.48661e-08	1.47945e-03	 	0
	3.49422e-11
------------------

	Time step 60 at t=3.00000e-01
1	1.17159e-02	1.00000e+00	r	0
2	1.09539e-05	9.34958e-04	 	0
3	1.46817e-08	1.34031e-03	 	0
	3.78496e-11
------------------

	Time step 61 at t=3.05000e-01
1	1.16236e-02	1.00000e+00	r	0
2	1.15642e-05	9.94888e-04	 	0
3	1.43748e-08	1.24304e-03	 	0
	3.97389e-11
------------------

	Time step 62 at t=3.10000e-01
1	1.14410e-02	1.00000e+00	r	0
2	1.18457e-05	1.03537e-03	 	0
3	1.39327e-08	1.17618e-03	 	0
	4.04579e-11
------------------

	Time step 63 at t=3.15000e-01
1	1.11670e-02	1.00000e+00	r	0
2	1.17756e-05	1.05450e-03	 	0
3	1.33454e-08	1.13331e-03	 	0
	3.99128e-11
------------------

	Time step 64 at t=3.20000e-01
1	1.08008e-02	1.00000e+00	r	0
2	1.13432e-05	1.05022e-03	 	0
3	1.26071e-08	1.11142e-03	 	0
	3.80821e-11
------------------

	Time step 65 at t=3.25000e-01
1	1.03427e-02	1.00000e+00	r	0
2	1.05505e-05	1.02009e-03	 	0
3	1.30286e-08	1.23489e-03	 	0
	3.50169e-11
------------------

	Time step 66 at t=3.30000e-01
1	9.79390e-03	1.00000e+00	r	0
2	9.79214e-06	9.99819e-04	 	0
3	1.54477e-08	1.57756e-03	 	0
	3.33099e-11
------------------

	Time step 67 at t=3.35000e-01
1	9.15727e-03	1.00000e+00	r	0
2	1.14797e-05	1.25362e-03	 	0
3	1.75996e-08	1.53310e-03	 	0
	3.90897e-11
------------------

	Time step 68 at t=3.40000e-01
1	8.43728e-03	1.00000e+00	r	0
2	1.29171e-05	1.53096e-03	 	0
3	1.93795e-08	1.50029e-03	 	0
	4.41236e-11
------------------

	Time step 69 at t=3.45000e-01
1	8.60266e-03	1.00000e+00	r	0
2	1.40428e-05	1.63238e-03	 	0
3	2.06947e-08	1.47369e-03	 	0
	4.82703e-11
------------------

	Time step 70 at t=3.50000e-01
1	8.69202e-03	1.00000e+00	r	0
2	1.48077e-05	1.70360e-03	 	0
3	2.14687e-08	1.44983e-03	 	0
	5.14200e-11
------------------

	Time step 71 at t=3.55000e-01
1	8.70359e-03	1.00000e+00	r	0
2	1.51779e-05	1.74386e-03	 	0
3	2.16448e-08	1.42608e-03	 	0
	5.34749e-11
------------------

	Time step 72 at t=3.60000e-01
1	9.12682e-03	1.00000e+00	r	0
2	1.51354e-05	1.65834e-03	 	0
3	2.11905e-08	1.40006e-03	 	0
	5.43359e-11
------------------

	Time step 73 at t=3.65000e-01
1	9.74388e-03	1.00000e+00	r	0
2	1.46780e-05	1.50638e-03	 	0
3	2.09775e-08	1.42918e-03	 	0
	5.39047e-11
------------------

	Time step 74 at t=3.70000e-01
1	1.03002e-02	1.00000e+00	r	0
2	1.38179e-05	1.34152e-03	 	0
3	2.16301e-08	1.56537e-03	 	0
	5.20991e-11
------------------

	Time step 75 at t=3.75000e-01
1	1.07881e-02	1.00000e+00	r	0
2	1.25794e-05	1.16605e-03	 	0
3	2.20900e-08	1.75604e-03	 	0
	4.88754e-11
------------------

	Time step 76 at t=3.80000e-01
1	1.11998e-02	1.00000e+00	r	0
2	1.09980e-05	9.81977e-04	 	0
3	2.23305e-08	2.03042e-03	 	0
	4.42502e-11
------------------

	Time step 77 at t=3.85000e-01
1	1.15279e-02	1.00000e+00	r	0
2	1.14778e-05	9.95653e-04	 	0
3	2.23306e-08	1.94554e-03	 	0
	4.64494e-11
------------------

	Time step 78 at t=3.90000e-01
1	1.17652e-02	1.00000e+00	r	0
2	1.23463e-05	1.04940e-03	 	0
3	2.20765e-08	1.78811e-03	 	0
	5.03098e-11
------------------

	Time step 79 at t=3.95000e-01
1	1.19051e-02	1.00000e+00	r	0
2	1.27906e-05	1.07438e-03	 	0
3	2.15638e-08	1.68592e-03	 	0
	5.25893e-11
------------------

	Time step 80 at t=4.00000e-01
1	1.19423e-02	1.00000e+00	r	0
2	1.27948e-05	1.07139e-03	 	0
3	2.07989e-08	1.62557e-03	 	0
	5.42803e-11
------------------

	Time step 81 at t=4.05000e-01
1	1.18728e-02	1.00000e+00	r	0
2	1.29858e-05	1.09374e-03	 	0
3	1.97969e-08	1.52450e-03	 	0
	5.67062e-11
------------------

	Time step 82 at t=4.10000e-01
1	1.16944e-02	1.00000e+00	r	0
2	1.33147e-05	1.13856e-03	 	0
3	1.85770e-08	1.39522e-03	 	0
	5.86901e-11
------------------

	Time step 83 at t=4.15000e-01
1	1.14067e-02	1.00000e+00	r	0
2	1.35270e-05	1.18588e-03	 	0
3	1.87311e-08	1.38471e-03	 	0
	6.02093e-11
------------------

	Time step 84 at t=4.20000e-01
1	1.10117e-02	1.00000e+00	r	0
2	1.36165e-05	1.23655e-03	 	0
3	1.97898e-08	1.45337e-03	 	0
	6.12418e-11
------------------

	Time step 85 at t=4.25000e-01
1	1.05132e-02	1.00000e+00	r	0
2	1.35799e-05	1.29170e-03	 	0
3	2.07285e-08	1.52641e-03	 	0
	6.17511e-11
------------------

	Time step 86 at t=4.30000e-01
1	9.91770e-03	1.00000e+00	r	0
2	1.34166e-05	1.35279e-03	 	0
3	2.15721e-08	1.60787e-03	 	0
	6.16786e-11
------------------

	Time step 87 at t=4.35000e-01
1	9.23330e-03	1.00000e+00	r	0
2	1.31279e-05	1.42180e-03	 	0
3	2.23383e-08	1.70159e-03	 	0
	6.09522e-11
------------------

	Time step 88 at t=4.40000e-01
1	9.07410e-03	1.00000e+00	r	0
2	1.27175e-05	1.40151e-03	 	0
3	2.30355e-08	1.81132e-03	 	0
	5.95077e-11
------------------

	Time step 89 at t=4.45000e-01
1	9.66078e-03	1.00000e+00	r	0
2	1.28040e-05	1.32536e-03	 	0
3	2.36648e-08	1.84823e-03	 	0
	5.95026e-11
------------------

	Time step 90 at t=4.50000e-01
1	1.00359e-02	1.00000e+00	r	0
2	1.31240e-05	1.30770e-03	 	0
3	2.42243e-08	1.84580e-03	 	0
	6.29474e-11
------------------

	Time step 91 at t=4.55000e-01
1	1.01829e-02	1.00000e+00	r	0
2	1.32878e-05	1.30491e-03	 	0
3	2.64060e-08	1.98724e-03	 	0
	6.56548e-11
------------------

	Time step 92 at t=4.60000e-01
1	1.01457e-02	1.00000e+00	r	0
2	1.32915e-05	1.31006e-03	 	0
3	2.76571e-08	2.08081e-03	 	0
	6.75444e-11
------------------

	Time step 93 at t=4.65000e-01
1	1.05016e-02	1.00000e+00	r	0
2	1.31335e-05	1.25061e-03	 	0
3	2.73484e-08	2.08234e-03	 	0
	6.85802e-11
------------------

	Time step 94 at t=4.70000e-01
1	1.08175e-02	1.00000e+00	r	0
2	1.48020e-05	1.36834e-03	 	0
3	2.57400e-08	1.73896e-03	 	0
	6.87545e-11
------------------

	Time step 95 at t=4.75000e-01
1	1.10860e-02	1.00000e+00	r	0
2	1.62206e-05	1.46316e-03	 	0
3	2.58993e-08	1.59669e-03	 	0
	6.80688e-11
------------------

	Time step 96 at t=4.80000e-01
1	1.12981e-02	1.00000e+00	r	0
2	1.71931e-05	1.52177e-03	 	0
3	2.59182e-08	1.50747e-03	 	0
	7.13847e-11
------------------

	Time step 97 at t=4.85000e-01
1	1.14435e-02	1.00000e+00	r	0
2	1.76903e-05	1.54588e-03	 	0
3	2.57517e-08	1.45569e-03	 	0
	7.56890e-11
------------------

	Time step 98 at t=4.90000e-01
1	1.15114e-02	1.00000e+00	r	0
2	1.77025e-05	1.53783e-03	 	0
3	2.53538e-08	1.43222e-03	 	0
	7.79455e-11
------------------

	Time step 99 at t=4.95000e-01
1	1.14906e-02	1.00000e+00	r	0
2	1.72378e-05	1.50017e-03	 	0
3	2.46860e-08	1.43208e-03	 	0
	7.81011e-11
------------------

	Time step 100 at t=5.00000e-01
1	1.13710e-02	1.00000e+00	r	0
2	1.63195e-05	1.43519e-03	 	0
3	2.41511e-08	1.47989e-03	 	0
	7.61770e-11
------------------

	Time step 101 at t=5.05000e-01
1	1.11436e-02	1.00000e+00	r	0
2	1.49821e-05	1.34445e-03	 	0
3	2.53950e-08	1.69502e-03	 	0
	7.22432e-11
------------------

	Time step 102 at t=5.10000e-01
1	1.08016e-02	1.00000e+00	r	0
2	1.32677e-05	1.22831e-03	 	0
3	2.62876e-08	1.98132e-03	 	0
	6.63924e-11
------------------

	Time step 103 at t=5.15000e-01
1	1.08684e-02	1.00000e+00	r	0
2	1.49863e-05	1.37888e-03	 	0
3	2.68267e-08	1.79008e-03	 	0
	5.93177e-11
------------------

	Time step 104 at t=5.20000e-01
1	1.08779e-02	1.00000e+00	r	0
2	1.63936e-05	1.50705e-03	 	0
3	2.70256e-08	1.64855e-03	 	0
	6.77427e-11
------------------

	Time step 105 at t=5.25000e-01
1	1.08174e-02	1.00000e+00	r	0
2	1.73786e-05	1.60654e-03	 	0
3	2.71157e-08	1.56029e-03	 	0
	7.44612e-11
------------------

	Time step 106 at t=5.30000e-01
1	1.06902e-02	1.00000e+00	r	0
2	1.79180e-05	1.67611e-03	 	0
3	2.65097e-08	1.47951e-03	 	0
	7.92321e-11
------------------

	Time step 107 at t=5.35000e-01
1	1.04990e-02	1.00000e+00	r	0
2	1.80031e-05	1.71474e-03	 	0
3	2.58663e-08	1.43677e-03	 	0
	8.18805e-11
------------------

	Time step 108 at t=5.40000e-01
1	1.16102e-02	1.00000e+00	r	0
2	1.76377e-05	1.51916e-03	 	0
3	2.81631e-08	1.59675e-03	 	0
	8.23095e-11
------------------

	Time step 109 at t=5.45000e-01
1	1.24647e-02	1.00000e+00	r	0
2	1.68354e-05	1.35064e-03	 	0
3	3.23024e-08	1.91872e-03	 	0
	8.05047e-11
------------------

	Time step 110 at t=5.50000e-01
1	1.30357e-02	1.00000e+00	r	0
2	1.56171e-05	1.19803e-03	 	0
3	3.44862e-08	2.20823e-03	 	0
	7.65274e-11
------------------

	Time step 111 at t=5.55000e-01
1	1.33037e-02	1.00000e+00	r	0
2	1.40108e-05	1.05315e-03	 	0
3	3.44684e-08	2.46013e-03	 	0
	7.04991e-11
------------------

	Time step 112 at t=5.60000e-01
1	1.32576e-02	1.00000e+00	r	0
2	1.28911e-05	9.72350e-04	 	0
3	3.21819e-08	2.49645e-03	 	0
	6.25857e-11
------------------

	Time step 113 at t=5.65000e-01
1	1.28952e-02	1.00000e+00	r	0
2	1.40285e-05	1.08788e-03	 	0
3	2.77556e-08	1.97852e-03	 	0
	6.07629e-11
------------------

	Time step 114 at t=5.70000e-01
1	1.22233e-02	1.00000e+00	r	0
2	1.51125e-05	1.23637e-03	 	0
3	2.58397e-08	1.70982e-03	 	0
	6.51787e-11
------------------

	Time step 115 at t=5.75000e-01
1	1.12581e-02	1.00000e+00	r	0
2	1.61112e-05	1.43108e-03	 	0
3	2.94857e-08	1.83013e-03	 	0
	7.06410e-11
------------------

	Time step 116 at t=5.80000e-01
1	1.06202e-02	1.00000e+00	r	0
2	1.69947e-05	1.60023e-03	 	0
3	3.15498e-08	1.85645e-03	 	0
	7.56268e-11
------------------

	Time step 117 at t=5.85000e-01
1	1.06863e-02	1.00000e+00	r	0
2	1.77367e-05	1.65977e-03	 	0
3	3.14286e-08	1.77195e-03	 	0
	8.00760e-11
------------------

	Time step 118 at t=5.90000e-01
1	1.12392e-02	1.00000e+00	r	0
2	1.83167e-05	1.62971e-03	 	0
3	2.91701e-08	1.59254e-03	 	0
	8.38920e-11
------------------

	Time step 119 at t=5.95000e-01
1	1.17772e-02	1.00000e+00	r	0
2	1.87202e-05	1.58953e-03	 	0
3	2.76161e-08	1.47520e-03	 	0
	8.69684e-11
------------------

	Time step 120 at t=6.00000e-01
1	1.21929e-02	1.00000e+00	r	0
2	1.89399e-05	1.55335e-03	 	0
3	2.86746e-08	1.51398e-03	 	0
	8.92245e-11
------------------

	Time step 121 at t=6.05000e-01
1	1.24727e-02	1.00000e+00	r	0
2	1.89751e-05	1.52132e-03	 	0
3	2.93888e-08	1.54881e-03	 	0
	9.06344e-11
------------------

	Time step 122 at t=6.10000e-01
1	1.26046e-02	1.00000e+00	r	0
2	1.88314e-05	1.49401e-03	 	0
3	3.11116e-08	1.65212e-03	 	0
	9.12299e-11
------------------

	Time step 123 at t=6.15000e-01
1	1.25785e-02	1.00000e+00	r	0
2	1.85198e-05	1.47234e-03	 	0
3	3.12995e-08	1.69006e-03	 	0
	9.10808e-11
------------------

	Time step 124 at t=6.20000e-01
1	1.23869e-02	1.00000e+00	r	0
2	1.80555e-05	1.45763e-03	 	0
3	2.98435e-08	1.65287e-03	 	0
	9.02654e-11
------------------

	Time step 125 at t=6.25000e-01
1	1.20253e-02	1.00000e+00	r	0
2	1.74570e-05	1.45169e-03	 	0
3	2.95102e-08	1.69045e-03	 	0
	8.88472e-11
------------------

	Time step 126 at t=6.30000e-01
1	1.14922e-02	1.00000e+00	r	0
2	1.67448e-05	1.45705e-03	 	0
3	2.89387e-08	1.72822e-03	 	0
	8.68696e-11
------------------

	Time step 127 at t=6.35000e-01
1	1.07900e-02	1.00000e+00	r	0
2	1.59410e-05	1.47738e-03	 	0
3	2.81247e-08	1.76430e-03	 	0
	8.43693e-11
------------------

	Time step 128 at t=6.40000e-01
1	9.92462e-03	1.00000e+00	r	0
2	1.50687e-05	1.51831e-03	 	0
3	2.75816e-08	1.83040e-03	 	0
	8.13996e-11
------------------

	Time step 129 at t=6.45000e-01
1	1.01983e-02	1.00000e+00	r	0
2	1.44031e-05	1.41231e-03	 	0
3	2.77583e-08	1.92725e-03	 	0
	7.80485e-11
------------------

	Time step 130 at t=6.50000e-01
1	1.05530e-02	1.00000e+00	r	0
2	1.59640e-05	1.51275e-03	 	0
3	2.62461e-08	1.64408e-03	 	0
	7.96307e-11
------------------

	Time step 131 at t=6.55000e-01
1	1.07585e-02	1.00000e+00	r	0
2	1.70204e-05	1.58204e-03	 	0
3	2.69267e-08	1.58202e-03	 	0
	8.60606e-11
------------------

	Time step 132 at t=6.60000e-01
1	1.08042e-02	1.00000e+00	r	0
2	1.75452e-05	1.62393e-03	 	0
3	2.69853e-08	1.53804e-03	 	0
	9.01760e-11
------------------

	Time step 133 at t=6.65000e-01
1	1.15665e-02	1.00000e+00	r	0
2	1.75335e-05	1.51589e-03	 	0
3	2.63986e-08	1.50560e-03	 	0
	9.20079e-11
------------------

	Time step 134 at t=6.70000e-01
1	1.23517e-02	1.00000e+00	r	0
2	1.69992e-05	1.37627e-03	 	0
3	2.74425e-08	1.61433e-03	 	0
	9.16688e-11
------------------

	Time step 135 at t=6.75000e-01
1	1.30409e-02	1.00000e+00	r	0
2	1.59699e-05	1.22460e-03	 	0
3	2.89004e-08	1.80968e-03	 	0
	8.92935e-11
------------------

	Time step 136 at t=6.80000e-01
1	1.36253e-02	1.00000e+00	r	0
2	1.44822e-05	1.06289e-03	 	0
3	2.90915e-08	2.00878e-03	 	0
	8.49688e-11
------------------

	Time step 137 at t=6.85000e-01
1	1.40971e-02	1.00000e+00	r	0
2	1.56513e-05	1.11025e-03	 	0
3	3.30816e-08	2.11366e-03	 	0
	7.86804e-11
------------------

	Time step 138 at t=6.90000e-01
1	1.44492e-02	1.00000e+00	r	0
2	1.78208e-05	1.23335e-03	 	0
3	3.61812e-08	2.03028e-03	 	0
	8.11430e-11
------------------

	Time step 139 at t=6.95000e-01
1	1.46755e-02	1.00000e+00	r	0
2	1.95721e-05	1.33366e-03	 	0
3	3.81640e-08	1.94992e-03	 	0
	9.43766e-11
------------------

	Time step 140 at t=7.00000e-01
1	1.47712e-02	1.00000e+00	r	0
2	2.08482e-05	1.41141e-03	 	0
3	3.88604e-08	1.86397e-03	 	0
	1.05503e-10
------------------

	Time step 141 at t=7.05000e-01
1	1.47321e-02	1.00000e+00	r	0
2	2.16106e-05	1.46691e-03	 	0
3	3.81711e-08	1.76632e-03	 	0
	1.13938e-10
------------------

	Time step 142 at t=7.10000e-01
1	1.45553e-02	1.00000e+00	r	0
2	2.18389e-05	1.50041e-03	 	0
3	3.60746e-08	1.65185e-03	 	0
	1.19252e-10
------------------

	Time step 143 at t=7.15000e-01
1	1.42389e-02	1.00000e+00	r	0
2	2.15280e-05	1.51191e-03	 	0
3	3.40401e-08	1.58120e-03	 	0
	1.21217e-10
------------------

	Time step 144 at t=7.20000e-01
1	1.37823e-02	1.00000e+00	r	0
2	2.06849e-05	1.50084e-03	 	0
3	3.54087e-08	1.71181e-03	 	0
	1.19820e-10
------------------

	Time step 145 at t=7.25000e-01
1	1.31857e-02	1.00000e+00	r	0
2	1.93269e-05	1.46575e-03	 	0
3	3.63344e-08	1.87999e-03	 	0
	1.15222e-10
------------------

	Time step 146 at t=7.30000e-01
1	1.24510e-02	1.00000e+00	r	0
2	1.74808e-05	1.40396e-03	 	0
3	3.67797e-08	2.10401e-03	 	0
	1.07694e-10
------------------

	Time step 147 at t=7.35000e-01
1	1.19340e-02	1.00000e+00	r	0
2	1.51844e-05	1.27237e-03	 	0
3	3.67043e-08	2.41724e-03	 	0
	9.75730e-11
------------------

	Time step 148 at t=7.40000e-01
1	1.21749e-02	1.00000e+00	r	0
2	1.65339e-05	1.35803e-03	 	0
3	3.60731e-08	2.18177e-03	 	0
	9.70870e-11
------------------

	Time step 149 at t=7.45000e-01
1	1.23074e-02	1.00000e+00	r	0
2	1.74977e-05	1.42173e-03	 	0
3	3.48701e-08	1.99283e-03	 	0
	1.02193e-10
------------------

	Time step 150 at t=7.50000e-01
1	1.23449e-02	1.00000e+00	r	0
2	1.78424e-05	1.44532e-03	 	0
3	3.32824e-08	1.86536e-03	 	0
	1.05311e-10
------------------

	Time step 151 at t=7.55000e-01
1	1.23019e-02	1.00000e+00	r	0
2	1.75654e-05	1.42785e-03	 	0
3	3.18585e-08	1.81371e-03	 	0
	1.06368e-10
------------------

	Time step 152 at t=7.60000e-01
1	1.21930e-02	1.00000e+00	r	0
2	1.66902e-05	1.36884e-03	 	0
3	2.95018e-08	1.76761e-03	 	0
	1.05605e-10
------------------

	Time step 153 at t=7.65000e-01
1	1.20317e-02	1.00000e+00	r	0
2	1.59780e-05	1.32799e-03	 	0
3	2.63414e-08	1.64860e-03	 	0
	1.03516e-10
------------------

	Time step 154 at t=7.70000e-01
1	1.18359e-02	1.00000e+00	r	0
2	1.60781e-05	1.35842e-03	 	0
3	2.33266e-08	1.45083e-03	 	0
	1.00710e-10
------------------

	Time step 155 at t=7.75000e-01
1	1.21321e-02	1.00000e+00	r	0
2	1.60140e-05	1.31997e-03	 	0
3	2.68912e-08	1.67923e-03	 	0
	9.77366e-11
------------------

	Time step 156 at t=7.80000e-01
1	1.21030e-02	1.00000e+00	r	0
2	1.57991e-05	1.30539e-03	 	0
3	2.93926e-08	1.86040e-03	 	0
	9.49443e-11
------------------

	Time step 157 at t=7.85000e-01
1	1.17459e-02	1.00000e+00	r	0
2	1.54468e-05	1.31508e-03	 	0
3	3.06086e-08	1.98155e-03	 	0
	9.24165e-11
------------------

	Time step 158 at t=7.90000e-01
1	1.10676e-02	1.00000e+00	r	0
2	1.49675e-05	1.35237e-03	 	0
3	3.26252e-08	2.17974e-03	 	0
	8.99957e-11
------------------

	Time step 159 at t=7.95000e-01
1	1.04518e-02	1.00000e+00	r	0
2	1.53728e-05	1.47083e-03	 	0
3	3.37296e-08	2.19411e-03	 	0
	8.73751e-11
------------------

	Time step 160 at t=8.00000e-01
1	1.01055e-02	1.00000e+00	r	0
2	1.53475e-05	1.51872e-03	 	0
3	3.38317e-08	2.20438e-03	 	0
	8.42137e-11
------------------

	Time step 161 at t=8.05000e-01
1	1.02908e-02	1.00000e+00	r	0
2	1.47399e-05	1.43233e-03	 	0
3	3.29079e-08	2.23257e-03	 	0
	8.14936e-11
------------------

	Time step 162 at t=8.10000e-01
1	1.10529e-02	1.00000e+00	r	0
2	1.35731e-05	1.22801e-03	 	0
3	3.58320e-08	2.63994e-03	 	0
	8.36039e-11
------------------

	Time step 163 at t=8.15000e-01
1	1.15393e-02	1.00000e+00	r	0
2	1.47273e-05	1.27628e-03	 	0
3	3.69773e-08	2.51080e-03	 	0
	8.44480e-11
------------------

	Time step 164 at t=8.20000e-01
1	1.26739e-02	1.00000e+00	r	0
2	1.72886e-05	1.36411e-03	 	0
3	3.54807e-08	2.05226e-03	 	0
	8.38526e-11
------------------

	Time step 165 at t=8.25000e-01
1	1.36973e-02	1.00000e+00	r	0
2	1.93253e-05	1.41088e-03	 	0
3	3.13357e-08	1.62149e-03	 	0
	8.29212e-11
------------------

	Time step 166 at t=8.30000e-01
1	1.45825e-02	1.00000e+00	r	0
2	2.07502e-05	1.42295e-03	 	0
3	3.05208e-08	1.47087e-03	 	0
	9.54726e-11
------------------

	Time step 167 at t=8.35000e-01
1	1.53243e-02	1.00000e+00	r	0
2	2.15045e-05	1.40330e-03	 	0
3	2.99501e-08	1.39274e-03	 	0
	1.04267e-10
------------------

	Time step 168 at t=8.40000e-01
1	1.59205e-02	1.00000e+00	r	0
2	2.15606e-05	1.35426e-03	 	0
3	2.89025e-08	1.34052e-03	 	0
	1.08998e-10
------------------

	Time step 169 at t=8.45000e-01
1	1.63718e-02	1.00000e+00	r	0
2	2.09219e-05	1.27792e-03	 	0
3	2.73825e-08	1.30880e-03	 	0
	1.09709e-10
------------------

	Time step 170 at t=8.50000e-01
1	1.66811e-02	1.00000e+00	r	0
2	1.96194e-05	1.17615e-03	 	0
3	3.02568e-08	1.54218e-03	 	0
	1.06707e-10
------------------

	Time step 171 at t=8.55000e-01
1	1.68534e-02	1.00000e+00	r	0
2	1.77073e-05	1.05067e-03	 	0
3	3.29351e-08	1.85997e-03	 	0
	1.00412e-10
------------------

	Time step 172 at t=8.60000e-01
1	1.68953e-02	1.00000e+00	r	0
2	1.52571e-05	9.03034e-04	 	0
3	3.43457e-08	2.25113e-03	 	0
	9.12251e-11
------------------

	Time step 173 at t=8.65000e-01
1	1.68147e-02	1.00000e+00	r	0
2	1.74370e-05	1.03701e-03	 	0
3	3.52674e-08	2.02256e-03	 	0
	8.26309e-11
------------------

	Time step 174 at t=8.70000e-01
1	1.66196e-02	1.00000e+00	r	0
2	1.91328e-05	1.15122e-03	 	0
3	3.78961e-08	1.98068e-03	 	0
	9.00721e-11
------------------

	Time step 175 at t=8.75000e-01
1	1.63179e-02	1.00000e+00	r	0
2	2.02192e-05	1.23908e-03	 	0
3	3.78211e-08	1.87056e-03	 	0
	9.65652e-11
------------------

	Time step 176 at t=8.80000e-01
1	1.59168e-02	1.00000e+00	r	0
2	2.06752e-05	1.29895e-03	 	0
3	3.49930e-08	1.69251e-03	 	0
	1.01793e-10
------------------

	Time step 177 at t=8.85000e-01
1	1.54222e-02	1.00000e+00	r	0
2	2.05048e-05	1.32956e-03	 	0
3	3.13708e-08	1.52992e-03	 	0
	1.03730e-10
------------------

	Time step 178 at t=8.90000e-01
1	1.48386e-02	1.00000e+00	r	0
2	1.97313e-05	1.32973e-03	 	0
3	3.70915e-08	1.87984e-03	 	0
	1.02562e-10
------------------

	Time step 179 at t=8.95000e-01
1	1.41690e-02	1.00000e+00	r	0
2	1.83919e-05	1.29804e-03	 	0
3	4.05730e-08	2.20603e-03	 	0
	9.85980e-11
------------------

	Time step 180 at t=9.00000e-01
1	1.34149e-02	1.00000e+00	r	0
2	1.65344e-05	1.23254e-03	 	0
3	4.13924e-08	2.50341e-03	 	0
	9.21667e-11
------------------

	Time step 181 at t=9.05000e-01
1	1.29774e-02	1.00000e+00	r	0
2	1.42162e-05	1.09546e-03	 	0
3	3.93094e-08	2.76511e-03	 	0
	8.35290e-11
------------------

	Time step 182 at t=9.10000e-01
1	1.35742e-02	1.00000e+00	r	0
2	1.57721e-05	1.16192e-03	 	0
3	3.43132e-08	2.17556e-03	 	0
	8.83643e-11
------------------

	Time step 183 at t=9.15000e-01
1	1.38289e-02	1.00000e+00	r	0
2	1.69668e-05	1.22690e-03	 	0
3	3.11208e-08	1.83422e-03	 	0
	9.68294e-11
------------------

	Time step 184 at t=9.20000e-01
1	1.37395e-02	1.00000e+00	r	0
2	1.76184e-05	1.28231e-03	 	0
3	3.57429e-08	2.02873e-03	 	0
	1.04956e-10
------------------

	Time step 185 at t=9.25000e-01
1	1.41637e-02	1.00000e+00	r	0
2	1.86562e-05	1.31719e-03	 	0
3	3.96766e-08	2.12672e-03	 	0
	1.12680e-10
------------------

	Time step 186 at t=9.30000e-01
1	1.50231e-02	1.00000e+00	r	0
2	1.95148e-05	1.29899e-03	 	0
3	4.04440e-08	2.07248e-03	 	0
	1.19913e-10
------------------

	Time step 187 at t=9.35000e-01
1	1.57681e-02	1.00000e+00	r	0
2	2.01664e-05	1.27894e-03	 	0
3	3.79408e-08	1.88139e-03	 	0
	1.26514e-10
------------------

	Time step 188 at t=9.40000e-01
1	1.63836e-02	1.00000e+00	r	0
2	2.05880e-05	1.25662e-03	 	0
3	3.63550e-08	1.76584e-03	 	0
	1.32275e-10
------------------

	Time step 189 at t=9.45000e-01
1	1.68551e-02	1.00000e+00	r	0
2	2.07627e-05	1.23183e-03	 	0
3	3.75455e-08	1.80832e-03	 	0
	1.36934e-10
------------------

	Time step 190 at t=9.50000e-01
1	1.71682e-02	1.00000e+00	r	0
2	2.06810e-05	1.20461e-03	 	0
3	4.33365e-08	2.09547e-03	 	0
	1.40206e-10
------------------

	Time step 191 at t=9.55000e-01
1	1.73099e-02	1.00000e+00	r	0
2	2.03423e-05	1.17519e-03	 	0
3	4.58932e-08	2.25605e-03	 	0
	1.41832e-10
------------------

	Time step 192 at t=9.60000e-01
1	1.72685e-02	1.00000e+00	r	0
2	1.97557e-05	1.14403e-03	 	0
3	4.50136e-08	2.27850e-03	 	0
	1.41621e-10
------------------

	Time step 193 at t=9.65000e-01
1	1.70350e-02	1.00000e+00	r	0
2	1.89406e-05	1.11187e-03	 	0
3	4.07915e-08	2.15365e-03	 	0
	1.39499e-10
------------------

	Time step 194 at t=9.70000e-01
1	1.66027e-02	1.00000e+00	r	0
2	1.79258e-05	1.07969e-03	 	0
3	3.68648e-08	2.05653e-03	 	0
	1.35528e-10
------------------

	Time step 195 at t=9.75000e-01
1	1.59690e-02	1.00000e+00	r	0
2	1.67483e-05	1.04880e-03	 	0
3	3.75311e-08	2.24089e-03	 	0
	1.29905e-10
------------------

	Time step 196 at t=9.80000e-01
1	1.51349e-02	1.00000e+00	r	0
2	1.54513e-05	1.02091e-03	 	0
3	4.20791e-08	2.72334e-03	 	0
	1.22928e-10
------------------

	Time step 197 at t=9.85000e-01
1	1.41058e-02	1.00000e+00	r	0
2	1.55813e-05	1.10461e-03	 	0
3	4.36222e-08	2.79965e-03	 	0
	1.14954e-10
------------------

	Time step 198 at t=9.90000e-01
1	1.28919e-02	1.00000e+00	r	0
2	1.77495e-05	1.37679e-03	 	0
3	4.21358e-08	2.37392e-03	 	0
	1.06354e-10
------------------

	Time step 199 at t=9.95000e-01
1	1.23395e-02	1.00000e+00	r	0
2	1.92863e-05	1.56297e-03	 	0
3	3.78106e-08	1.96050e-03	 	0
	1.13378e-10
------------------

	Time step 200 at t=1.00000e+00
1	1.35862e-02	1.00000e+00	r	0
2	2.01344e-05	1.48198e-03	 	0
3	3.10966e-08	1.54445e-03	 	0
	1.22902e-10
------------------

	Time step 201 at t=1.00500e+00
1	1.47295e-02	1.00000e+00	r	0
2	2.02708e-05	1.37620e-03	 	0
3	3.81200e-08	1.88054e-03	 	0
	1.28398e-10
------------------

	Time step 202 at t=1.01000e+00
1	1.57599e-02	1.00000e+00	r	0
2	1.97048e-05	1.25031e-03	 	0
3	4.24605e-08	2.15483e-03	 	0
	1.30003e-10
------------------

	Time step 203 at t=1.01500e+00
1	1.66692e-02	1.00000e+00	r	0
2	1.84736e-05	1.10825e-03	 	0
3	4.38681e-08	2.37463e-03	 	0
	1.28054e-10
------------------

	Time step 204 at t=1.02000e+00
1	1.74501e-02	1.00000e+00	r	0
2	1.66362e-05	9.53362e-04	 	0
3	4.22951e-08	2.54235e-03	 	0
	1.22943e-10
------------------

	Time step 205 at t=1.02500e+00
1	1.80962e-02	1.00000e+00	r	0
2	1.55443e-05	8.58984e-04	 	0
3	3.78999e-08	2.43818e-03	 	0
	1.14959e-10
------------------

	Time step 206 at t=1.03000e+00
1	1.86019e-02	1.00000e+00	r	0
2	1.80397e-05	9.69776e-04	 	0
3	3.54618e-08	1.96576e-03	 	0
	1.04198e-10
------------------

	Time step 207 at t=1.03500e+00
1	1.89623e-02	1.00000e+00	r	0
2	1.99918e-05	1.05429e-03	 	0
3	3.65306e-08	1.82728e-03	 	0
	1.02675e-10
------------------

	Time step 208 at t=1.04000e+00
1	1.91729e-02	1.00000e+00	r	0
2	2.13366e-05	1.11285e-03	 	0
3	3.66097e-08	1.71581e-03	 	0
	1.17034e-10
------------------

	Time step 209 at t=1.04500e+00
1	1.92295e-02	1.00000e+00	r	0
2	2.20392e-05	1.14611e-03	 	0
3	3.72580e-08	1.69054e-03	 	0
	1.28174e-10
------------------

	Time step 210 at t=1.05000e+00
1	1.91286e-02	1.00000e+00	r	0
2	2.20915e-05	1.15489e-03	 	0
3	3.89349e-08	1.76244e-03	 	0
	1.35529e-10
------------------

	Time step 211 at t=1.05500e+00
1	1.88672e-02	1.00000e+00	r	0
2	2.15084e-05	1.13999e-03	 	0
3	4.00619e-08	1.86262e-03	 	0
	1.38777e-10
------------------

	Time step 212 at t=1.06000e+00
1	1.84428e-02	1.00000e+00	r	0
2	2.03231e-05	1.10195e-03	 	0
3	4.06392e-08	1.99966e-03	 	0
	1.37914e-10
------------------

	Time step 213 at t=1.06500e+00
1	1.78542e-02	1.00000e+00	r	0
2	1.85834e-05	1.04084e-03	 	0
3	4.06922e-08	2.18971e-03	 	0
	1.33219e-10
------------------

	Time step 214 at t=1.07000e+00
1	1.71013e-02	1.00000e+00	r	0
2	1.63497e-05	9.56050e-04	 	0
3	4.02554e-08	2.46215e-03	 	0
	1.25134e-10
------------------

	Time step 215 at t=1.07500e+00
1	1.61855e-02	1.00000e+00	r	0
2	1.58397e-05	9.78641e-04	 	0
3	3.93604e-08	2.48492e-03	 	0
	1.14132e-10
------------------

	Time step 216 at t=1.08000e+00
1	1.51103e-02	1.00000e+00	r	0
2	1.69979e-05	1.12492e-03	 	0
3	3.80303e-08	2.23735e-03	 	0
	1.09509e-10
------------------

	Time step 217 at t=1.08500e+00
1	1.45971e-02	1.00000e+00	r	0
2	1.74832e-05	1.19772e-03	 	0
3	3.62811e-08	2.07520e-03	 	0
	1.15278e-10
------------------

	Time step 218 at t=1.09000e+00
1	1.50691e-02	1.00000e+00	r	0
2	1.72906e-05	1.14742e-03	 	0
3	3.47573e-08	2.01019e-03	 	0
	1.19616e-10
------------------

	Time step 219 at t=1.09500e+00
1	1.54342e-02	1.00000e+00	r	0
2	1.68931e-05	1.09453e-03	 	0
3	3.66572e-08	2.16995e-03	 	0
	1.22633e-10
------------------

	Time step 220 at t=1.10000e+00
1	1.57014e-02	1.00000e+00	r	0
2	1.74033e-05	1.10839e-03	 	0
3	3.55080e-08	2.04031e-03	 	0
	1.24582e-10
------------------

	Time step 221 at t=1.10500e+00
1	1.58791e-02	1.00000e+00	r	0
2	1.77050e-05	1.11499e-03	 	0
3	3.13860e-08	1.77272e-03	 	0
	1.25752e-10
------------------

	Time step 222 at t=1.11000e+00
1	1.59740e-02	1.00000e+00	r	0
2	1.77861e-05	1.11344e-03	 	0
3	3.23779e-08	1.82041e-03	 	0
	1.26324e-10
------------------

	Time step 223 at t=1.11500e+00
1	1.59907e-02	1.00000e+00	r	0
2	1.76361e-05	1.10290e-03	 	0
3	3.36860e-08	1.91007e-03	 	0
	1.26267e-10
------------------

	Time step 224 at t=1.12000e+00
1	1.59319e-02	1.00000e+00	r	0
2	1.72475e-05	1.08258e-03	 	0
3	3.47363e-08	2.01399e-03	 	0
	1.25311e-10
------------------

	Time step 225 at t=1.12500e+00
1	1.57982e-02	1.00000e+00	r	0
2	1.66185e-05	1.05193e-03	 	0
3	3.54912e-08	2.13564e-03	 	0
	1.23032e-10
------------------

	Time step 226 at t=1.13000e+00
1	1.55881e-02	1.00000e+00	r	0
2	1.57555e-05	1.01074e-03	 	0
3	3.59094e-08	2.27916e-03	 	0
	1.19008e-10
------------------

	Time step 227 at t=1.13500e+00
1	1.52986e-02	1.00000e+00	r	0
2	1.46766e-05	9.59342e-04	 	0
3	3.59578e-08	2.45001e-03	 	0
	1.13003e-10
------------------

	Time step 228 at t=1.14000e+00
1	1.49257e-02	1.00000e+00	r	0
2	1.34134e-05	8.98674e-04	 	0
3	3.56202e-08	2.65558e-03	 	0
	1.05074e-10
------------------

	Time step 229 at t=1.14500e+00
1	1.44648e-02	1.00000e+00	r	0
2	1.20112e-05	8.30377e-04	 	0
3	3.83325e-08	3.19139e-03	 	0
	9.55796e-11
------------------

	Time step 230 at t=1.15000e+00
1	1.39112e-02	1.00000e+00	r	0
2	1.45810e-05	1.04815e-03	 	0
3	4.02970e-08	2.76367e-03	 	0
	8.50899e-11
------------------

	Time step 231 at t=1.15500e+00
1	1.32609e-02	1.00000e+00	r	0
2	1.66389e-05	1.25473e-03	 	0
3	3.91635e-08	2.35373e-03	 	0
	7.59387e-11
------------------

	Time step 232 at t=1.16000e+00
1	1.25110e-02	1.00000e+00	r	0
2	1.80826e-05	1.44534e-03	 	0
3	3.51125e-08	1.94179e-03	 	0
	8.70619e-11
------------------

	Time step 233 at t=1.16500e+00
1	1.33280e-02	1.00000e+00	r	0
2	1.88568e-05	1.41483e-03	 	0
3	2.87769e-08	1.52608e-03	 	0
	9.40404e-11
------------------

	Time step 234 at t=1.17000e+00
1	1.45031e-02	1.00000e+00	r	0
2	1.89431e-05	1.30614e-03	 	0
3	2.65931e-08	1.40384e-03	 	0
	9.69264e-11
------------------

	Time step 235 at t=1.17500e+00
1	1.55387e-02	1.00000e+00	r	0
2	1.83589e-05	1.18149e-03	 	0
3	2.75051e-08	1.49819e-03	 	0
	9.60419e-11
------------------

	Time step 236 at t=1.18000e+00
1	1.64342e-02	1.00000e+00	r	0
2	1.71524e-05	1.04370e-03	 	0
3	2.76954e-08	1.61467e-03	 	0
	9.18798e-11
------------------

	Time step 237 at t=1.18500e+00
1	1.71907e-02	1.00000e+00	r	0
2	1.53952e-05	8.95551e-04	 	0
3	2.56037e-08	1.66310e-03	 	0
	8.49879e-11
------------------

	Time step 238 at t=1.19000e+00
1	1.78109e-02	1.00000e+00	r	0
2	1.31737e-05	7.39642e-04	 	0
3	2.46396e-08	1.87036e-03	 	0
	7.58670e-11
------------------

	Time step 239 at t=1.19500e+00
1	1.82979e-02	1.00000e+00	r	0
2	1.37615e-05	7.52082e-04	 	0
3	2.47577e-08	1.79905e-03	 	0
	6.49162e-11
------------------

	Time step 240 at t=1.20000e+00
1	1.86552e-02	1.00000e+00	r	0
2	1.51757e-05	8.13484e-04	 	0
3	2.97446e-08	1.96001e-03	 	0
	6.71789e-11
------------------

	Time step 241 at t=1.20500e+00
1	1.88860e-02	1.00000e+00	r	0
2	1.60624e-05	8.50493e-04	 	0
3	3.22910e-08	2.01035e-03	 	0
	7.40281e-11
------------------

	Time step 242 at t=1.21000e+00
1	1.89927e-02	1.00000e+00	r	0
2	1.64161e-05	8.64338e-04	 	0
3	3.21965e-08	1.96127e-03	 	0
	7.80929e-11
------------------

	Time step 243 at t=1.21500e+00
1	1.89770e-02	1.00000e+00	r	0
2	1.62522e-05	8.56414e-04	 	0
3	2.94531e-08	1.81226e-03	 	0
	7.93722e-11
------------------

	Time step 244 at t=1.22000e+00
1	1.88395e-02	1.00000e+00	r	0
2	1.56011e-05	8.28105e-04	 	0
3	2.42667e-08	1.55545e-03	 	0
	7.80656e-11
------------------

	Time step 245 at t=1.22500e+00
1	1.85801e-02	1.00000e+00	r	0
2	1.45038e-05	7.80612e-04	 	0
3	2.79717e-08	1.92857e-03	 	0
	7.45345e-11
------------------

	Time step 246 at t=1.23000e+00
1	1.81978e-02	1.00000e+00	r	0
2	1.30084e-05	7.14833e-04	 	0
3	3.09460e-08	2.37893e-03	 	0
	6.92051e-11
------------------

	Time step 247 at t=1.23500e+00
1	1.76915e-02	1.00000e+00	r	0
2	1.14525e-05	6.47347e-04	 	0
3	3.14472e-08	2.74587e-03	 	0
	6.24507e-11
------------------

	Time step 248 at t=1.24000e+00
1	1.70599e-02	1.00000e+00	r	0
2	1.28726e-05	7.54552e-04	 	0
3	2.93694e-08	2.28155e-03	 	0
	5.70357e-11
------------------

	Time step 249 at t=1.24500e+00
1	1.63023e-02	1.00000e+00	r	0
2	1.37336e-05	8.42434e-04	 	0
3	2.48380e-08	1.80856e-03	 	0
	6.31339e-11
------------------

	Time step 250 at t=1.25000e+00
1	1.54186e-02	1.00000e+00	r	0
2	1.40129e-05	9.08832e-04	 	0
3	2.46843e-08	1.76153e-03	 	0
	6.87584e-11
------------------

	Time step 251 at t=1.25500e+00
1	1.44103e-02	1.00000e+00	r	0
2	1.37828e-05	9.56452e-04	 	0
3	2.89361e-08	2.09943e-03	 	0
	7.37440e-11
------------------

	Time step 252 at t=1.26000e+00
1	1.44429e-02	1.00000e+00	r	0
2	1.44665e-05	1.00163e-03	 	0
3	3.05924e-08	2.11471e-03	 	0
	7.79732e-11
------------------

	Time step 253 at t=1.26500e+00
1	1.55647e-02	1.00000e+00	r	0
2	1.49646e-05	9.61444e-04	 	0
3	2.95489e-08	1.97458e-03	 	0
	8.13600e-11
------------------

	Time step 254 at t=1.27000e+00
1	1.65750e-02	1.00000e+00	r	0
2	1.52624e-05	9.20810e-04	 	0
3	2.59499e-08	1.70025e-03	 	0
	8.38315e-11
------------------

	Time step 255 at t=1.27500e+00
1	1.74592e-02	1.00000e+00	r	0
2	1.53518e-05	8.79291e-04	 	0
3	2.57513e-08	1.67742e-03	 	0
	8.53161e-11
------------------

	Time step 256 at t=1.28000e+00
1	1.82032e-02	1.00000e+00	r	0
2	1.52313e-05	8.36742e-04	 	0
3	2.83203e-08	1.85935e-03	 	0
	8.57441e-11
------------------

	Time step 257 at t=1.28500e+00
1	1.87926e-02	1.00000e+00	r	0
2	1.49064e-05	7.93204e-04	 	0
3	3.09686e-08	2.07754e-03	 	0
	8.50621e-11
------------------

	Time step 258 at t=1.29000e+00
1	1.92144e-02	1.00000e+00	r	0
2	1.43886e-05	7.48846e-04	 	0
3	3.11654e-08	2.16597e-03	 	0
	8.32556e-11
------------------

	Time step 259 at t=1.29500e+00
1	1.94566e-02	1.00000e+00	r	0
2	1.36960e-05	7.03929e-04	 	0
3	2.89942e-08	2.11698e-03	 	0
	8.03736e-11
------------------

	Time step 260 at t=1.30000e+00
1	1.95092e-02	1.00000e+00	r	0
2	1.28524e-05	6.58789e-04	 	0
3	2.47270e-08	1.92392e-03	 	0
	7.65418e-11
------------------

	Time step 261 at t=1.30500e+00
1	1.93650e-02	1.00000e+00	r	0
2	1.18867e-05	6.13827e-04	 	0
3	2.52067e-08	2.12058e-03	 	0
	7.19588e-11
------------------

	Time step 262 at t=1.31000e+00
1	1.90196e-02	1.00000e+00	r	0
2	1.08315e-05	5.69495e-04	 	0
3	2.88951e-08	2.66769e-03	 	0
	6.68687e-11
------------------

	Time step 263 at t=1.31500e+00
1	1.84722e-02	1.00000e+00	r	0
2	1.10946e-05	6.00613e-04	 	0
3	3.05172e-08	2.75062e-03	 	0
	6.15203e-11
------------------

	Time step 264 at t=1.32000e+00
1	1.77260e-02	1.00000e+00	r	0
2	1.23857e-05	6.98733e-04	 	0
3	3.00568e-08	2.42673e-03	 	0
	5.77228e-11
------------------

	Time step 265 at t=1.32500e+00
1	1.67878e-02	1.00000e+00	r	0
2	1.32203e-05	7.87493e-04	 	0
3	2.76346e-08	2.09032e-03	 	0
	6.35480e-11
------------------

	Time step 266 at t=1.33000e+00
1	1.56688e-02	1.00000e+00	r	0
2	1.35800e-05	8.66691e-04	 	0
3	2.34816e-08	1.72913e-03	 	0
	6.73132e-11
------------------

	Time step 267 at t=1.33500e+00
1	1.43835e-02	1.00000e+00	r	0
2	1.34682e-05	9.36365e-04	 	0
3	2.28646e-08	1.69768e-03	 	0
	6.91132e-11
------------------

	Time step 268 at t=1.34000e+00
1	1.29499e-02	1.00000e+00	r	0
2	1.29070e-05	9.96688e-04	 	0
3	2.65200e-08	2.05470e-03	 	0
	6.90990e-11
------------------

	Time step 269 at t=1.34500e+00
1	1.40155e-02	1.00000e+00	r	0
2	1.19329e-05	8.51406e-04	 	0
3	2.84137e-08	2.38113e-03	 	0
	6.74281e-11
------------------

	Time step 270 at t=1.35000e+00
1	1.52939e-02	1.00000e+00	r	0
2	1.19282e-05	7.79928e-04	 	0
3	2.84189e-08	2.38250e-03	 	0
	6.42210e-11
------------------

	Time step 271 at t=1.35500e+00
1	1.64561e-02	1.00000e+00	r	0
2	1.25197e-05	7.60793e-04	 	0
3	2.65072e-08	2.11724e-03	 	0
	6.09298e-11
------------------

	Time step 272 at t=1.36000e+00
1	1.74926e-02	1.00000e+00	r	0
2	1.28614e-05	7.35248e-04	 	0
3	2.28194e-08	1.77425e-03	 	0
	6.42604e-11
------------------

	Time step 273 at t=1.36500e+00
1	1.83944e-02	1.00000e+00	r	0
2	1.37003e-05	7.44806e-04	 	0
3	2.38843e-08	1.74334e-03	 	0
	6.62085e-11
------------------

	Time step 274 at t=1.37000e+00
1	1.91532e-02	1.00000e+00	r	0
2	1.44437e-05	7.54114e-04	 	0
3	2.44141e-08	1.69029e-03	 	0
	6.65791e-11
------------------

	Time step 275 at t=1.37500e+00
1	1.97610e-02	1.00000e+00	r	0
2	1.47961e-05	7.48753e-04	 	0
3	2.55044e-08	1.72373e-03	 	0
	7.17190e-11
------------------

	Time step 276 at t=1.38000e+00
1	2.02106e-02	1.00000e+00	r	0
2	1.47627e-05	7.30447e-04	 	0
3	2.44685e-08	1.65745e-03	 	0
	7.49159e-11
------------------

	Time step 277 at t=1.38500e+00
1	2.04954e-02	1.00000e+00	r	0
2	1.43608e-05	7.00686e-04	 	0
3	2.13838e-08	1.48904e-03	 	0
	7.60443e-11
------------------

	Time step 278 at t=1.39000e+00
1	2.06097e-02	1.00000e+00	r	0
2	1.36159e-05	6.60656e-04	 	0
3	1.99934e-08	1.46838e-03	 	0
	7.51625e-11
------------------

	Time step 279 at t=1.39500e+00
1	2.05488e-02	1.00000e+00	r	0
2	1.25590e-05	6.11178e-04	 	0
3	2.21824e-08	1.76626e-03	 	0
	7.24227e-11
------------------

	Time step 280 at t=1.40000e+00
1	2.03093e-02	1.00000e+00	r	0
2	1.12246e-05	5.52683e-04	 	0
3	2.51662e-08	2.24206e-03	 	0
	6.80118e-11
------------------

	Time step 281 at t=1.40500e+00
1	1.98890e-02	1.00000e+00	r	0
2	1.08960e-05	5.47839e-04	 	0
3	2.61905e-08	2.40368e-03	 	0
	6.21000e-11
------------------

	Time step 282 at t=1.41000e+00
1	1.92878e-02	1.00000e+00	r	0
2	1.16906e-05	6.06114e-04	 	0
3	2.52311e-08	2.15824e-03	 	0
	5.76884e-11
------------------

	Time step 283 at t=1.41500e+00
1	1.85074e-02	1.00000e+00	r	0
2	1.20679e-05	6.52058e-04	 	0
3	2.24190e-08	1.85774e-03	 	0
	6.25590e-11
------------------

	Time step 284 at t=1.42000e+00
1	1.75516e-02	1.00000e+00	r	0
2	1.30874e-05	7.45650e-04	 	0
3	2.11505e-08	1.61610e-03	 	0
	6.64222e-11
------------------

	Time step 285 at t=1.42500e+00
1	1.64270e-02	1.00000e+00	r	0
2	1.38802e-05	8.44963e-04	 	0
3	2.37917e-08	1.71408e-03	 	0
	6.91814e-11
------------------

	Time step 286 at t=1.43000e+00
1	1.51423e-02	1.00000e+00	r	0
2	1.42339e-05	9.40013e-04	 	0
3	2.44481e-08	1.71759e-03	 	0
	7.08832e-11
------------------

	Time step 287 at t=1.43500e+00
1	1.48647e-02	1.00000e+00	r	0
2	1.41539e-05	9.52183e-04	 	0
3	2.30957e-08	1.63176e-03	 	0
	7.17018e-11
------------------

	Time step 288 at t=1.44000e+00
1	1.54917e-02	1.00000e+00	r	0
2	1.36618e-05	8.81881e-04	 	0
3	1.98760e-08	1.45486e-03	 	0
	7.18868e-11
------------------

	Time step 289 at t=1.44500e+00
1	1.60172e-02	1.00000e+00	r	0
2	1.27922e-05	7.98655e-04	 	0
3	1.96373e-08	1.53509e-03	 	0
	7.16871e-11
------------------

	Time step 290 at t=1.45000e+00
1	1.64418e-02	1.00000e+00	r	0
2	1.19316e-05	7.25687e-04	 	0
3	2.09151e-08	1.75292e-03	 	0
	7.12765e-11
------------------

	Time step 291 at t=1.45500e+00
1	1.67649e-02	1.00000e+00	r	0
2	1.18271e-05	7.05470e-04	 	0
3	2.16460e-08	1.83021e-03	 	0
	7.07023e-11
------------------

	Time step 292 at t=1.46000e+00
1	1.69851e-02	1.00000e+00	r	0
2	1.16029e-05	6.83120e-04	 	0
3	2.18047e-08	1.87925e-03	 	0
	6.98788e-11
------------------

	Time step 293 at t=1.46500e+00
1	1.71004e-02	1.00000e+00	r	0
2	1.12628e-05	6.58630e-04	 	0
3	2.13814e-08	1.89841e-03	 	0
	6.86255e-11
------------------

	Time step 294 at t=1.47000e+00
1	1.71079e-02	1.00000e+00	r	0
2	1.08116e-05	6.31969e-04	 	0
3	2.07239e-08	1.91682e-03	 	0
	6.67329e-11
------------------

	Time step 295 at t=1.47500e+00
1	1.70046e-02	1.00000e+00	r	0
2	1.02566e-05	6.03165e-04	 	0
3	2.24618e-08	2.18999e-03	 	0
	6.40331e-11
------------------

	Time step 296 at t=1.48000e+00
1	1.67875e-02	1.00000e+00	r	0
2	9.60886e-06	5.72381e-04	 	0
3	2.60769e-08	2.71383e-03	 	0
	6.04502e-11
------------------

	Time step 297 at t=1.48500e+00
1	1.64541e-02	1.00000e+00	r	0
2	9.17657e-06	5.57707e-04	 	0
3	2.80249e-08	3.05396e-03	 	0
	5.60224e-11
------------------

	Time step 298 at t=1.49000e+00
1	1.60023e-02	1.00000e+00	r	0
2	1.06745e-05	6.67058e-04	 	0
3	2.81423e-08	2.63641e-03	 	0
	5.08934e-11
------------------

	Time step 299 at t=1.49500e+00
1	1.54310e-02	1.00000e+00	r	0
2	1.18780e-05	7.69749e-04	 	0
3	2.63900e-08	2.22175e-03	 	0
	5.74838e-11
------------------

	Time step 300 at t=1.50000e+00
1	1.47402e-02	1.00000e+00	r	0
2	1.27470e-05	8.64783e-04	 	0
3	2.28703e-08	1.79416e-03	 	0
	6.32274e-11
------------------

	Time step 301 at t=1.50500e+00
1	1.39309e-02	1.00000e+00	r	0
2	1.32557e-05	9.51532e-04	 	0
3	1.91371e-08	1.44368e-03	 	0
	6.66036e-11
------------------

	Time step 302 at t=1.51000e+00
1	1.30057e-02	1.00000e+00	r	0
2	1.33935e-05	1.02982e-03	 	0
3	1.84562e-08	1.37799e-03	 	0
	6.75054e-11
------------------

	Time step 303 at t=1.51500e+00
1	1.42013e-02	1.00000e+00	r	0
2	1.31646e-05	9.27000e-04	 	0
3	2.08794e-08	1.58602e-03	 	0
	6.60420e-11
------------------

	Time step 304 at t=1.52000e+00
1	1.53391e-02	1.00000e+00	r	0
2	1.25855e-05	8.20484e-04	 	0
3	2.25810e-08	1.79421e-03	 	0
	6.25092e-11
------------------

	Time step 305 at t=1.52500e+00
1	1.63408e-02	1.00000e+00	r	0
2	1.16824e-05	7.14922e-04	 	0
3	2.34777e-08	2.00966e-03	 	0
	5.73136e-11
------------------

	Time step 306 at t=1.53000e+00
1	1.72048e-02	1.00000e+00	r	0
2	1.04880e-05	6.09598e-04	 	0
3	2.35264e-08	2.24317e-03	 	0
	5.19575e-11
------------------

	Time step 307 at t=1.53500e+00
1	1.79307e-02	1.00000e+00	r	0
2	9.89266e-06	5.51716e-04	 	0
3	2.27288e-08	2.29754e-03	 	0
	4.79321e-11
------------------

	Time step 308 at t=1.54000e+00
1	1.85187e-02	1.00000e+00	r	0
2	1.10252e-05	5.95352e-04	 	0
3	2.39052e-08	2.16824e-03	 	0
	5.17205e-11
------------------

	Time step 309 at t=1.54500e+00
1	1.89695e-02	1.00000e+00	r	0
2	1.18536e-05	6.24874e-04	 	0
3	2.56678e-08	2.16541e-03	 	0
	5.67937e-11
------------------

	Time step 310 at t=1.55000e+00
1	1.92837e-02	1.00000e+00	r	0
2	1.23383e-05	6.39830e-04	 	0
3	2.55335e-08	2.06946e-03	 	0
	6.01452e-11
------------------

	Time step 311 at t=1.55500e+00
1	1.94614e-02	1.00000e+00	r	0
2	1.24534e-05	6.39905e-04	 	0
3	2.34665e-08	1.88434e-03	 	0
	6.16358e-11
------------------

	Time step 312 at t=1.56000e+00
1	1.95027e-02	1.00000e+00	r	0
2	1.23639e-05	6.33960e-04	 	0
3	1.96133e-08	1.58633e-03	 	0
	6.15091e-11
------------------

	Time step 313 at t=1.56500e+00
1	1.94071e-02	1.00000e+00	r	0
2	1.21824e-05	6.27728e-04	 	0
3	2.33292e-08	1.91499e-03	 	0
	6.09622e-11
------------------

	Time step 314 at t=1.57000e+00
1	1.91739e-02	1.00000e+00	r	0
2	1.17141e-05	6.10941e-04	 	0
3	2.55450e-08	2.18071e-03	 	0
	5.90709e-11
------------------

	Time step 315 at t=1.57500e+00
1	1.88020e-02	1.00000e+00	r	0
2	1.09665e-05	5.83263e-04	 	0
3	2.60044e-08	2.37126e-03	 	0
	5.59467e-11
------------------

	Time step 316 at t=1.58000e+00
1	1.82906e-02	1.00000e+00	r	0
2	9.95182e-06	5.44094e-04	 	0
3	2.45703e-08	2.46892e-03	 	0
	5.16674e-11
------------------

	Time step 317 at t=1.58500e+00
1	1.76394e-02	1.00000e+00	r	0
2	9.93879e-06	5.63442e-04	 	0
3	2.12484e-08	2.13793e-03	 	0
	5.43338e-11
------------------

	Time step 318 at t=1.59000e+00
1	1.68486e-02	1.00000e+00	r	0
2	1.08863e-05	6.46125e-04	 	0
3	2.07249e-08	1.90376e-03	 	0
	6.06203e-11
------------------

	Time step 319 at t=1.59500e+00
1	1.59196e-02	1.00000e+00	r	0
2	1.17905e-05	7.40628e-04	 	0
3	2.51871e-08	2.13622e-03	 	0
	6.67859e-11
------------------

	Time step 320 at t=1.60000e+00
1	1.48550e-02	1.00000e+00	r	0
2	1.26257e-05	8.49932e-04	 	0
3	2.76844e-08	2.19270e-03	 	0
	7.26775e-11
------------------

	Time step 321 at t=1.60500e+00
1	1.53518e-02	1.00000e+00	r	0
2	1.33677e-05	8.70756e-04	 	0
3	2.79821e-08	2.09327e-03	 	0
	7.81616e-11
------------------

	Time step 322 at t=1.61000e+00
1	1.65397e-02	1.00000e+00	r	0
2	1.39936e-05	8.46061e-04	 	0
3	2.60256e-08	1.85982e-03	 	0
	8.31245e-11
------------------

	Time step 323 at t=1.61500e+00
1	1.75932e-02	1.00000e+00	r	0
2	1.44831e-05	8.23221e-04	 	0
3	2.35942e-08	1.62909e-03	 	0
	8.74626e-11
------------------

	Time step 324 at t=1.62000e+00
1	1.84967e-02	1.00000e+00	r	0
2	1.48184e-05	8.01137e-04	 	0
3	2.56808e-08	1.73304e-03	 	0
	9.10667e-11
------------------

	Time step 325 at t=1.62500e+00
1	1.92356e-02	1.00000e+00	r	0
2	1.49856e-05	7.79054e-04	 	0
3	2.94552e-08	1.96557e-03	 	0
	9.38116e-11
------------------

	Time step 326 at t=1.63000e+00
1	1.97962e-02	1.00000e+00	r	0
2	1.49751e-05	7.56462e-04	 	0
3	3.11413e-08	2.07954e-03	 	0
	9.55605e-11
------------------

	Time step 327 at t=1.63500e+00
1	2.01665e-02	1.00000e+00	r	0
2	1.47829e-05	7.33045e-04	 	0
3	3.06011e-08	2.07003e-03	 	0
	9.61870e-11
------------------

	Time step 328 at t=1.64000e+00
1	2.03362e-02	1.00000e+00	r	0
2	1.44113e-05	7.08652e-04	 	0
3	2.78695e-08	1.93386e-03	 	0
	9.56074e-11
------------------

	Time step 329 at t=1.64500e+00
1	2.02979e-02	1.00000e+00	r	0
2	1.38692e-05	6.83284e-04	 	0
3	2.52384e-08	1.81974e-03	 	0
	9.38110e-11
------------------

	Time step 330 at t=1.65000e+00
1	2.00468e-02	1.00000e+00	r	0
2	1.31724e-05	6.57079e-04	 	0
3	2.82296e-08	2.14310e-03	 	0
	9.08708e-11
------------------

	Time step 331 at t=1.65500e+00
1	1.95815e-02	1.00000e+00	r	0
2	1.23423e-05	6.30303e-04	 	0
3	3.20154e-08	2.59396e-03	 	0
	8.69327e-11
------------------

	Time step 332 at t=1.66000e+00
1	1.89040e-02	1.00000e+00	r	0
2	1.14605e-05	6.06245e-04	 	0
3	3.37607e-08	2.94584e-03	 	0
	8.21866e-11
------------------

	Time step 333 at t=1.66500e+00
1	1.80202e-02	1.00000e+00	r	0
2	1.12305e-05	6.23219e-04	 	0
3	3.33541e-08	2.96996e-03	 	0
	7.68352e-11
------------------

	Time step 334 at t=1.67000e+00
1	1.69395e-02	1.00000e+00	r	0
2	1.14143e-05	6.73831e-04	 	0
3	3.08148e-08	2.69966e-03	 	0
	7.59161e-11
------------------

	Time step 335 at t=1.67500e+00
1	1.56751e-02	1.00000e+00	r	0
2	1.26442e-05	8.06641e-04	 	0
3	2.62892e-08	2.07916e-03	 	0
	8.50578e-11
------------------

	Time step 336 at t=1.68000e+00
1	1.42437e-02	1.00000e+00	r	0
2	1.34826e-05	9.46567e-04	 	0
3	2.90917e-08	2.15772e-03	 	0
	9.18238e-11
------------------

	Time step 337 at t=1.68500e+00
1	1.36298e-02	1.00000e+00	r	0
2	1.38934e-05	1.01934e-03	 	0
3	3.32066e-08	2.39009e-03	 	0
	9.60440e-11
------------------

	Time step 338 at t=1.69000e+00
1	1.50388e-02	1.00000e+00	r	0
2	1.38546e-05	9.21254e-04	 	0
3	3.51927e-08	2.54015e-03	 	0
	9.76431e-11
------------------

	Time step 339 at t=1.69500e+00
1	1.63233e-02	1.00000e+00	r	0
2	1.42616e-05	8.73696e-04	 	0
3	3.48512e-08	2.44371e-03	 	0
	9.66078e-11
------------------

	Time step 340 at t=1.70000e+00
1	1.74723e-02	1.00000e+00	r	0
2	1.49315e-05	8.54577e-04	 	0
3	3.21463e-08	2.15292e-03	 	0
	9.29568e-11
------------------

	Time step 341 at t=1.70500e+00
1	1.84763e-02	1.00000e+00	r	0
2	1.52722e-05	8.26582e-04	 	0
3	2.76027e-08	1.80739e-03	 	0
	9.45002e-11
------------------

	Time step 342 at t=1.71000e+00
1	1.93263e-02	1.00000e+00	r	0
2	1.52610e-05	7.89653e-04	 	0
3	2.87824e-08	1.88600e-03	 	0
	9.65346e-11
------------------

	Time step 343 at t=1.71500e+00
1	2.00145e-02	1.00000e+00	r	0
2	1.48834e-05	7.43630e-04	 	0
3	2.92487e-08	1.96519e-03	 	0
	9.62680e-11
------------------

	Time step 344 at t=1.72000e+00
1	2.05341e-02	1.00000e+00	r	0
2	1.60332e-05	7.80809e-04	 	0
3	2.98231e-08	1.86009e-03	 	0
	9.84849e-11
------------------

	Time step 345 at t=1.72500e+00
1	2.08790e-02	1.00000e+00	r	0
2	1.69871e-05	8.13598e-04	 	0
3	3.01877e-08	1.77710e-03	 	0
	1.07058e-10
------------------

	Time step 346 at t=1.73000e+00
1	2.10440e-02	1.00000e+00	r	0
2	1.75098e-05	8.32055e-04	 	0
3	3.17277e-08	1.81199e-03	 	0
	1.12911e-10
------------------

	Time step 347 at t=1.73500e+00
1	2.10252e-02	1.00000e+00	r	0
2	1.75808e-05	8.36177e-04	 	0
3	3.29278e-08	1.87295e-03	 	0
	1.15873e-10
------------------

	Time step 348 at t=1.74000e+00
1	2.08193e-02	1.00000e+00	r	0
2	1.71914e-05	8.25743e-04	 	0
3	3.37750e-08	1.96465e-03	 	0
	1.15912e-10
------------------

	Time step 349 at t=1.74500e+00
1	2.04247e-02	1.00000e+00	r	0
2	1.63449e-05	8.00252e-04	 	0
3	3.42598e-08	2.09605e-03	 	0
	1.13091e-10
------------------

	Time step 350 at t=1.75000e+00
1	1.98412e-02	1.00000e+00	r	0
2	1.50566e-05	7.58854e-04	 	0
3	3.43717e-08	2.28284e-03	 	0
	1.07521e-10
------------------

	Time step 351 at t=1.75500e+00
1	1.90702e-02	1.00000e+00	r	0
2	1.33543e-05	7.00270e-04	 	0
3	3.40970e-08	2.55326e-03	 	0
	9.93154e-11
------------------

	Time step 352 at t=1.76000e+00
1	1.81153e-02	1.00000e+00	r	0
2	1.38943e-05	7.66994e-04	 	0
3	3.34200e-08	2.40530e-03	 	0
	9.70094e-11
------------------

	Time step 353 at t=1.76500e+00
1	1.69822e-02	1.00000e+00	r	0
2	1.48830e-05	8.76386e-04	 	0
3	3.23274e-08	2.17210e-03	 	0
	1.04226e-10
------------------

	Time step 354 at t=1.77000e+00
1	1.56792e-02	1.00000e+00	r	0
2	1.54073e-05	9.82655e-04	 	0
3	3.28396e-08	2.13143e-03	 	0
	1.10524e-10
------------------

	Time step 355 at t=1.77500e+00
1	1.54869e-02	1.00000e+00	r	0
2	1.54604e-05	9.98290e-04	 	0
3	3.42134e-08	2.21298e-03	 	0
	1.15913e-10
------------------

	Time step 356 at t=1.78000e+00
1	1.61590e-02	1.00000e+00	r	0
2	1.50533e-05	9.31571e-04	 	0
3	3.28639e-08	2.18317e-03	 	0
	1.20484e-10
------------------

	Time step 357 at t=1.78500e+00
1	1.67196e-02	1.00000e+00	r	0
2	1.50302e-05	8.98960e-04	 	0
3	2.88369e-08	1.91860e-03	 	0
	1.24349e-10
------------------

	Time step 358 at t=1.79000e+00
1	1.71706e-02	1.00000e+00	r	0
2	1.54733e-05	9.01151e-04	 	0
3	2.97945e-08	1.92555e-03	 	0
	1.27556e-10
------------------

	Time step 359 at t=1.79500e+00
1	1.75131e-02	1.00000e+00	r	0
2	1.57202e-05	8.97627e-04	 	0
3	3.16835e-08	2.01546e-03	 	0
	1.30016e-10
------------------

	Time step 360 at t=1.80000e+00
1	1.77471e-02	1.00000e+00	r	0
2	1.57563e-05	8.87824e-04	 	0
3	3.33692e-08	2.11783e-03	 	0
	1.31475e-10
------------------

	Time step 361 at t=1.80500e+00
1	1.78713e-02	1.00000e+00	r	0
2	1.55712e-05	8.71296e-04	 	0
3	3.48224e-08	2.23633e-03	 	0
	1.31549e-10
------------------

	Time step 362 at t=1.81000e+00
1	1.78831e-02	1.00000e+00	r	0
2	1.51610e-05	8.47784e-04	 	0
3	3.60066e-08	2.37495e-03	 	0
	1.29827e-10
------------------

	Time step 363 at t=1.81500e+00
1	1.77792e-02	1.00000e+00	r	0
2	1.45308e-05	8.17288e-04	 	0
3	3.68849e-08	2.53840e-03	 	0
	1.26002e-10
------------------

	Time step 364 at t=1.82000e+00
1	1.75558e-02	1.00000e+00	r	0
2	1.39119e-05	7.92441e-04	 	0
3	3.74249e-08	2.69013e-03	 	0
	1.19990e-10
------------------

	Time step 365 at t=1.82500e+00
1	1.72088e-02	1.00000e+00	r	0
2	1.36167e-05	7.91268e-04	 	0
3	3.84396e-08	2.82297e-03	 	0
	1.11975e-10
------------------

	Time step 366 at t=1.83000e+00
1	1.67345e-02	1.00000e+00	r	0
2	1.27578e-05	7.62364e-04	 	0
3	4.09503e-08	3.20982e-03	 	0
	1.02386e-10
------------------

	Time step 367 at t=1.83500e+00
1	1.61304e-02	1.00000e+00	r	0
2	1.32437e-05	8.21044e-04	 	0
3	4.05107e-08	3.05885e-03	 	0
	9.18007e-11
------------------

	Time step 368 at t=1.84000e+00
1	1.53948e-02	1.00000e+00	r	0
2	1.55165e-05	1.00790e-03	 	0
3	3.71585e-08	2.39478e-03	 	0
	1.03549e-10
------------------

	Time step 369 at t=1.84500e+00
1	1.45282e-02	1.00000e+00	r	0
2	1.72986e-05	1.19069e-03	 	0
3	3.44572e-08	1.99191e-03	 	0
	1.15712e-10
------------------

	Time step 370 at t=1.85000e+00
1	1.35925e-02	1.00000e+00	r	0
2	1.85217e-05	1.36264e-03	 	0
3	3.27427e-08	1.76781e-03	 	0
	1.23244e-10
------------------

	Time step 371 at t=1.85500e+00
1	1.49118e-02	1.00000e+00	r	0
2	1.91440e-05	1.28382e-03	 	0
3	3.07189e-08	1.60462e-03	 	0
	1.26127e-10
------------------

	Time step 372 at t=1.86000e+00
1	1.60873e-02	1.00000e+00	r	0
2	1.91513e-05	1.19046e-03	 	0
3	3.20316e-08	1.67255e-03	 	0
	1.24732e-10
------------------

	Time step 373 at t=1.86500e+00
1	1.71163e-02	1.00000e+00	r	0
2	1.85540e-05	1.08399e-03	 	0
3	3.27436e-08	1.76477e-03	 	0
	1.19693e-10
------------------

	Time step 374 at t=1.87000e+00
1	1.79976e-02	1.00000e+00	r	0
2	1.73828e-05	9.65839e-04	 	0
3	3.22617e-08	1.85596e-03	 	0
	1.11703e-10
------------------

	Time step 375 at t=1.87500e+00
1	1.87312e-02	1.00000e+00	r	0
2	1.56838e-05	8.37311e-04	 	0
3	3.06373e-08	1.95343e-03	 	0
	1.01319e-10
------------------

	Time step 376 at t=1.88000e+00
1	1.93180e-02	1.00000e+00	r	0
2	1.35145e-05	6.99583e-04	 	0
3	3.20742e-08	2.37331e-03	 	0
	8.88536e-11
------------------

	Time step 377 at t=1.88500e+00
1	1.97590e-02	1.00000e+00	r	0
2	1.52728e-05	7.72957e-04	 	0
3	3.59642e-08	2.35479e-03	 	0
	9.31450e-11
------------------

	Time step 378 at t=1.89000e+00
1	2.00551e-02	1.00000e+00	r	0
2	1.69925e-05	8.47291e-04	 	0
3	3.70391e-08	2.17973e-03	 	0
	1.04992e-10
------------------

	Time step 379 at t=1.89500e+00
1	2.02069e-02	1.00000e+00	r	0
2	1.82206e-05	9.01700e-04	 	0
3	3.51458e-08	1.92891e-03	 	0
	1.14062e-10
------------------

	Time step 380 at t=1.90000e+00
1	2.02145e-02	1.00000e+00	r	0
2	1.89241e-05	9.36166e-04	 	0
3	3.03408e-08	1.60329e-03	 	0
	1.20043e-10
------------------

	Time step 381 at t=1.90500e+00
1	2.00773e-02	1.00000e+00	r	0
2	1.90843e-05	9.50541e-04	 	0
3	3.02913e-08	1.58724e-03	 	0
	1.22809e-10
------------------

	Time step 382 at t=1.91000e+00
1	1.97945e-02	1.00000e+00	r	0
2	1.86954e-05	9.44475e-04	 	0
3	3.50912e-08	1.87700e-03	 	0
	1.22411e-10
------------------

	Time step 383 at t=1.91500e+00
1	1.93651e-02	1.00000e+00	r	0
2	1.77646e-05	9.17351e-04	 	0
3	3.73227e-08	2.10096e-03	 	0
	1.18990e-10
------------------

	Time step 384 at t=1.92000e+00
1	1.87882e-02	1.00000e+00	r	0
2	1.63125e-05	8.68230e-04	 	0
3	3.66430e-08	2.24631e-03	 	0
	1.12652e-10
------------------

	Time step 385 at t=1.92500e+00
1	1.80636e-02	1.00000e+00	r	0
2	1.43752e-05	7.95809e-04	 	0
3	3.29370e-08	2.29124e-03	 	0
	1.03389e-10
------------------

	Time step 386 at t=1.93000e+00
1	1.71918e-02	1.00000e+00	r	0
2	1.51377e-05	8.80519e-04	 	0
3	2.96182e-08	1.95658e-03	 	0
	1.00879e-10
------------------

	Time step 387 at t=1.93500e+00
1	1.61748e-02	1.00000e+00	r	0
2	1.63899e-05	1.01330e-03	 	0
3	3.69036e-08	2.25161e-03	 	0
	1.12375e-10
------------------

	Time step 388 at t=1.94000e+00
1	1.50161e-02	1.00000e+00	r	0
2	1.70034e-05	1.13235e-03	 	0
3	4.11963e-08	2.42283e-03	 	0
	1.23174e-10
------------------

	Time step 389 at t=1.94500e+00
1	1.55255e-02	1.00000e+00	r	0
2	1.69584e-05	1.09229e-03	 	0
3	4.20588e-08	2.48011e-03	 	0
	1.32984e-10
------------------

	Time step 390 at t=1.95000e+00
1	1.66721e-02	1.00000e+00	r	0
2	1.75413e-05	1.05213e-03	 	0
3	3.93611e-08	2.24391e-03	 	0
	1.41567e-10
------------------

	Time step 391 at t=1.95500e+00
1	1.76927e-02	1.00000e+00	r	0
2	1.82368e-05	1.03075e-03	 	0
3	3.76064e-08	2.06212e-03	 	0
	1.48693e-10
------------------

	Time step 392 at t=1.96000e+00
1	1.85733e-02	1.00000e+00	r	0
2	1.86832e-05	1.00591e-03	 	0
3	3.93542e-08	2.10640e-03	 	0
	1.54102e-10
------------------

	Time step 393 at t=1.96500e+00
1	1.93000e-02	1.00000e+00	r	0
2	1.88616e-05	9.77284e-04	 	0
3	4.15853e-08	2.20476e-03	 	0
	1.57502e-10
------------------

	Time step 394 at t=1.97000e+00
1	1.98588e-02	1.00000e+00	r	0
2	1.87619e-05	9.44768e-04	 	0
3	4.40018e-08	2.34527e-03	 	0
	1.58616e-10
------------------

	Time step 395 at t=1.97500e+00
1	2.02364e-02	1.00000e+00	r	0
2	1.83840e-05	9.08464e-04	 	0
3	4.29515e-08	2.33635e-03	 	0
	1.57263e-10
------------------

	Time step 396 at t=1.98000e+00
1	2.04208e-02	1.00000e+00	r	0
2	1.77385e-05	8.68648e-04	 	0
3	4.12890e-08	2.32765e-03	 	0
	1.53424e-10
------------------

	Time step 397 at t=1.98500e+00
1	2.04019e-02	1.00000e+00	r	0
2	1.68471e-05	8.25764e-04	 	0
3	4.05613e-08	2.40761e-03	 	0
	1.47285e-10
------------------

	Time step 398 at t=1.99000e+00
1	2.01720e-02	1.00000e+00	r	0
2	1.57423e-05	7.80401e-04	 	0
3	4.04263e-08	2.56801e-03	 	0
	1.39215e-10
------------------

	Time step 399 at t=1.99500e+00
1	1.97268e-02	1.00000e+00	r	0
2	1.44652e-05	7.33274e-04	 	0
3	4.49947e-08	3.11055e-03	 	0
	1.29690e-10
------------------

	Time step 400 at t=2.00000e+00
1	1.90655e-02	1.00000e+00	r	0
2	1.30637e-05	6.85203e-04	 	0
3	4.63535e-08	3.54827e-03	 	0
	1.19209e-10
------------------

	Time step 401 at t=2.00500e+00
1	1.81911e-02	1.00000e+00	r	0
2	1.44488e-05	7.94276e-04	 	0
3	4.44784e-08	3.07835e-03	 	0
	1.08219e-10
------------------

	Time step 402 at t=2.01000e+00
1	1.71113e-02	1.00000e+00	r	0
2	1.64712e-05	9.62590e-04	 	0
3	3.95794e-08	2.40295e-03	 	0
	1.22198e-10
------------------

	Time step 403 at t=2.01500e+00
1	1.58377e-02	1.00000e+00	r	0
2	1.78916e-05	1.12968e-03	 	0
3	3.31054e-08	1.85034e-03	 	0
	1.33691e-10
------------------

	Time step 404 at t=2.02000e+00
1	1.43861e-02	1.00000e+00	r	0
2	1.86608e-05	1.29714e-03	 	0
3	3.96140e-08	2.12285e-03	 	0
	1.40519e-10
------------------

	Time step 405 at t=2.02500e+00
1	1.44377e-02	1.00000e+00	r	0
2	1.87590e-05	1.29931e-03	 	0
3	4.32950e-08	2.30797e-03	 	0
	1.42727e-10
------------------

	Time step 406 at t=2.03000e+00
1	1.58247e-02	1.00000e+00	r	0
2	1.81944e-05	1.14975e-03	 	0
3	4.39267e-08	2.41430e-03	 	0
	1.40570e-10
------------------

	Time step 407 at t=2.03500e+00
1	1.70837e-02	1.00000e+00	r	0
2	1.70004e-05	9.95124e-04	 	0
3	4.15029e-08	2.44129e-03	 	0
	1.34435e-10
------------------

	Time step 408 at t=2.04000e+00
1	1.82049e-02	1.00000e+00	r	0
2	1.67502e-05	9.20091e-04	 	0
3	3.62301e-08	2.16296e-03	 	0
	1.24737e-10
------------------

	Time step 409 at t=2.04500e+00
1	1.91796e-02	1.00000e+00	r	0
2	1.67198e-05	8.71749e-04	 	0
3	3.34976e-08	2.00347e-03	 	0
	1.16522e-10
------------------

	Time step 410 at t=2.05000e+00
1	1.99994e-02	1.00000e+00	r	0
2	1.72949e-05	8.64769e-04	 	0
3	3.51350e-08	2.03153e-03	 	0
	1.16651e-10
------------------

	Time step 411 at t=2.05500e+00
1	2.06565e-02	1.00000e+00	r	0
2	1.91248e-05	9.25850e-04	 	0
3	3.61050e-08	1.88786e-03	 	0
	1.26391e-10
------------------

	Time step 412 at t=2.06000e+00
1	2.11435e-02	1.00000e+00	r	0
2	2.04005e-05	9.64858e-04	 	0
3	3.69978e-08	1.81357e-03	 	0
	1.38616e-10
------------------

	Time step 413 at t=2.06500e+00
1	2.14539e-02	1.00000e+00	r	0
2	2.10886e-05	9.82974e-04	 	0
3	3.84091e-08	1.82132e-03	 	0
	1.46970e-10
------------------

	Time step 414 at t=2.07000e+00
1	2.15814e-02	1.00000e+00	r	0
2	2.11760e-05	9.81214e-04	 	0
3	3.94202e-08	1.86155e-03	 	0
	1.51220e-10
------------------

	Time step 415 at t=2.07500e+00
1	2.15209e-02	1.00000e+00	r	0
2	2.06677e-05	9.60352e-04	 	0
3	4.00338e-08	1.93702e-03	 	0
	1.51341e-10
------------------

	Time step 416 at t=2.08000e+00
1	2.12683e-02	1.00000e+00	r	0
2	1.95846e-05	9.20835e-04	 	0
3	4.02621e-08	2.05581e-03	 	0
	1.47491e-10
------------------

	Time step 417 at t=2.08500e+00
1	2.08206e-02	1.00000e+00	r	0
2	1.79621e-05	8.62709e-04	 	0
3	4.01594e-08	2.23579e-03	 	0
	1.39929e-10
------------------

	Time step 418 at t=2.09000e+00
1	2.01769e-02	1.00000e+00	r	0
2	1.58500e-05	7.85549e-04	 	0
3	3.99271e-08	2.51906e-03	 	0
	1.28940e-10
------------------

	Time step 419 at t=2.09500e+00
1	1.93383e-02	1.00000e+00	r	0
2	1.58256e-05	8.18354e-04	 	0
3	3.86413e-08	2.44170e-03	 	0
	1.14800e-10
------------------

	Time step 420 at t=2.10000e+00
1	1.83082e-02	1.00000e+00	r	0
2	1.69911e-05	9.28061e-04	 	0
3	3.72650e-08	2.19321e-03	 	0
	1.23516e-10
------------------

	Time step 421 at t=2.10500e+00
1	1.70928e-02	1.00000e+00	r	0
2	1.75320e-05	1.02570e-03	 	0
3	3.72626e-08	2.12540e-03	 	0
	1.30841e-10
------------------

	Time step 422 at t=2.11000e+00
1	1.57012e-02	1.00000e+00	r	0
2	1.74356e-05	1.11046e-03	 	0
3	3.95859e-08	2.27041e-03	 	0
	1.36693e-10
------------------

	Time step 423 at t=2.11500e+00
1	1.63685e-02	1.00000e+00	r	0
2	1.67130e-05	1.02105e-03	 	0
3	3.85781e-08	2.30827e-03	 	0
	1.41135e-10
------------------

	Time step 424 at t=2.12000e+00
1	1.70466e-02	1.00000e+00	r	0
2	1.60928e-05	9.44043e-04	 	0
3	3.42865e-08	2.13056e-03	 	0
	1.44322e-10
------------------

	Time step 425 at t=2.12500e+00
1	1.76002e-02	1.00000e+00	r	0
2	1.64565e-05	9.35019e-04	 	0
3	3.37656e-08	2.05180e-03	 	0
	1.46404e-10
------------------

	Time step 426 at t=2.13000e+00
1	1.80301e-02	1.00000e+00	r	0
2	1.65907e-05	9.20166e-04	 	0
3	3.52020e-08	2.12180e-03	 	0
	1.47426e-10
------------------

	Time step 427 at t=2.13500e+00
1	1.83364e-02	1.00000e+00	r	0
2	1.64879e-05	8.99190e-04	 	0
3	3.63534e-08	2.20486e-03	 	0
	1.47269e-10
------------------

	Time step 428 at t=2.14000e+00
1	1.85183e-02	1.00000e+00	r	0
2	1.61464e-05	8.71915e-04	 	0
3	3.72203e-08	2.30518e-03	 	0
	1.45657e-10
------------------

	Time step 429 at t=2.14500e+00
1	1.85745e-02	1.00000e+00	r	0
2	1.55714e-05	8.38320e-04	 	0
3	3.77973e-08	2.42736e-03	 	0
	1.42244e-10
------------------

	Time step 430 at t=2.15000e+00
1	1.85029e-02	1.00000e+00	r	0
2	1.47762e-05	7.98585e-04	 	0
3	3.80761e-08	2.57686e-03	 	0
	1.36745e-10
------------------

	Time step 431 at t=2.15500e+00
1	1.83014e-02	1.00000e+00	r	0
2	1.47209e-05	8.04358e-04	 	0
3	3.80487e-08	2.58468e-03	 	0
	1.29069e-10
------------------

	Time step 432 at t=2.16000e+00
1	1.79679e-02	1.00000e+00	r	0
2	1.42487e-05	7.93010e-04	 	0
3	4.23185e-08	2.96999e-03	 	0
	1.19387e-10
------------------

	Time step 433 at t=2.16500e+00
1	1.75008e-02	1.00000e+00	r	0
2	1.31950e-05	7.53964e-04	 	0
3	4.51238e-08	3.41978e-03	 	0
	1.08123e-10
------------------

	Time step 434 at t=2.17000e+00
1	1.68996e-02	1.00000e+00	r	0
2	1.39202e-05	8.23702e-04	 	0
3	4.46581e-08	3.20815e-03	 	0
	9.58677e-11
------------------

	Time step 435 at t=2.17500e+00
1	1.61649e-02	1.00000e+00	r	0
2	1.61607e-05	9.99742e-04	 	0
3	4.10085e-08	2.53754e-03	 	0
	1.11910e-10
------------------

	Time step 436 at t=2.18000e+00
1	1.52990e-02	1.00000e+00	r	0
2	1.78513e-05	1.16683e-03	 	0
3	3.45220e-08	1.93387e-03	 	0
	1.23855e-10
------------------

	Time step 437 at t=2.18500e+00
1	1.43059e-02	1.00000e+00	r	0
2	1.89381e-05	1.32379e-03	 	0
3	3.09917e-08	1.63648e-03	 	0
	1.30589e-10
------------------

	Time step 438 at t=2.19000e+00
1	1.44876e-02	1.00000e+00	r	0
2	1.93974e-05	1.33890e-03	 	0
3	3.14944e-08	1.62364e-03	 	0
	1.32126e-10
------------------

	Time step 439 at t=2.19500e+00
1	1.57928e-02	1.00000e+00	r	0
2	1.92345e-05	1.21793e-03	 	0
3	3.25081e-08	1.69009e-03	 	0
	1.28926e-10
------------------

	Time step 440 at t=2.20000e+00
1	1.69485e-02	1.00000e+00	r	0
2	1.84795e-05	1.09034e-03	 	0
3	3.32358e-08	1.79852e-03	 	0
	1.21784e-10
------------------

	Time step 441 at t=2.20500e+00
1	1.79523e-02	1.00000e+00	r	0
2	1.71814e-05	9.57055e-04	 	0
3	3.30987e-08	1.92643e-03	 	0
	1.11636e-10
------------------

	Time step 442 at t=2.21000e+00
1	1.88037e-02	1.00000e+00	r	0
2	1.54015e-05	8.19068e-04	 	0
3	3.17795e-08	2.06340e-03	 	0
	9.93167e-11
------------------

	Time step 443 at t=2.21500e+00
1	1.95028e-02	1.00000e+00	r	0
2	1.40234e-05	7.19044e-04	 	0
3	3.22443e-08	2.29933e-03	 	0
	8.53945e-11
------------------

	Time step 444 at t=2.22000e+00
1	2.00505e-02	1.00000e+00	r	0
2	1.51015e-05	7.53175e-04	 	0
3	3.64267e-08	2.41212e-03	 	0
	9.24483e-11
------------------

	Time step 445 at t=2.22500e+00
1	2.04476e-02	1.00000e+00	r	0
2	1.63076e-05	7.97531e-04	 	0
3	3.78192e-08	2.31911e-03	 	0
	1.02467e-10
------------------

	Time step 446 at t=2.23000e+00
1	2.06949e-02	1.00000e+00	r	0
2	1.73429e-05	8.38027e-04	 	0
3	3.62914e-08	2.09258e-03	 	0
	1.09724e-10
------------------

	Time step 447 at t=2.23500e+00
1	2.07926e-02	1.00000e+00	r	0
2	1.78902e-05	8.60412e-04	 	0
3	3.19035e-08	1.78329e-03	 	0
	1.14006e-10
------------------

	Time step 448 at t=2.24000e+00
1	2.07405e-02	1.00000e+00	r	0
2	1.79473e-05	8.65326e-04	 	0
3	2.83141e-08	1.57762e-03	 	0
	1.15245e-10
------------------

	Time step 449 at t=2.24500e+00
1	2.05380e-02	1.00000e+00	r	0
2	1.75215e-05	8.53126e-04	 	0
3	3.31600e-08	1.89254e-03	 	0
	1.13565e-10
------------------

	Time step 450 at t=2.25000e+00
1	2.01843e-02	1.00000e+00	r	0
2	1.66284e-05	8.23830e-04	 	0
3	3.55627e-08	2.13867e-03	 	0
	1.09221e-10
------------------

	Time step 451 at t=2.25500e+00
1	1.96788e-02	1.00000e+00	r	0
2	1.52923e-05	7.77096e-04	 	0
3	3.52092e-08	2.30242e-03	 	0
	1.02478e-10
------------------

	Time step 452 at t=2.26000e+00
1	1.90213e-02	1.00000e+00	r	0
2	1.35470e-05	7.12204e-04	 	0
3	3.19875e-08	2.36122e-03	 	0
	9.34901e-11
------------------

	Time step 453 at t=2.26500e+00
1	1.82124e-02	1.00000e+00	r	0
2	1.35507e-05	7.44039e-04	 	0
3	2.63025e-08	1.94104e-03	 	0
	1.00491e-10
------------------

	Time step 454 at t=2.27000e+00
1	1.72539e-02	1.00000e+00	r	0
2	1.47402e-05	8.54310e-04	 	0
3	3.38688e-08	2.29772e-03	 	0
	1.11756e-10
------------------

	Time step 455 at t=2.27500e+00
1	1.61491e-02	1.00000e+00	r	0
2	1.53701e-05	9.51759e-04	 	0
3	3.86826e-08	2.51675e-03	 	0
	1.22317e-10
------------------

	Time step 456 at t=2.28000e+00
1	1.49186e-02	1.00000e+00	r	0
2	1.64004e-05	1.09933e-03	 	0
3	4.02776e-08	2.45590e-03	 	0
	1.31882e-10
------------------

	Time step 457 at t=2.28500e+00
1	1.61821e-02	1.00000e+00	r	0
2	1.73058e-05	1.06944e-03	 	0
3	3.84632e-08	2.22256e-03	 	0
	1.40235e-10
------------------

	Time step 458 at t=2.29000e+00
1	1.73330e-02	1.00000e+00	r	0
2	1.80002e-05	1.03849e-03	 	0
3	3.66570e-08	2.03648e-03	 	0
	1.47194e-10
------------------

	Time step 459 at t=2.29500e+00
1	1.83555e-02	1.00000e+00	r	0
2	1.84586e-05	1.00561e-03	 	0
3	3.82974e-08	2.07477e-03	 	0
	1.52567e-10
------------------

	Time step 460 at t=2.30000e+00
1	1.92333e-02	1.00000e+00	r	0
2	1.86629e-05	9.70346e-04	 	0
3	4.03016e-08	2.15945e-03	 	0
	1.56122e-10
------------------

	Time step 461 at t=2.30500e+00
1	1.99496e-02	1.00000e+00	r	0
2	1.86032e-05	9.32509e-04	 	0
3	4.34397e-08	2.33506e-03	 	0
	1.57614e-10
------------------

	Time step 462 at t=2.31000e+00
1	2.04886e-02	1.00000e+00	r	0
2	1.82786e-05	8.92137e-04	 	0
3	4.32660e-08	2.36702e-03	 	0
	1.56842e-10
------------------

	Time step 463 at t=2.31500e+00
1	2.08353e-02	1.00000e+00	r	0
2	1.76984e-05	8.49442e-04	 	0
3	4.00510e-08	2.26298e-03	 	0
	1.53732e-10
------------------

	Time step 464 at t=2.32000e+00
1	2.09767e-02	1.00000e+00	r	0
2	1.68820e-05	8.04799e-04	 	0
3	3.93136e-08	2.32873e-03	 	0
	1.48390e-10
------------------

	Time step 465 at t=2.32500e+00
1	2.09025e-02	1.00000e+00	r	0
2	1.58590e-05	7.58715e-04	 	0
3	3.82298e-08	2.41060e-03	 	0
	1.41110e-10
------------------

	Time step 466 at t=2.33000e+00
1	2.06054e-02	1.00000e+00	r	0
2	1.46672e-05	7.11814e-04	 	0
3	4.34558e-08	2.96278e-03	 	0
	1.32319e-10
------------------

	Time step 467 at t=2.33500e+00
1	2.00822e-02	1.00000e+00	r	0
2	1.33508e-05	6.64805e-04	 	0
3	4.56431e-08	3.41876e-03	 	0
	1.22487e-10
------------------

	Time step 468 at t=2.34000e+00
1	1.93338e-02	1.00000e+00	r	0
2	1.24204e-05	6.42415e-04	 	0
3	4.47028e-08	3.59916e-03	 	0
	1.12048e-10
------------------

	Time step 469 at t=2.34500e+00
1	1.83656e-02	1.00000e+00	r	0
2	1.44263e-05	7.85510e-04	 	0
3	4.07651e-08	2.82574e-03	 	0
	1.10518e-10
------------------

	Time step 470 at t=2.35000e+00
1	1.71874e-02	1.00000e+00	r	0
2	1.59332e-05	9.27029e-04	 	0
3	3.41584e-08	2.14385e-03	 	0
	1.22964e-10
------------------

	Time step 471 at t=2.35500e+00
1	1.58135e-02	1.00000e+00	r	0
2	1.68842e-05	1.06771e-03	 	0
3	3.71510e-08	2.20034e-03	 	0
	1.31324e-10
------------------

	Time step 472 at t=2.36000e+00
1	1.42624e-02	1.00000e+00	r	0
2	1.72446e-05	1.20910e-03	 	0
3	4.18421e-08	2.42638e-03	 	0
	1.35438e-10
------------------

	Time step 473 at t=2.36500e+00
1	1.51622e-02	1.00000e+00	r	0
2	1.70027e-05	1.12139e-03	 	0
3	4.35836e-08	2.56333e-03	 	0
	1.35344e-10
------------------

	Time step 474 at t=2.37000e+00
1	1.65385e-02	1.00000e+00	r	0
2	1.66853e-05	1.00888e-03	 	0
3	4.22670e-08	2.53319e-03	 	0
	1.31233e-10
------------------

	Time step 475 at t=2.37500e+00
1	1.77826e-02	1.00000e+00	r	0
2	1.72337e-05	9.69130e-04	 	0
3	3.80067e-08	2.20537e-03	 	0
	1.23394e-10
------------------

	Time step 476 at t=2.38000e+00
1	1.88845e-02	1.00000e+00	r	0
2	1.73575e-05	9.19140e-04	 	0
3	3.23507e-08	1.86378e-03	 	0
	1.20768e-10
------------------

	Time step 477 at t=2.38500e+00
1	1.98348e-02	1.00000e+00	r	0
2	1.70448e-05	8.59341e-04	 	0
3	3.43762e-08	2.01681e-03	 	0
	1.21907e-10
------------------

	Time step 478 at t=2.39000e+00
1	2.06244e-02	1.00000e+00	r	0
2	1.73248e-05	8.40017e-04	 	0
3	3.55321e-08	2.05093e-03	 	0
	1.19910e-10
------------------

	Time step 479 at t=2.39500e+00
1	2.12451e-02	1.00000e+00	r	0
2	1.87693e-05	8.83467e-04	 	0
3	3.60567e-08	1.92105e-03	 	0
	1.30357e-10
------------------

	Time step 480 at t=2.40000e+00
1	2.16890e-02	1.00000e+00	r	0
2	1.96865e-05	9.07674e-04	 	0
3	3.57565e-08	1.81629e-03	 	0
	1.39758e-10
------------------

	Time step 481 at t=2.40500e+00
1	2.19489e-02	1.00000e+00	r	0
2	2.00484e-05	9.13415e-04	 	0
3	3.69910e-08	1.84508e-03	 	0
	1.45246e-10
------------------

	Time step 482 at t=2.41000e+00
1	2.20184e-02	1.00000e+00	r	0
2	1.98451e-05	9.01295e-04	 	0
3	3.78553e-08	1.90754e-03	 	0
	1.46738e-10
------------------

	Time step 483 at t=2.41500e+00
1	2.18923e-02	1.00000e+00	r	0
2	1.90837e-05	8.71706e-04	 	0
3	3.83575e-08	2.00997e-03	 	0
	1.44348e-10
------------------

	Time step 484 at t=2.42000e+00
1	2.15667e-02	1.00000e+00	r	0
2	1.77877e-05	8.24779e-04	 	0
3	3.87278e-08	2.17722e-03	 	0
	1.38317e-10
------------------

	Time step 485 at t=2.42500e+00
1	2.10392e-02	1.00000e+00	r	0
2	1.59968e-05	7.60330e-04	 	0
3	3.94487e-08	2.46605e-03	 	0
	1.28933e-10
------------------

	Time step 486 at t=2.43000e+00
1	2.03100e-02	1.00000e+00	r	0
2	1.47654e-05	7.27003e-04	 	0
3	3.77343e-08	2.55559e-03	 	0
	1.16469e-10
------------------

	Time step 487 at t=2.43500e+00
1	1.93812e-02	1.00000e+00	r	0
2	1.62122e-05	8.36490e-04	 	0
3	3.67702e-08	2.26806e-03	 	0
	1.23427e-10
------------------

	Time step 488 at t=2.44000e+00
1	1.82580e-02	1.00000e+00	r	0
2	1.71569e-05	9.39688e-04	 	0
3	3.55403e-08	2.07149e-03	 	0
	1.31282e-10
------------------

	Time step 489 at t=2.44500e+00
1	1.69487e-02	1.00000e+00	r	0
2	1.75774e-05	1.03709e-03	 	0
3	3.89941e-08	2.21843e-03	 	0
	1.37824e-10
------------------

	Time step 490 at t=2.45000e+00
1	1.60790e-02	1.00000e+00	r	0
2	1.74725e-05	1.08666e-03	 	0
3	3.91810e-08	2.24244e-03	 	0
	1.43059e-10
------------------

	Time step 491 at t=2.45500e+00
1	1.68417e-02	1.00000e+00	r	0
2	1.68597e-05	1.00107e-03	 	0
3	3.60341e-08	2.13729e-03	 	0
	1.47082e-10
------------------

	Time step 492 at t=2.46000e+00
1	1.74759e-02	1.00000e+00	r	0
2	1.66017e-05	9.49973e-04	 	0
3	3.27935e-08	1.97531e-03	 	0
	1.49994e-10
------------------

	Time step 493 at t=2.46500e+00
1	1.79834e-02	1.00000e+00	r	0
2	1.67823e-05	9.33209e-04	 	0
3	3.43961e-08	2.04955e-03	 	0
	1.51811e-10
------------------

	Time step 494 at t=2.47000e+00
1	1.83649e-02	1.00000e+00	r	0
2	1.67238e-05	9.10638e-04	 	0
3	3.57160e-08	2.13564e-03	 	0
	1.52398e-10
------------------

	Time step 495 at t=2.47500e+00
1	1.86206e-02	1.00000e+00	r	0
2	1.64219e-05	8.81917e-04	 	0
3	3.67468e-08	2.23768e-03	 	0
	1.51463e-10
------------------

	Time step 496 at t=2.48000e+00
1	1.87500e-02	1.00000e+00	r	0
2	1.58794e-05	8.46900e-04	 	0
3	3.74704e-08	2.35969e-03	 	0
	1.48631e-10
------------------

	Time step 497 at t=2.48500e+00
1	1.87517e-02	1.00000e+00	r	0
2	1.51079e-05	8.05683e-04	 	0
3	3.78641e-08	2.50625e-03	 	0
	1.43570e-10
------------------

	Time step 498 at t=2.49000e+00
1	1.86240e-02	1.00000e+00	r	0
2	1.41291e-05	7.58653e-04	 	0
3	3.79080e-08	2.68297e-03	 	0
	1.36134e-10
------------------

	Time step 499 at t=2.49500e+00
1	1.83651e-02	1.00000e+00	r	0
2	1.36575e-05	7.43666e-04	 	0
3	4.10093e-08	3.00270e-03	 	0
	1.26452e-10
------------------

Done

ROM computation time:2.02000e+02 seconds 691 milliseconds
Built target run
