[ 85%] Built target main
[100%] Run main with Debug configuration

 --------------------- PARAMETERS --------------------- 
subsection General
  set Coarse endtime             = 1.5
  set Coarse timestep            = 0.05
  set Compute error              = true
  set Density fluid              = 1.0
  set FEM solve                  = false
  set Fine endtime               = 4.1
  set Fine timestep              = 0.005
  set Hidden layers              = 1
  set Hidden neurons             = 30
  set Information content        = 0.99
  set Information content greedy = 0.99
  set Initial solution snapshot  = result/FEM/
  set Newton tolerance           = 1.0e-8
  set Output files               = true
  set POD GREEDY solve           = false
  set POD greedy size            = 50
  set POD offline                = false
  set POD size                   = 25
  set POD solve                  = false
  set POD start time             = 1.6
  set ROM solve                  = true
  set Refinements                = 3
  set Start time                 = 0.0
  set Test case                  = 2D-2
  set Viscosity                  = 0.00066666666666
end
 ------------------------------------------------------ 



---------------------------------------------- 
     Reynolds: 150,  mu: 0.000666667
---------------------------------------------- 

ROM setup ...
start
Number of POD modes: 34
Done

Loading nonlinearities
Loading mean_vector
Loading pod_vectors
End Loading
Done

Solving the reduced order model ...
initial condition
result/FEM/mu=0.000667/snapshots/snapshot_000000.h5
	Time step 1 at t=0.005
1	7.18722e-03	1.00000e+00	r	0
2	5.01037e-06	6.97122e-04	 	0
	7.52133e-09
------------------

	Time step 2 at t=1.00000e-02
1	6.97814e-03	1.00000e+00	r	0
2	5.07515e-06	7.27293e-04	 	0
	8.55153e-09
------------------

	Time step 3 at t=1.50000e-02
1	7.33198e-03	1.00000e+00	r	0
2	5.46251e-06	7.45025e-04	 	0
	9.46453e-09
------------------

	Time step 4 at t=2.00000e-02
1	7.62723e-03	1.00000e+00	r	0
2	6.14235e-06	8.05319e-04	 	0
3	1.02192e-08	1.66373e-03	 	0
	1.44995e-11
------------------

	Time step 5 at t=2.50000e-02
1	7.86059e-03	1.00000e+00	r	0
2	6.70659e-06	8.53192e-04	 	0
3	1.07729e-08	1.60631e-03	 	0
	1.61894e-11
------------------

	Time step 6 at t=3.00000e-02
1	8.02918e-03	1.00000e+00	r	0
2	7.13244e-06	8.88316e-04	 	0
3	1.10837e-08	1.55398e-03	 	0
	1.76572e-11
------------------

	Time step 7 at t=3.50000e-02
1	8.21262e-03	1.00000e+00	r	0
2	7.40215e-06	9.01315e-04	 	0
3	1.11141e-08	1.50147e-03	 	0
	1.88021e-11
------------------

	Time step 8 at t=4.00000e-02
1	8.81901e-03	1.00000e+00	r	0
2	7.50290e-06	8.50765e-04	 	0
3	1.11121e-08	1.48104e-03	 	0
	1.95130e-11
------------------

	Time step 9 at t=4.50000e-02
1	9.37504e-03	1.00000e+00	r	0
2	7.42640e-06	7.92146e-04	 	0
3	1.19431e-08	1.60819e-03	 	0
	1.96806e-11
------------------

	Time step 10 at t=5.00000e-02
1	9.87334e-03	1.00000e+00	r	0
2	7.62525e-06	7.72307e-04	 	0
3	1.26936e-08	1.66469e-03	 	0
	2.08855e-11
------------------

	Time step 11 at t=5.50000e-02
1	1.03065e-02	1.00000e+00	r	0
2	8.15239e-06	7.90997e-04	 	0
3	1.33318e-08	1.63532e-03	 	0
	2.33374e-11
------------------

	Time step 12 at t=6.00000e-02
1	1.06670e-02	1.00000e+00	r	0
2	8.70833e-06	8.16378e-04	 	0
3	1.38305e-08	1.58819e-03	 	0
	2.60650e-11
------------------

	Time step 13 at t=6.50000e-02
1	1.09477e-02	1.00000e+00	r	0
2	9.28517e-06	8.48141e-04	 	0
3	1.41706e-08	1.52615e-03	 	0
	2.90374e-11
------------------

	Time step 14 at t=7.00000e-02
1	1.11414e-02	1.00000e+00	r	0
2	9.87294e-06	8.86152e-04	 	0
3	1.43414e-08	1.45260e-03	 	0
	3.21978e-11
------------------

	Time step 15 at t=7.50000e-02
1	1.12415e-02	1.00000e+00	r	0
2	1.04591e-05	9.30406e-04	 	0
3	1.43408e-08	1.37113e-03	 	0
	3.54652e-11
------------------

	Time step 16 at t=8.00000e-02
1	1.12421e-02	1.00000e+00	r	0
2	1.10285e-05	9.81004e-04	 	0
3	1.41719e-08	1.28502e-03	 	0
	3.87389e-11
------------------

	Time step 17 at t=8.50000e-02
1	1.11384e-02	1.00000e+00	r	0
2	1.15637e-05	1.03818e-03	 	0
3	1.38397e-08	1.19683e-03	 	0
	4.19051e-11
------------------

	Time step 18 at t=9.00000e-02
1	1.09267e-02	1.00000e+00	r	0
2	1.20454e-05	1.10239e-03	 	0
3	1.33463e-08	1.10800e-03	 	0
	4.48434e-11
------------------

	Time step 19 at t=9.50000e-02
1	1.06051e-02	1.00000e+00	r	0
2	1.24545e-05	1.17439e-03	 	0
3	1.40022e-08	1.12427e-03	 	0
	4.74330e-11
------------------

	Time step 20 at t=1.00000e-01
1	1.01735e-02	1.00000e+00	r	0
2	1.27727e-05	1.25549e-03	 	0
3	1.52597e-08	1.19471e-03	 	0
	4.95608e-11
------------------

	Time step 21 at t=1.05000e-01
1	9.63397e-03	1.00000e+00	r	0
2	1.29848e-05	1.34781e-03	 	0
3	1.64619e-08	1.26778e-03	 	0
	5.11308e-11
------------------

	Time step 22 at t=1.10000e-01
1	8.99073e-03	1.00000e+00	r	0
2	1.30796e-05	1.45479e-03	 	0
3	1.76169e-08	1.34689e-03	 	0
	5.20750e-11
------------------

	Time step 23 at t=1.15000e-01
1	8.63556e-03	1.00000e+00	r	0
2	1.30515e-05	1.51136e-03	 	0
3	1.87334e-08	1.43535e-03	 	0
	5.23620e-11
------------------

	Time step 24 at t=1.20000e-01
1	9.36081e-03	1.00000e+00	r	0
2	1.29005e-05	1.37814e-03	 	0
3	1.98197e-08	1.53635e-03	 	0
	5.19997e-11
------------------

	Time step 25 at t=1.25000e-01
1	1.00468e-02	1.00000e+00	r	0
2	1.26330e-05	1.25741e-03	 	0
3	2.08817e-08	1.65295e-03	 	0
	5.10307e-11
------------------

	Time step 26 at t=1.30000e-01
1	1.06862e-02	1.00000e+00	r	0
2	1.22604e-05	1.14731e-03	 	0
3	2.19210e-08	1.78794e-03	 	0
	5.23251e-11
------------------

	Time step 27 at t=1.35000e-01
1	1.12711e-02	1.00000e+00	r	0
2	1.17993e-05	1.04686e-03	 	0
3	2.29322e-08	1.94352e-03	 	0
	5.51406e-11
------------------

	Time step 28 at t=1.40000e-01
1	1.17929e-02	1.00000e+00	r	0
2	1.19051e-05	1.00952e-03	 	0
3	2.39007e-08	2.00759e-03	 	0
	5.75393e-11
------------------

	Time step 29 at t=1.45000e-01
1	1.22423e-02	1.00000e+00	r	0
2	1.19734e-05	9.78038e-04	 	0
3	2.48005e-08	2.07130e-03	 	0
	5.94661e-11
------------------

	Time step 30 at t=1.50000e-01
1	1.26098e-02	1.00000e+00	r	0
2	1.19085e-05	9.44387e-04	 	0
3	2.55955e-08	2.14934e-03	 	0
	6.08457e-11
------------------

	Time step 31 at t=1.55000e-01
1	1.28858e-02	1.00000e+00	r	0
2	1.17114e-05	9.08859e-04	 	0
3	2.62410e-08	2.24065e-03	 	0
	6.15820e-11
------------------

	Time step 32 at t=1.60000e-01
1	1.30607e-02	1.00000e+00	r	0
2	1.19334e-05	9.13689e-04	 	0
3	2.66888e-08	2.23647e-03	 	0
	6.15707e-11
------------------

	Time step 33 at t=1.65000e-01
1	1.31256e-02	1.00000e+00	r	0
2	1.21671e-05	9.26974e-04	 	0
3	2.68910e-08	2.21014e-03	 	0
	6.07214e-11
------------------

	Time step 34 at t=1.70000e-01
1	1.30722e-02	1.00000e+00	r	0
2	1.20942e-05	9.25187e-04	 	0
3	2.68048e-08	2.21633e-03	 	0
	5.89804e-11
------------------

	Time step 35 at t=1.75000e-01
1	1.28936e-02	1.00000e+00	r	0
2	1.17212e-05	9.09069e-04	 	0
3	2.63952e-08	2.25192e-03	 	0
	5.63480e-11
------------------

	Time step 36 at t=1.80000e-01
1	1.25844e-02	1.00000e+00	r	0
2	1.10608e-05	8.78929e-04	 	0
3	2.56355e-08	2.31769e-03	 	0
	5.28844e-11
------------------

	Time step 37 at t=1.85000e-01
1	1.21413e-02	1.00000e+00	r	0
2	1.16630e-05	9.60612e-04	 	0
3	2.45082e-08	2.10136e-03	 	0
	4.88882e-11
------------------

	Time step 38 at t=1.90000e-01
1	1.15631e-02	1.00000e+00	r	0
2	1.28044e-05	1.10735e-03	 	0
3	2.32840e-08	1.81843e-03	 	0
	5.22725e-11
------------------

	Time step 39 at t=1.95000e-01
1	1.08515e-02	1.00000e+00	r	0
2	1.32100e-05	1.21734e-03	 	0
3	2.40596e-08	1.82132e-03	 	0
	5.43525e-11
------------------

	Time step 40 at t=2.00000e-01
1	1.01557e-02	1.00000e+00	r	0
2	1.28082e-05	1.26118e-03	 	0
3	2.44919e-08	1.91221e-03	 	0
	5.91969e-11
------------------

	Time step 41 at t=2.05000e-01
1	1.02474e-02	1.00000e+00	r	0
2	1.29039e-05	1.25924e-03	 	0
3	2.46055e-08	1.90682e-03	 	0
	6.29245e-11
------------------

	Time step 42 at t=2.10000e-01
1	1.02753e-02	1.00000e+00	r	0
2	1.31656e-05	1.28129e-03	 	0
3	2.44358e-08	1.85603e-03	 	0
	6.53451e-11
------------------

	Time step 43 at t=2.15000e-01
1	1.09506e-02	1.00000e+00	r	0
2	1.31328e-05	1.19927e-03	 	0
3	2.40249e-08	1.82938e-03	 	0
	6.62538e-11
------------------

	Time step 44 at t=2.20000e-01
1	1.14834e-02	1.00000e+00	r	0
2	1.27999e-05	1.11464e-03	 	0
3	2.47491e-08	1.93354e-03	 	0
	6.54448e-11
------------------

	Time step 45 at t=2.25000e-01
1	1.17465e-02	1.00000e+00	r	0
2	1.21659e-05	1.03571e-03	 	0
3	2.60171e-08	2.13852e-03	 	0
	6.27416e-11
------------------

	Time step 46 at t=2.30000e-01
1	1.17259e-02	1.00000e+00	r	0
2	1.21668e-05	1.03760e-03	 	0
3	2.65500e-08	2.18217e-03	 	0
	5.80447e-11
------------------

	Time step 47 at t=2.35000e-01
1	1.15481e-02	1.00000e+00	r	0
2	1.32404e-05	1.14655e-03	 	0
3	2.65048e-08	2.00182e-03	 	0
	5.65822e-11
------------------

	Time step 48 at t=2.40000e-01
1	1.17291e-02	1.00000e+00	r	0
2	1.43226e-05	1.22112e-03	 	0
3	2.56360e-08	1.78990e-03	 	0
	5.75652e-11
------------------

	Time step 49 at t=2.45000e-01
1	1.18427e-02	1.00000e+00	r	0
2	1.53803e-05	1.29871e-03	 	0
3	2.57548e-08	1.67453e-03	 	0
	6.34341e-11
------------------

	Time step 50 at t=2.50000e-01
1	1.18900e-02	1.00000e+00	r	0
2	1.63832e-05	1.37790e-03	 	0
3	2.61525e-08	1.59630e-03	 	0
	6.88747e-11
------------------

	Time step 51 at t=2.55000e-01
1	1.18720e-02	1.00000e+00	r	0
2	1.73057e-05	1.45769e-03	 	0
3	2.58101e-08	1.49142e-03	 	0
	7.38350e-11
------------------

	Time step 52 at t=2.60000e-01
1	1.17897e-02	1.00000e+00	r	0
2	1.81277e-05	1.53758e-03	 	0
3	2.47254e-08	1.36396e-03	 	0
	7.82895e-11
------------------

	Time step 53 at t=2.65000e-01
1	1.16440e-02	1.00000e+00	r	0
2	1.88346e-05	1.61754e-03	 	0
3	2.29257e-08	1.21721e-03	 	0
	8.22379e-11
------------------

	Time step 54 at t=2.70000e-01
1	1.14354e-02	1.00000e+00	r	0
2	1.94172e-05	1.69799e-03	 	0
3	2.27978e-08	1.17411e-03	 	0
	8.57139e-11
------------------

	Time step 55 at t=2.75000e-01
1	1.13398e-02	1.00000e+00	r	0
2	1.98701e-05	1.75225e-03	 	0
3	2.44774e-08	1.23187e-03	 	0
	8.87961e-11
------------------

	Time step 56 at t=2.80000e-01
1	1.17598e-02	1.00000e+00	r	0
2	2.01910e-05	1.71696e-03	 	0
3	2.59035e-08	1.28292e-03	 	0
	9.16012e-11
------------------

	Time step 57 at t=2.85000e-01
1	1.20288e-02	1.00000e+00	r	0
2	2.03793e-05	1.69420e-03	 	0
3	2.71054e-08	1.33005e-03	 	0
	9.42566e-11
------------------

	Time step 58 at t=2.90000e-01
1	1.21348e-02	1.00000e+00	r	0
2	2.04353e-05	1.68402e-03	 	0
3	2.81050e-08	1.37532e-03	 	0
	9.68550e-11
------------------

	Time step 59 at t=2.95000e-01
1	1.20681e-02	1.00000e+00	r	0
2	2.03601e-05	1.68710e-03	 	0
3	2.89080e-08	1.41984e-03	 	0
	9.94087e-11
------------------

	Time step 60 at t=3.00000e-01
1	1.18223e-02	1.00000e+00	r	0
2	2.01559e-05	1.70491e-03	 	0
3	2.95009e-08	1.46363e-03	 	0
	1.01823e-10
------------------

	Time step 61 at t=3.05000e-01
1	1.15348e-02	1.00000e+00	r	0
2	1.98269e-05	1.71887e-03	 	0
3	2.98540e-08	1.50573e-03	 	0
	1.03908e-10
------------------

	Time step 62 at t=3.10000e-01
1	1.17599e-02	1.00000e+00	r	0
2	1.93802e-05	1.64799e-03	 	0
3	3.04151e-08	1.56939e-03	 	0
	1.05420e-10
------------------

	Time step 63 at t=3.15000e-01
1	1.19049e-02	1.00000e+00	r	0
2	1.88274e-05	1.58149e-03	 	0
3	3.16716e-08	1.68221e-03	 	0
	1.06129e-10
------------------

	Time step 64 at t=3.20000e-01
1	1.19755e-02	1.00000e+00	r	0
2	1.81850e-05	1.51852e-03	 	0
3	3.18461e-08	1.75122e-03	 	0
	1.05880e-10
------------------

	Time step 65 at t=3.25000e-01
1	1.23550e-02	1.00000e+00	r	0
2	1.74743e-05	1.41435e-03	 	0
3	3.46668e-08	1.98387e-03	 	0
	1.04626e-10
------------------

	Time step 66 at t=3.30000e-01
1	1.27286e-02	1.00000e+00	r	0
2	1.67207e-05	1.31363e-03	 	0
3	3.69761e-08	2.21140e-03	 	0
	1.02428e-10
------------------

	Time step 67 at t=3.35000e-01
1	1.29120e-02	1.00000e+00	r	0
2	1.59522e-05	1.23546e-03	 	0
3	3.83671e-08	2.40513e-03	 	0
	1.08760e-10
------------------

	Time step 68 at t=3.40000e-01
1	1.28938e-02	1.00000e+00	r	0
2	1.54700e-05	1.19980e-03	 	0
3	3.86978e-08	2.50148e-03	 	0
	1.13087e-10
------------------

	Time step 69 at t=3.45000e-01
1	1.26678e-02	1.00000e+00	r	0
2	1.62610e-05	1.28365e-03	 	0
3	3.78340e-08	2.32667e-03	 	0
	1.14279e-10
------------------

	Time step 70 at t=3.50000e-01
1	1.22332e-02	1.00000e+00	r	0
2	1.58111e-05	1.29247e-03	 	0
3	3.56634e-08	2.25560e-03	 	0
	1.12301e-10
------------------

	Time step 71 at t=3.55000e-01
1	1.22710e-02	1.00000e+00	r	0
2	1.41155e-05	1.15032e-03	 	0
3	4.14604e-08	2.93722e-03	 	0
	1.07279e-10
------------------

	Time step 72 at t=3.60000e-01
1	1.29191e-02	1.00000e+00	r	0
2	1.61618e-05	1.25101e-03	 	0
3	4.75464e-08	2.94189e-03	 	0
	9.94903e-11
------------------

	Time step 73 at t=3.65000e-01
1	1.34485e-02	1.00000e+00	r	0
2	1.82745e-05	1.35885e-03	 	0
3	5.23094e-08	2.86243e-03	 	0
	1.07518e-10
------------------

	Time step 74 at t=3.70000e-01
1	1.38510e-02	1.00000e+00	r	0
2	2.00162e-05	1.44511e-03	 	0
3	5.54064e-08	2.76807e-03	 	0
	1.20837e-10
------------------

	Time step 75 at t=3.75000e-01
1	1.41198e-02	1.00000e+00	r	0
2	2.13045e-05	1.50884e-03	 	0
3	5.65988e-08	2.65665e-03	 	0
	1.34473e-10
------------------

	Time step 76 at t=3.80000e-01
1	1.42494e-02	1.00000e+00	r	0
2	2.20797e-05	1.54952e-03	 	0
3	5.57768e-08	2.52616e-03	 	0
	1.44716e-10
------------------

	Time step 77 at t=3.85000e-01
1	1.42353e-02	1.00000e+00	r	0
2	2.23061e-05	1.56696e-03	 	0
3	5.29616e-08	2.37432e-03	 	0
	1.50944e-10
------------------

	Time step 78 at t=3.90000e-01
1	1.40745e-02	1.00000e+00	r	0
2	2.19706e-05	1.56102e-03	 	0
3	4.82894e-08	2.19791e-03	 	0
	1.52764e-10
------------------

	Time step 79 at t=3.95000e-01
1	1.37653e-02	1.00000e+00	r	0
2	2.10787e-05	1.53129e-03	 	0
3	4.19867e-08	1.99190e-03	 	0
	1.50083e-10
------------------

	Time step 80 at t=4.00000e-01
1	1.33071e-02	1.00000e+00	r	0
2	1.96513e-05	1.47675e-03	 	0
3	4.05873e-08	2.06537e-03	 	0
	1.43142e-10
------------------

	Time step 81 at t=4.05000e-01
1	1.27005e-02	1.00000e+00	r	0
2	1.77221e-05	1.39538e-03	 	0
3	4.17850e-08	2.35779e-03	 	0
	1.32476e-10
------------------

	Time step 82 at t=4.10000e-01
1	1.28440e-02	1.00000e+00	r	0
2	1.66456e-05	1.29598e-03	 	0
3	4.32728e-08	2.59966e-03	 	0
	1.38063e-10
------------------

	Time step 83 at t=4.15000e-01
1	1.32745e-02	1.00000e+00	r	0
2	1.73603e-05	1.30779e-03	 	0
3	4.61553e-08	2.65867e-03	 	0
	1.43542e-10
------------------

	Time step 84 at t=4.20000e-01
1	1.35292e-02	1.00000e+00	r	0
2	1.79831e-05	1.32921e-03	 	0
3	4.74903e-08	2.64082e-03	 	0
	1.46896e-10
------------------

	Time step 85 at t=4.25000e-01
1	1.35975e-02	1.00000e+00	r	0
2	1.84941e-05	1.36012e-03	 	0
3	4.72740e-08	2.55616e-03	 	0
	1.48084e-10
------------------

	Time step 86 at t=4.30000e-01
1	1.34736e-02	1.00000e+00	r	0
2	1.88891e-05	1.40193e-03	 	0
3	4.55972e-08	2.41395e-03	 	0
	1.47453e-10
------------------

	Time step 87 at t=4.35000e-01
1	1.37460e-02	1.00000e+00	r	0
2	1.91773e-05	1.39512e-03	 	0
3	4.26344e-08	2.22317e-03	 	0
	1.45724e-10
------------------

	Time step 88 at t=4.40000e-01
1	1.48489e-02	1.00000e+00	r	0
2	1.93760e-05	1.30488e-03	 	0
3	3.93715e-08	2.03197e-03	 	0
	1.44015e-10
------------------

	Time step 89 at t=4.45000e-01
1	1.55710e-02	1.00000e+00	r	0
2	1.95029e-05	1.25252e-03	 	0
3	3.53177e-08	1.81090e-03	 	0
	1.44965e-10
------------------

	Time step 90 at t=4.50000e-01
1	1.58829e-02	1.00000e+00	r	0
2	1.95676e-05	1.23199e-03	 	0
3	3.43580e-08	1.75586e-03	 	0
	1.46222e-10
------------------

	Time step 91 at t=4.55000e-01
1	1.57676e-02	1.00000e+00	r	0
2	1.95666e-05	1.24093e-03	 	0
3	3.90601e-08	1.99627e-03	 	0
	1.44762e-10
------------------

	Time step 92 at t=4.60000e-01
1	1.52201e-02	1.00000e+00	r	0
2	1.94799e-05	1.27988e-03	 	0
3	4.21183e-08	2.16214e-03	 	0
	1.47525e-10
------------------

	Time step 93 at t=4.65000e-01
1	1.42481e-02	1.00000e+00	r	0
2	1.92743e-05	1.35276e-03	 	0
3	4.33183e-08	2.24747e-03	 	0
	1.50342e-10
------------------

	Time step 94 at t=4.70000e-01
1	1.28714e-02	1.00000e+00	r	0
2	1.89095e-05	1.46911e-03	 	0
3	4.66452e-08	2.46676e-03	 	0
	1.52036e-10
------------------

	Time step 95 at t=4.75000e-01
1	1.34964e-02	1.00000e+00	r	0
2	1.83484e-05	1.35950e-03	 	0
3	4.84369e-08	2.63985e-03	 	0
	1.51499e-10
------------------

	Time step 96 at t=4.80000e-01
1	1.48878e-02	1.00000e+00	r	0
2	1.75672e-05	1.17997e-03	 	0
3	4.84881e-08	2.76015e-03	 	0
	1.47953e-10
------------------

	Time step 97 at t=4.85000e-01
1	1.59148e-02	1.00000e+00	r	0
2	1.65642e-05	1.04080e-03	 	0
3	5.24587e-08	3.16700e-03	 	0
	1.41096e-10
------------------

	Time step 98 at t=4.90000e-01
1	1.65353e-02	1.00000e+00	r	0
2	1.62477e-05	9.82606e-04	 	0
3	5.84687e-08	3.59858e-03	 	0
	1.36832e-10
------------------

	Time step 99 at t=4.95000e-01
1	1.67174e-02	1.00000e+00	r	0
2	1.91629e-05	1.14629e-03	 	0
3	6.04648e-08	3.15530e-03	 	0
	1.35231e-10
------------------

	Time step 100 at t=5.00000e-01
1	1.64414e-02	1.00000e+00	r	0
2	2.15504e-05	1.31074e-03	 	0
3	5.81451e-08	2.69810e-03	 	0
	1.31214e-10
------------------

	Time step 101 at t=5.05000e-01
1	1.57011e-02	1.00000e+00	r	0
2	2.32988e-05	1.48389e-03	 	0
3	5.16300e-08	2.21599e-03	 	0
	1.28011e-10
------------------

	Time step 102 at t=5.10000e-01
1	1.50283e-02	1.00000e+00	r	0
2	2.43295e-05	1.61891e-03	 	0
3	4.14401e-08	1.70328e-03	 	0
	1.41114e-10
------------------

	Time step 103 at t=5.15000e-01
1	1.56342e-02	1.00000e+00	r	0
2	2.46004e-05	1.57350e-03	 	0
3	3.91440e-08	1.59119e-03	 	0
	1.48111e-10
------------------

	Time step 104 at t=5.20000e-01
1	1.60887e-02	1.00000e+00	r	0
2	2.41053e-05	1.49828e-03	 	0
3	4.23262e-08	1.75589e-03	 	0
	1.49169e-10
------------------

	Time step 105 at t=5.25000e-01
1	1.63975e-02	1.00000e+00	r	0
2	2.28696e-05	1.39470e-03	 	0
3	4.21706e-08	1.84396e-03	 	0
	1.44869e-10
------------------

	Time step 106 at t=5.30000e-01
1	1.65687e-02	1.00000e+00	r	0
2	2.09435e-05	1.26404e-03	 	0
3	4.44356e-08	2.12169e-03	 	0
	1.36000e-10
------------------

	Time step 107 at t=5.35000e-01
1	1.66121e-02	1.00000e+00	r	0
2	1.83950e-05	1.10733e-03	 	0
3	4.55517e-08	2.47631e-03	 	0
	1.31708e-10
------------------

	Time step 108 at t=5.40000e-01
1	1.72482e-02	1.00000e+00	r	0
2	1.88716e-05	1.09412e-03	 	0
3	4.47165e-08	2.36951e-03	 	0
	1.42581e-10
------------------

	Time step 109 at t=5.45000e-01
1	1.74978e-02	1.00000e+00	r	0
2	2.08667e-05	1.19253e-03	 	0
3	5.16110e-08	2.47337e-03	 	0
	1.48076e-10
------------------

	Time step 110 at t=5.50000e-01
1	1.72615e-02	1.00000e+00	r	0
2	2.22365e-05	1.28821e-03	 	0
3	5.64505e-08	2.53864e-03	 	0
	1.48349e-10
------------------

	Time step 111 at t=5.55000e-01
1	1.65492e-02	1.00000e+00	r	0
2	2.29534e-05	1.38699e-03	 	0
3	5.70457e-08	2.48528e-03	 	0
	1.44091e-10
------------------

	Time step 112 at t=5.60000e-01
1	1.53857e-02	1.00000e+00	r	0
2	2.30114e-05	1.49564e-03	 	0
3	5.32217e-08	2.31285e-03	 	0
	1.36385e-10
------------------

	Time step 113 at t=5.65000e-01
1	1.47450e-02	1.00000e+00	r	0
2	2.24201e-05	1.52052e-03	 	0
3	4.51582e-08	2.01419e-03	 	0
	1.26495e-10
------------------

	Time step 114 at t=5.70000e-01
1	1.54078e-02	1.00000e+00	r	0
2	2.12004e-05	1.37595e-03	 	0
3	4.76355e-08	2.24692e-03	 	0
	1.20905e-10
------------------

	Time step 115 at t=5.75000e-01
1	1.68971e-02	1.00000e+00	r	0
2	1.93820e-05	1.14706e-03	 	0
3	5.33087e-08	2.75043e-03	 	0
	1.13128e-10
------------------

	Time step 116 at t=5.80000e-01
1	1.79317e-02	1.00000e+00	r	0
2	1.70048e-05	9.48306e-04	 	0
3	5.49369e-08	3.23068e-03	 	0
	1.03341e-10
------------------

	Time step 117 at t=5.85000e-01
1	1.84881e-02	1.00000e+00	r	0
2	1.81973e-05	9.84270e-04	 	0
3	5.21615e-08	2.86644e-03	 	0
	1.03404e-10
------------------

	Time step 118 at t=5.90000e-01
1	1.85585e-02	1.00000e+00	r	0
2	2.00397e-05	1.07981e-03	 	0
3	4.50004e-08	2.24556e-03	 	0
	1.12599e-10
------------------

	Time step 119 at t=5.95000e-01
1	1.81512e-02	1.00000e+00	r	0
2	2.10706e-05	1.16084e-03	 	0
3	4.18462e-08	1.98600e-03	 	0
	1.21483e-10
------------------

	Time step 120 at t=6.00000e-01
1	1.72899e-02	1.00000e+00	r	0
2	2.12533e-05	1.22924e-03	 	0
3	5.10830e-08	2.40353e-03	 	0
	1.30010e-10
------------------

	Time step 121 at t=6.05000e-01
1	1.60126e-02	1.00000e+00	r	0
2	2.17940e-05	1.36105e-03	 	0
3	5.58973e-08	2.56480e-03	 	0
	1.38117e-10
------------------

	Time step 122 at t=6.10000e-01
1	1.60160e-02	1.00000e+00	r	0
2	2.25510e-05	1.40803e-03	 	0
3	5.58609e-08	2.47709e-03	 	0
	1.45666e-10
------------------

	Time step 123 at t=6.15000e-01
1	1.67972e-02	1.00000e+00	r	0
2	2.30469e-05	1.37207e-03	 	0
3	5.09917e-08	2.21252e-03	 	0
	1.52422e-10
------------------

	Time step 124 at t=6.20000e-01
1	1.74181e-02	1.00000e+00	r	0
2	2.32636e-05	1.33560e-03	 	0
3	4.36888e-08	1.87799e-03	 	0
	1.58065e-10
------------------

	Time step 125 at t=6.25000e-01
1	1.78648e-02	1.00000e+00	r	0
2	2.31923e-05	1.29821e-03	 	0
3	5.34306e-08	2.30381e-03	 	0
	1.62233e-10
------------------

	Time step 126 at t=6.30000e-01
1	1.81248e-02	1.00000e+00	r	0
2	2.28336e-05	1.25980e-03	 	0
3	5.92779e-08	2.59609e-03	 	0
	1.64590e-10
------------------

	Time step 127 at t=6.35000e-01
1	1.81878e-02	1.00000e+00	r	0
2	2.21976e-05	1.22047e-03	 	0
3	6.03639e-08	2.71939e-03	 	0
	1.64910e-10
------------------

	Time step 128 at t=6.40000e-01
1	1.80456e-02	1.00000e+00	r	0
2	2.13035e-05	1.18054e-03	 	0
3	5.67302e-08	2.66295e-03	 	0
	1.63140e-10
------------------

	Time step 129 at t=6.45000e-01
1	1.76926e-02	1.00000e+00	r	0
2	2.01796e-05	1.14057e-03	 	0
3	4.88266e-08	2.41960e-03	 	0
	1.59434e-10
------------------

	Time step 130 at t=6.50000e-01
1	1.71264e-02	1.00000e+00	r	0
2	1.88617e-05	1.10132e-03	 	0
3	4.40316e-08	2.33444e-03	 	0
	1.54132e-10
------------------

	Time step 131 at t=6.55000e-01
1	1.63478e-02	1.00000e+00	r	0
2	1.73918e-05	1.06386e-03	 	0
3	5.25133e-08	3.01943e-03	 	0
	1.47693e-10
------------------

	Time step 132 at t=6.60000e-01
1	1.53615e-02	1.00000e+00	r	0
2	1.80920e-05	1.17775e-03	 	0
3	5.73099e-08	3.16770e-03	 	0
	1.40584e-10
------------------

	Time step 133 at t=6.65000e-01
1	1.42143e-02	1.00000e+00	r	0
2	2.10690e-05	1.48223e-03	 	0
3	5.82493e-08	2.76470e-03	 	0
	1.33193e-10
------------------

	Time step 134 at t=6.70000e-01
1	1.28046e-02	1.00000e+00	r	0
2	2.33397e-05	1.82277e-03	 	0
3	5.53747e-08	2.37255e-03	 	0
	1.52115e-10
------------------

	Time step 135 at t=6.75000e-01
1	1.37003e-02	1.00000e+00	r	0
2	2.48163e-05	1.81137e-03	 	0
3	4.89094e-08	1.97086e-03	 	0
	1.68698e-10
------------------

	Time step 136 at t=6.80000e-01
1	1.50260e-02	1.00000e+00	r	0
2	2.54463e-05	1.69348e-03	 	0
3	4.96068e-08	1.94947e-03	 	0
	1.81415e-10
------------------

	Time step 137 at t=6.85000e-01
1	1.62441e-02	1.00000e+00	r	0
2	2.52129e-05	1.55213e-03	 	0
3	5.86027e-08	2.32431e-03	 	0
	1.90169e-10
------------------

	Time step 138 at t=6.90000e-01
1	1.73432e-02	1.00000e+00	r	0
2	2.41315e-05	1.39141e-03	 	0
3	6.40444e-08	2.65398e-03	 	0
	1.94922e-10
------------------

	Time step 139 at t=6.95000e-01
1	1.83134e-02	1.00000e+00	r	0
2	2.22449e-05	1.21467e-03	 	0
3	6.54907e-08	2.94408e-03	 	0
	1.95587e-10
------------------

	Time step 140 at t=7.00000e-01
1	1.91460e-02	1.00000e+00	r	0
2	2.08477e-05	1.08888e-03	 	0
3	6.27366e-08	3.00929e-03	 	0
	1.91903e-10
------------------

	Time step 141 at t=7.05000e-01
1	1.98330e-02	1.00000e+00	r	0
2	2.25515e-05	1.13707e-03	 	0
3	5.58616e-08	2.47707e-03	 	0
	1.83379e-10
------------------

	Time step 142 at t=7.10000e-01
1	2.03672e-02	1.00000e+00	r	0
2	2.54834e-05	1.25119e-03	 	0
3	4.98613e-08	1.95662e-03	 	0
	1.82260e-10
------------------

	Time step 143 at t=7.15000e-01
1	2.07424e-02	1.00000e+00	r	0
2	2.77111e-05	1.33596e-03	 	0
3	5.34110e-08	1.92743e-03	 	0
	1.85452e-10
------------------

	Time step 144 at t=7.20000e-01
1	2.09525e-02	1.00000e+00	r	0
2	2.91586e-05	1.39165e-03	 	0
3	5.71943e-08	1.96149e-03	 	0
	2.09743e-10
------------------

	Time step 145 at t=7.25000e-01
1	2.09925e-02	1.00000e+00	r	0
2	2.97836e-05	1.41877e-03	 	0
3	6.02749e-08	2.02376e-03	 	0
	2.30533e-10
------------------

	Time step 146 at t=7.30000e-01
1	2.08576e-02	1.00000e+00	r	0
2	2.95744e-05	1.41792e-03	 	0
3	6.26017e-08	2.11675e-03	 	0
	2.45227e-10
------------------

	Time step 147 at t=7.35000e-01
1	2.05438e-02	1.00000e+00	r	0
2	2.85456e-05	1.38950e-03	 	0
3	6.41859e-08	2.24854e-03	 	0
	2.53350e-10
------------------

	Time step 148 at t=7.40000e-01
1	2.00479e-02	1.00000e+00	r	0
2	2.67331e-05	1.33346e-03	 	0
3	6.50742e-08	2.43421e-03	 	0
	2.54962e-10
------------------

	Time step 149 at t=7.45000e-01
1	1.93678e-02	1.00000e+00	r	0
2	2.41905e-05	1.24901e-03	 	0
3	6.53175e-08	2.70013e-03	 	0
	2.50443e-10
------------------

	Time step 150 at t=7.50000e-01
1	1.85030e-02	1.00000e+00	r	0
2	2.17196e-05	1.17384e-03	 	0
3	6.49456e-08	2.99018e-03	 	0
	2.40177e-10
------------------

	Time step 151 at t=7.55000e-01
1	1.74546e-02	1.00000e+00	r	0
2	2.40212e-05	1.37621e-03	 	0
3	6.39536e-08	2.66238e-03	 	0
	2.24353e-10
------------------

	Time step 152 at t=7.60000e-01
1	1.62261e-02	1.00000e+00	r	0
2	2.54151e-05	1.56631e-03	 	0
3	6.23057e-08	2.45152e-03	 	0
	2.24357e-10
------------------

	Time step 153 at t=7.65000e-01
1	1.64395e-02	1.00000e+00	r	0
2	2.58449e-05	1.57212e-03	 	0
3	5.99506e-08	2.31963e-03	 	0
	2.38548e-10
------------------

	Time step 154 at t=7.70000e-01
1	1.69206e-02	1.00000e+00	r	0
2	2.53004e-05	1.49525e-03	 	0
3	6.31830e-08	2.49731e-03	 	0
	2.50179e-10
------------------

	Time step 155 at t=7.75000e-01
1	1.72919e-02	1.00000e+00	r	0
2	2.38141e-05	1.37718e-03	 	0
3	6.81735e-08	2.86274e-03	 	0
	2.59489e-10
------------------

	Time step 156 at t=7.80000e-01
1	1.75638e-02	1.00000e+00	r	0
2	2.46549e-05	1.40373e-03	 	0
3	6.75946e-08	2.74163e-03	 	0
	2.66940e-10
------------------

	Time step 157 at t=7.85000e-01
1	1.77451e-02	1.00000e+00	r	0
2	2.52044e-05	1.42036e-03	 	0
3	6.13660e-08	2.43473e-03	 	0
	2.72953e-10
------------------

	Time step 158 at t=7.90000e-01
1	1.78420e-02	1.00000e+00	r	0
2	2.53961e-05	1.42339e-03	 	0
3	6.05026e-08	2.38235e-03	 	0
	2.77619e-10
------------------

	Time step 159 at t=7.95000e-01
1	1.78585e-02	1.00000e+00	r	0
2	2.52090e-05	1.41160e-03	 	0
3	6.33699e-08	2.51378e-03	 	0
	2.80510e-10
------------------

	Time step 160 at t=8.00000e-01
1	1.77953e-02	1.00000e+00	r	0
2	2.46302e-05	1.38408e-03	 	0
3	6.55101e-08	2.65975e-03	 	0
	2.80712e-10
------------------

	Time step 161 at t=8.05000e-01
1	1.76504e-02	1.00000e+00	r	0
2	2.36596e-05	1.34046e-03	 	0
3	6.68167e-08	2.82408e-03	 	0
	2.77111e-10
------------------

	Time step 162 at t=8.10000e-01
1	1.74193e-02	1.00000e+00	r	0
2	2.23148e-05	1.28104e-03	 	0
3	6.72279e-08	3.01270e-03	 	0
	2.68829e-10
------------------

	Time step 163 at t=8.15000e-01
1	1.70957e-02	1.00000e+00	r	0
2	2.06345e-05	1.20700e-03	 	0
3	6.67455e-08	3.23466e-03	 	0
	2.55619e-10
------------------

	Time step 164 at t=8.20000e-01
1	1.66720e-02	1.00000e+00	r	0
2	1.88793e-05	1.13240e-03	 	0
3	6.54358e-08	3.46601e-03	 	0
	2.38037e-10
------------------

	Time step 165 at t=8.25000e-01
1	1.65158e-02	1.00000e+00	r	0
2	1.95285e-05	1.18241e-03	 	0
3	6.88289e-08	3.52454e-03	 	0
	2.17312e-10
------------------

	Time step 166 at t=8.30000e-01
1	1.58742e-02	1.00000e+00	r	0
2	2.32620e-05	1.46540e-03	 	0
3	7.36387e-08	3.16562e-03	 	0
	1.94979e-10
------------------

	Time step 167 at t=8.35000e-01
1	1.47251e-02	1.00000e+00	r	0
2	2.61244e-05	1.77414e-03	 	0
3	7.27725e-08	2.78561e-03	 	0
	1.72462e-10
------------------

	Time step 168 at t=8.40000e-01
1	1.44628e-02	1.00000e+00	r	0
2	2.79761e-05	1.93434e-03	 	0
3	6.64643e-08	2.37576e-03	 	0
	1.88075e-10
------------------

	Time step 169 at t=8.45000e-01
1	1.59161e-02	1.00000e+00	r	0
2	2.87349e-05	1.80540e-03	 	0
3	5.53849e-08	1.92745e-03	 	0
	2.03197e-10
------------------

	Time step 170 at t=8.50000e-01
1	1.72146e-02	1.00000e+00	r	0
2	2.83826e-05	1.64875e-03	 	0
3	4.68202e-08	1.64961e-03	 	0
	2.09716e-10
------------------

	Time step 171 at t=8.55000e-01
1	1.83564e-02	1.00000e+00	r	0
2	2.69631e-05	1.46887e-03	 	0
3	5.35769e-08	1.98704e-03	 	0
	2.08019e-10
------------------

	Time step 172 at t=8.60000e-01
1	1.93419e-02	1.00000e+00	r	0
2	2.45728e-05	1.27045e-03	 	0
3	5.58509e-08	2.27287e-03	 	0
	1.98962e-10
------------------

	Time step 173 at t=8.65000e-01
1	2.01737e-02	1.00000e+00	r	0
2	2.13469e-05	1.05815e-03	 	0
3	5.35558e-08	2.50883e-03	 	0
	1.83669e-10
------------------

	Time step 174 at t=8.70000e-01
1	2.08557e-02	1.00000e+00	r	0
2	2.00289e-05	9.60359e-04	 	0
3	4.69040e-08	2.34181e-03	 	0
	1.63275e-10
------------------

	Time step 175 at t=8.75000e-01
1	2.13920e-02	1.00000e+00	r	0
2	2.25650e-05	1.05484e-03	 	0
3	4.43405e-08	1.96501e-03	 	0
	1.38735e-10
------------------

	Time step 176 at t=8.80000e-01
1	2.17867e-02	1.00000e+00	r	0
2	2.42601e-05	1.11353e-03	 	0
3	5.43811e-08	2.24158e-03	 	0
	1.48793e-10
------------------

	Time step 177 at t=8.85000e-01
1	2.20431e-02	1.00000e+00	r	0
2	2.50784e-05	1.13770e-03	 	0
3	5.97217e-08	2.38140e-03	 	0
	1.63471e-10
------------------

	Time step 178 at t=8.90000e-01
1	2.21634e-02	1.00000e+00	r	0
2	2.50273e-05	1.12922e-03	 	0
3	5.98795e-08	2.39257e-03	 	0
	1.72254e-10
------------------

	Time step 179 at t=8.95000e-01
1	2.21481e-02	1.00000e+00	r	0
2	2.41498e-05	1.09038e-03	 	0
3	5.47732e-08	2.26806e-03	 	0
	1.75118e-10
------------------

	Time step 180 at t=9.00000e-01
1	2.19964e-02	1.00000e+00	r	0
2	2.25149e-05	1.02357e-03	 	0
3	4.47664e-08	1.98830e-03	 	0
	1.72450e-10
------------------

	Time step 181 at t=9.05000e-01
1	2.17063e-02	1.00000e+00	r	0
2	2.02087e-05	9.31004e-04	 	0
3	4.96271e-08	2.45573e-03	 	0
	1.64948e-10
------------------

	Time step 182 at t=9.10000e-01
1	2.12747e-02	1.00000e+00	r	0
2	1.75880e-05	8.26711e-04	 	0
3	5.57960e-08	3.17238e-03	 	0
	1.53379e-10
------------------

	Time step 183 at t=9.15000e-01
1	2.06981e-02	1.00000e+00	r	0
2	1.98832e-05	9.60630e-04	 	0
3	5.68230e-08	2.85784e-03	 	0
	1.38324e-10
------------------

	Time step 184 at t=9.20000e-01
1	1.99731e-02	1.00000e+00	r	0
2	2.12484e-05	1.06385e-03	 	0
3	5.24455e-08	2.46821e-03	 	0
	1.20045e-10
------------------

	Time step 185 at t=9.25000e-01
1	1.90971e-02	1.00000e+00	r	0
2	2.16408e-05	1.13320e-03	 	0
3	4.29504e-08	1.98469e-03	 	0
	1.32320e-10
------------------

	Time step 186 at t=9.30000e-01
1	1.80691e-02	1.00000e+00	r	0
2	2.10734e-05	1.16626e-03	 	0
3	4.96464e-08	2.35588e-03	 	0
	1.43493e-10
------------------

	Time step 187 at t=9.35000e-01
1	1.68901e-02	1.00000e+00	r	0
2	1.96105e-05	1.16106e-03	 	0
3	5.63773e-08	2.87486e-03	 	0
	1.52967e-10
------------------

	Time step 188 at t=9.40000e-01
1	1.63903e-02	1.00000e+00	r	0
2	2.03068e-05	1.23895e-03	 	0
3	5.74375e-08	2.82849e-03	 	0
	1.60409e-10
------------------

	Time step 189 at t=9.45000e-01
1	1.75724e-02	1.00000e+00	r	0
2	2.07103e-05	1.17857e-03	 	0
3	5.28124e-08	2.55006e-03	 	0
	1.65613e-10
------------------

	Time step 190 at t=9.50000e-01
1	1.86475e-02	1.00000e+00	r	0
2	2.08012e-05	1.11549e-03	 	0
3	4.41627e-08	2.12308e-03	 	0
	1.68470e-10
------------------

	Time step 191 at t=9.55000e-01
1	1.96020e-02	1.00000e+00	r	0
2	2.05828e-05	1.05003e-03	 	0
3	4.89434e-08	2.37788e-03	 	0
	1.68930e-10
------------------

	Time step 192 at t=9.60000e-01
1	2.04205e-02	1.00000e+00	r	0
2	2.00659e-05	9.82635e-04	 	0
3	5.56278e-08	2.77225e-03	 	0
	1.66987e-10
------------------

	Time step 193 at t=9.65000e-01
1	2.10870e-02	1.00000e+00	r	0
2	1.92683e-05	9.13751e-04	 	0
3	5.73332e-08	2.97552e-03	 	0
	1.62687e-10
------------------

	Time step 194 at t=9.70000e-01
1	2.15852e-02	1.00000e+00	r	0
2	1.82144e-05	8.43836e-04	 	0
3	5.41838e-08	2.97478e-03	 	0
	1.56172e-10
------------------

	Time step 195 at t=9.75000e-01
1	2.18993e-02	1.00000e+00	r	0
2	1.71669e-05	7.83902e-04	 	0
3	4.67181e-08	2.72141e-03	 	0
	1.47735e-10
------------------

	Time step 196 at t=9.80000e-01
1	2.20148e-02	1.00000e+00	r	0
2	1.64086e-05	7.45345e-04	 	0
3	4.68677e-08	2.85629e-03	 	0
	1.37842e-10
------------------

	Time step 197 at t=9.85000e-01
1	2.19195e-02	1.00000e+00	r	0
2	1.56702e-05	7.14897e-04	 	0
3	5.49125e-08	3.50426e-03	 	0
	1.27091e-10
------------------

	Time step 198 at t=9.90000e-01
1	2.16045e-02	1.00000e+00	r	0
2	1.81969e-05	8.42272e-04	 	0
3	5.88891e-08	3.23622e-03	 	0
	1.16107e-10
------------------

	Time step 199 at t=9.95000e-01
1	2.10645e-02	1.00000e+00	r	0
2	2.00249e-05	9.50646e-04	 	0
3	5.87143e-08	2.93207e-03	 	0
	1.23937e-10
------------------

	Time step 200 at t=1.00000e+00
1	2.02988e-02	1.00000e+00	r	0
2	2.10857e-05	1.03877e-03	 	0
3	5.45804e-08	2.58850e-03	 	0
	1.37112e-10
------------------

	Time step 201 at t=1.00500e+00
1	1.93114e-02	1.00000e+00	r	0
2	2.13533e-05	1.10573e-03	 	0
3	4.69079e-08	2.19675e-03	 	0
	1.45909e-10
------------------

	Time step 202 at t=1.01000e+00
1	1.81114e-02	1.00000e+00	r	0
2	2.08441e-05	1.15088e-03	 	0
3	4.50666e-08	2.16207e-03	 	0
	1.50724e-10
------------------

	Time step 203 at t=1.01500e+00
1	1.67126e-02	1.00000e+00	r	0
2	1.96117e-05	1.17347e-03	 	0
3	5.26279e-08	2.68350e-03	 	0
	1.51988e-10
------------------

	Time step 204 at t=1.02000e+00
1	1.51332e-02	1.00000e+00	r	0
2	1.82342e-05	1.20492e-03	 	0
3	5.68900e-08	3.11996e-03	 	0
	1.50039e-10
------------------

	Time step 205 at t=1.02500e+00
1	1.61670e-02	1.00000e+00	r	0
2	1.95457e-05	1.20899e-03	 	0
3	5.75840e-08	2.94612e-03	 	0
	1.45033e-10
------------------

	Time step 206 at t=1.03000e+00
1	1.76687e-02	1.00000e+00	r	0
2	2.04743e-05	1.15879e-03	 	0
3	5.45885e-08	2.66619e-03	 	0
	1.50754e-10
------------------

	Time step 207 at t=1.03500e+00
1	1.90464e-02	1.00000e+00	r	0
2	2.09992e-05	1.10253e-03	 	0
3	4.79573e-08	2.28377e-03	 	0
	1.60008e-10
------------------

	Time step 208 at t=1.04000e+00
1	2.02885e-02	1.00000e+00	r	0
2	2.22562e-05	1.09698e-03	 	0
3	4.43208e-08	1.99139e-03	 	0
	1.66265e-10
------------------

	Time step 209 at t=1.04500e+00
1	2.13837e-02	1.00000e+00	r	0
2	2.31552e-05	1.08284e-03	 	0
3	5.21227e-08	2.25102e-03	 	0
	1.68768e-10
------------------

	Time step 210 at t=1.05000e+00
1	2.23206e-02	1.00000e+00	r	0
2	2.34116e-05	1.04888e-03	 	0
3	5.60528e-08	2.39423e-03	 	0
	1.71301e-10
------------------

	Time step 211 at t=1.05500e+00
1	2.30877e-02	1.00000e+00	r	0
2	2.30459e-05	9.98190e-04	 	0
3	5.56606e-08	2.41521e-03	 	0
	1.81643e-10
------------------

	Time step 212 at t=1.06000e+00
1	2.36742e-02	1.00000e+00	r	0
2	2.20965e-05	9.33358e-04	 	0
3	5.08552e-08	2.30151e-03	 	0
	1.86942e-10
------------------

	Time step 213 at t=1.06500e+00
1	2.40695e-02	1.00000e+00	r	0
2	2.06125e-05	8.56374e-04	 	0
3	4.19422e-08	2.03480e-03	 	0
	1.87197e-10
------------------

	Time step 214 at t=1.07000e+00
1	2.42640e-02	1.00000e+00	r	0
2	1.93474e-05	7.97367e-04	 	0
3	4.61344e-08	2.38453e-03	 	0
	1.82708e-10
------------------

	Time step 215 at t=1.07500e+00
1	2.42493e-02	1.00000e+00	r	0
2	1.79632e-05	7.40771e-04	 	0
3	5.39275e-08	3.00211e-03	 	0
	1.73883e-10
------------------

	Time step 216 at t=1.08000e+00
1	2.40186e-02	1.00000e+00	r	0
2	1.85008e-05	7.70270e-04	 	0
3	5.75715e-08	3.11184e-03	 	0
	1.61047e-10
------------------

	Time step 217 at t=1.08500e+00
1	2.35670e-02	1.00000e+00	r	0
2	1.93983e-05	8.23113e-04	 	0
3	5.67944e-08	2.92780e-03	 	0
	1.44534e-10
------------------

	Time step 218 at t=1.09000e+00
1	2.28924e-02	1.00000e+00	r	0
2	2.05771e-05	8.98862e-04	 	0
3	5.16894e-08	2.51199e-03	 	0
	1.56185e-10
------------------

	Time step 219 at t=1.09500e+00
1	2.19958e-02	1.00000e+00	r	0
2	2.26277e-05	1.02873e-03	 	0
3	4.27170e-08	1.88782e-03	 	0
	1.65186e-10
------------------

	Time step 220 at t=1.10000e+00
1	2.08814e-02	1.00000e+00	r	0
2	2.39558e-05	1.14723e-03	 	0
3	5.02163e-08	2.09621e-03	 	0
	1.71289e-10
------------------

	Time step 221 at t=1.10500e+00
1	1.95574e-02	1.00000e+00	r	0
2	2.45407e-05	1.25480e-03	 	0
3	5.35353e-08	2.18149e-03	 	0
	1.74624e-10
------------------

	Time step 222 at t=1.11000e+00
1	1.80359e-02	1.00000e+00	r	0
2	2.43951e-05	1.35259e-03	 	0
3	5.22749e-08	2.14285e-03	 	0
	1.75705e-10
------------------

	Time step 223 at t=1.11500e+00
1	1.72741e-02	1.00000e+00	r	0
2	2.35586e-05	1.36381e-03	 	0
3	4.66824e-08	1.98154e-03	 	0
	1.75294e-10
------------------

	Time step 224 at t=1.12000e+00
1	1.80296e-02	1.00000e+00	r	0
2	2.20918e-05	1.22531e-03	 	0
3	3.73907e-08	1.69252e-03	 	0
	1.74159e-10
------------------

	Time step 225 at t=1.12500e+00
1	1.86625e-02	1.00000e+00	r	0
2	2.00697e-05	1.07540e-03	 	0
3	3.78634e-08	1.88659e-03	 	0
	1.72811e-10
------------------

	Time step 226 at t=1.13000e+00
1	1.91728e-02	1.00000e+00	r	0
2	1.89484e-05	9.88299e-04	 	0
3	4.22037e-08	2.22729e-03	 	0
	1.71315e-10
------------------

	Time step 227 at t=1.13500e+00
1	1.95599e-02	1.00000e+00	r	0
2	1.83958e-05	9.40484e-04	 	0
3	4.56679e-08	2.48252e-03	 	0
	1.69271e-10
------------------

	Time step 228 at t=1.14000e+00
1	1.98227e-02	1.00000e+00	r	0
2	1.76476e-05	8.90269e-04	 	0
3	4.55641e-08	2.58189e-03	 	0
	1.65963e-10
------------------

	Time step 229 at t=1.14500e+00
1	1.99599e-02	1.00000e+00	r	0
2	1.67095e-05	8.37154e-04	 	0
3	4.20289e-08	2.51527e-03	 	0
	1.60633e-10
------------------

	Time step 230 at t=1.15000e+00
1	1.99701e-02	1.00000e+00	r	0
2	1.55929e-05	7.80814e-04	 	0
3	4.12890e-08	2.64793e-03	 	0
	1.52749e-10
------------------

	Time step 231 at t=1.15500e+00
1	1.98521e-02	1.00000e+00	r	0
2	1.47954e-05	7.45285e-04	 	0
3	4.94972e-08	3.34543e-03	 	0
	1.42187e-10
------------------

	Time step 232 at t=1.16000e+00
1	1.96048e-02	1.00000e+00	r	0
2	1.71490e-05	8.74736e-04	 	0
3	5.43274e-08	3.16796e-03	 	0
	1.29264e-10
------------------

	Time step 233 at t=1.16500e+00
1	1.92277e-02	1.00000e+00	r	0
2	1.89600e-05	9.86078e-04	 	0
3	5.53845e-08	2.92112e-03	 	0
	1.24280e-10
------------------

	Time step 234 at t=1.17000e+00
1	1.87206e-02	1.00000e+00	r	0
2	2.01591e-05	1.07684e-03	 	0
3	5.25700e-08	2.60776e-03	 	0
	1.25973e-10
------------------

	Time step 235 at t=1.17500e+00
1	1.80837e-02	1.00000e+00	r	0
2	2.07092e-05	1.14518e-03	 	0
3	4.61363e-08	2.22782e-03	 	0
	1.33307e-10
------------------

	Time step 236 at t=1.18000e+00
1	1.73177e-02	1.00000e+00	r	0
2	2.06084e-05	1.19002e-03	 	0
3	3.66725e-08	1.77950e-03	 	0
	1.34710e-10
------------------

	Time step 237 at t=1.18500e+00
1	1.64241e-02	1.00000e+00	r	0
2	1.98878e-05	1.21089e-03	 	0
3	3.34842e-08	1.68366e-03	 	0
	1.30585e-10
------------------

	Time step 238 at t=1.19000e+00
1	1.54048e-02	1.00000e+00	r	0
2	1.86055e-05	1.20777e-03	 	0
3	3.62507e-08	1.94839e-03	 	0
	1.21831e-10
------------------

	Time step 239 at t=1.19500e+00
1	1.56995e-02	1.00000e+00	r	0
2	1.68382e-05	1.07254e-03	 	0
3	3.59908e-08	2.13744e-03	 	0
	1.13313e-10
------------------

	Time step 240 at t=1.20000e+00
1	1.69375e-02	1.00000e+00	r	0
2	1.46722e-05	8.66256e-04	 	0
3	3.29214e-08	2.24379e-03	 	0
	1.08985e-10
------------------

	Time step 241 at t=1.20500e+00
1	1.80327e-02	1.00000e+00	r	0
2	1.42034e-05	7.87644e-04	 	0
3	3.25439e-08	2.29128e-03	 	0
	1.02930e-10
------------------

	Time step 242 at t=1.21000e+00
1	1.89878e-02	1.00000e+00	r	0
2	1.51580e-05	7.98298e-04	 	0
3	3.44624e-08	2.27355e-03	 	0
	9.52934e-11
------------------

	Time step 243 at t=1.21500e+00
1	1.98057e-02	1.00000e+00	r	0
2	1.60690e-05	8.11329e-04	 	0
3	3.98634e-08	2.48077e-03	 	0
	9.43849e-11
------------------

	Time step 244 at t=1.22000e+00
1	2.04888e-02	1.00000e+00	r	0
2	1.64893e-05	8.04799e-04	 	0
3	4.31333e-08	2.61583e-03	 	0
	9.99298e-11
------------------

	Time step 245 at t=1.22500e+00
1	2.10381e-02	1.00000e+00	r	0
2	1.64432e-05	7.81593e-04	 	0
3	4.30409e-08	2.61755e-03	 	0
	1.02378e-10
------------------

	Time step 246 at t=1.23000e+00
1	2.14534e-02	1.00000e+00	r	0
2	1.62181e-05	7.55968e-04	 	0
3	3.95261e-08	2.43716e-03	 	0
	1.01610e-10
------------------

	Time step 247 at t=1.23500e+00
1	2.17325e-02	1.00000e+00	r	0
2	1.58077e-05	7.27376e-04	 	0
3	3.28031e-08	2.07513e-03	 	0
	9.76908e-11
------------------

	Time step 248 at t=1.24000e+00
1	2.18719e-02	1.00000e+00	r	0
2	1.49425e-05	6.83183e-04	 	0
3	3.36930e-08	2.25484e-03	 	0
	9.09293e-11
------------------

	Time step 249 at t=1.24500e+00
1	2.18665e-02	1.00000e+00	r	0
2	1.44538e-05	6.61000e-04	 	0
3	3.72041e-08	2.57401e-03	 	0
	8.18235e-11
------------------

	Time step 250 at t=1.25000e+00
1	2.17106e-02	1.00000e+00	r	0
2	1.35100e-05	6.22276e-04	 	0
3	3.75259e-08	2.77764e-03	 	0
	7.12331e-11
------------------

	Time step 251 at t=1.25500e+00
1	2.13982e-02	1.00000e+00	r	0
2	1.23890e-05	5.78972e-04	 	0
3	3.45014e-08	2.78485e-03	 	0
	7.69907e-11
------------------

	Time step 252 at t=1.26000e+00
1	2.09237e-02	1.00000e+00	r	0
2	1.31965e-05	6.30695e-04	 	0
3	2.91401e-08	2.20817e-03	 	0
	8.33378e-11
------------------

	Time step 253 at t=1.26500e+00
1	2.02827e-02	1.00000e+00	r	0
2	1.34899e-05	6.65095e-04	 	0
3	3.10765e-08	2.30368e-03	 	0
	8.64470e-11
------------------

	Time step 254 at t=1.27000e+00
1	1.94724e-02	1.00000e+00	r	0
2	1.42340e-05	7.30982e-04	 	0
3	3.61407e-08	2.53904e-03	 	0
	8.61792e-11
------------------

	Time step 255 at t=1.27500e+00
1	1.84922e-02	1.00000e+00	r	0
2	1.49204e-05	8.06848e-04	 	0
3	3.75590e-08	2.51728e-03	 	0
	8.89047e-11
------------------

	Time step 256 at t=1.28000e+00
1	1.73443e-02	1.00000e+00	r	0
2	1.54409e-05	8.90258e-04	 	0
3	3.52555e-08	2.28326e-03	 	0
	9.35091e-11
------------------

	Time step 257 at t=1.28500e+00
1	1.73802e-02	1.00000e+00	r	0
2	1.57773e-05	9.07774e-04	 	0
3	2.95411e-08	1.87238e-03	 	0
	9.67712e-11
------------------

	Time step 258 at t=1.29000e+00
1	1.88408e-02	1.00000e+00	r	0
2	1.59179e-05	8.44867e-04	 	0
3	3.27106e-08	2.05495e-03	 	0
	9.86207e-11
------------------

	Time step 259 at t=1.29500e+00
1	2.01401e-02	1.00000e+00	r	0
2	1.58570e-05	7.87335e-04	 	0
3	3.78505e-08	2.38700e-03	 	0
	9.90510e-11
------------------

	Time step 260 at t=1.30000e+00
1	2.12578e-02	1.00000e+00	r	0
2	1.55938e-05	7.33556e-04	 	0
3	3.98041e-08	2.55256e-03	 	0
	9.81023e-11
------------------

	Time step 261 at t=1.30500e+00
1	2.21755e-02	1.00000e+00	r	0
2	1.51329e-05	6.82417e-04	 	0
3	3.85465e-08	2.54719e-03	 	0
	9.58600e-11
------------------

	Time step 262 at t=1.31000e+00
1	2.28768e-02	1.00000e+00	r	0
2	1.44844e-05	6.33149e-04	 	0
3	3.43264e-08	2.36988e-03	 	0
	9.24697e-11
------------------

	Time step 263 at t=1.31500e+00
1	2.33482e-02	1.00000e+00	r	0
2	1.36646e-05	5.85252e-04	 	0
3	3.47159e-08	2.54058e-03	 	0
	9.52421e-11
------------------

	Time step 264 at t=1.32000e+00
1	2.35792e-02	1.00000e+00	r	0
2	1.35675e-05	5.75401e-04	 	0
3	3.73245e-08	2.75102e-03	 	0
	9.75960e-11
------------------

	Time step 265 at t=1.32500e+00
1	2.35631e-02	1.00000e+00	r	0
2	1.37630e-05	5.84092e-04	 	0
3	4.13080e-08	3.00138e-03	 	0
	9.76204e-11
------------------

	Time step 266 at t=1.33000e+00
1	2.32969e-02	1.00000e+00	r	0
2	1.35711e-05	5.82526e-04	 	0
3	4.26325e-08	3.14143e-03	 	0
	9.54684e-11
------------------

	Time step 267 at t=1.33500e+00
1	2.27819e-02	1.00000e+00	r	0
2	1.30089e-05	5.71018e-04	 	0
3	4.13100e-08	3.17551e-03	 	0
	9.14758e-11
------------------

	Time step 268 at t=1.34000e+00
1	2.20235e-02	1.00000e+00	r	0
2	1.41936e-05	6.44474e-04	 	0
3	3.74895e-08	2.64131e-03	 	0
	9.94833e-11
------------------

	Time step 269 at t=1.34500e+00
1	2.10310e-02	1.00000e+00	r	0
2	1.49780e-05	7.12187e-04	 	0
3	3.14310e-08	2.09848e-03	 	0
	1.05062e-10
------------------

	Time step 270 at t=1.35000e+00
1	1.98181e-02	1.00000e+00	r	0
2	1.52858e-05	7.71308e-04	 	0
3	3.65988e-08	2.39430e-03	 	0
	1.08271e-10
------------------

	Time step 271 at t=1.35500e+00
1	1.84016e-02	1.00000e+00	r	0
2	1.52351e-05	8.27922e-04	 	0
3	4.13331e-08	2.71302e-03	 	0
	1.09229e-10
------------------

	Time step 272 at t=1.36000e+00
1	1.68018e-02	1.00000e+00	r	0
2	1.65789e-05	9.86737e-04	 	0
3	4.36971e-08	2.63570e-03	 	0
	1.08069e-10
------------------

	Time step 273 at t=1.36500e+00
1	1.50416e-02	1.00000e+00	r	0
2	1.75928e-05	1.16961e-03	 	0
3	4.34656e-08	2.47065e-03	 	0
	1.16925e-10
------------------

	Time step 274 at t=1.37000e+00
1	1.65514e-02	1.00000e+00	r	0
2	1.82469e-05	1.10244e-03	 	0
3	4.05353e-08	2.22149e-03	 	0
	1.24118e-10
------------------

	Time step 275 at t=1.37500e+00
1	1.80499e-02	1.00000e+00	r	0
2	1.85140e-05	1.02571e-03	 	0
3	3.49599e-08	1.88830e-03	 	0
	1.29224e-10
------------------

	Time step 276 at t=1.38000e+00
1	1.94033e-02	1.00000e+00	r	0
2	1.83702e-05	9.46753e-04	 	0
3	3.46107e-08	1.88407e-03	 	0
	1.31804e-10
------------------

	Time step 277 at t=1.38500e+00
1	2.06001e-02	1.00000e+00	r	0
2	1.80058e-05	8.74064e-04	 	0
3	4.00344e-08	2.22342e-03	 	0
	1.31391e-10
------------------

	Time step 278 at t=1.39000e+00
1	2.16291e-02	1.00000e+00	r	0
2	1.89939e-05	8.78162e-04	 	0
3	4.26569e-08	2.24582e-03	 	0
	1.29078e-10
------------------

	Time step 279 at t=1.39500e+00
1	2.24802e-02	1.00000e+00	r	0
2	1.95378e-05	8.69113e-04	 	0
3	4.21838e-08	2.15909e-03	 	0
	1.39143e-10
------------------

	Time step 280 at t=1.40000e+00
1	2.31434e-02	1.00000e+00	r	0
2	1.96234e-05	8.47907e-04	 	0
3	3.85452e-08	1.96424e-03	 	0
	1.46230e-10
------------------

	Time step 281 at t=1.40500e+00
1	2.36098e-02	1.00000e+00	r	0
2	1.92484e-05	8.15273e-04	 	0
3	3.28882e-08	1.70862e-03	 	0
	1.49996e-10
------------------

	Time step 282 at t=1.41000e+00
1	2.38712e-02	1.00000e+00	r	0
2	1.84207e-05	7.71672e-04	 	0
3	3.81351e-08	2.07023e-03	 	0
	1.50310e-10
------------------

	Time step 283 at t=1.41500e+00
1	2.39206e-02	1.00000e+00	r	0
2	1.71577e-05	7.17275e-04	 	0
3	4.48188e-08	2.61217e-03	 	0
	1.47206e-10
------------------

	Time step 284 at t=1.42000e+00
1	2.37525e-02	1.00000e+00	r	0
2	1.54855e-05	6.51952e-04	 	0
3	4.85420e-08	3.13468e-03	 	0
	1.40786e-10
------------------

	Time step 285 at t=1.42500e+00
1	2.33630e-02	1.00000e+00	r	0
2	1.52966e-05	6.54737e-04	 	0
3	4.89655e-08	3.20107e-03	 	0
	1.31122e-10
------------------

	Time step 286 at t=1.43000e+00
1	2.27504e-02	1.00000e+00	r	0
2	1.72694e-05	7.59080e-04	 	0
3	4.59789e-08	2.66245e-03	 	0
	1.23079e-10
------------------

	Time step 287 at t=1.43500e+00
1	2.19157e-02	1.00000e+00	r	0
2	1.87462e-05	8.55376e-04	 	0
3	3.97245e-08	2.11908e-03	 	0
	1.34442e-10
------------------

	Time step 288 at t=1.44000e+00
1	2.08626e-02	1.00000e+00	r	0
2	1.96840e-05	9.43507e-04	 	0
3	4.34920e-08	2.20951e-03	 	0
	1.45048e-10
------------------

	Time step 289 at t=1.44500e+00
1	1.95983e-02	1.00000e+00	r	0
2	2.00620e-05	1.02366e-03	 	0
3	4.78503e-08	2.38511e-03	 	0
	1.54856e-10
------------------

	Time step 290 at t=1.45000e+00
1	1.81329e-02	1.00000e+00	r	0
2	1.98793e-05	1.09631e-03	 	0
3	4.84646e-08	2.43794e-03	 	0
	1.63902e-10
------------------

	Time step 291 at t=1.45500e+00
1	1.73834e-02	1.00000e+00	r	0
2	1.91525e-05	1.10177e-03	 	0
3	4.51758e-08	2.35874e-03	 	0
	1.72235e-10
------------------

	Time step 292 at t=1.46000e+00
1	1.82775e-02	1.00000e+00	r	0
2	1.79130e-05	9.80059e-04	 	0
3	3.97017e-08	2.21636e-03	 	0
	1.79816e-10
------------------

	Time step 293 at t=1.46500e+00
1	1.90372e-02	1.00000e+00	r	0
2	1.74308e-05	9.15621e-04	 	0
3	4.17641e-08	2.39599e-03	 	0
	1.86418e-10
------------------

	Time step 294 at t=1.47000e+00
1	1.96601e-02	1.00000e+00	r	0
2	1.74680e-05	8.88500e-04	 	0
3	4.36306e-08	2.49774e-03	 	0
	1.91578e-10
------------------

	Time step 295 at t=1.47500e+00
1	2.01434e-02	1.00000e+00	r	0
2	1.72499e-05	8.56353e-04	 	0
3	4.52433e-08	2.62282e-03	 	0
	1.94626e-10
------------------

	Time step 296 at t=1.48000e+00
1	2.04838e-02	1.00000e+00	r	0
2	1.67719e-05	8.18790e-04	 	0
3	4.65221e-08	2.77380e-03	 	0
	1.94822e-10
------------------

	Time step 297 at t=1.48500e+00
1	2.06778e-02	1.00000e+00	r	0
2	1.60410e-05	7.75760e-04	 	0
3	4.73820e-08	2.95380e-03	 	0
	1.91554e-10
------------------

	Time step 298 at t=1.49000e+00
1	2.07217e-02	1.00000e+00	r	0
2	1.57658e-05	7.60833e-04	 	0
3	4.77521e-08	3.02885e-03	 	0
	1.84545e-10
------------------

	Time step 299 at t=1.49500e+00
1	2.06122e-02	1.00000e+00	r	0
2	1.55371e-05	7.53782e-04	 	0
3	5.19385e-08	3.34287e-03	 	0
	1.73985e-10
------------------

	Time step 300 at t=1.50000e+00
1	2.03463e-02	1.00000e+00	r	0
2	1.47174e-05	7.23346e-04	 	0
3	5.82046e-08	3.95481e-03	 	0
	1.60537e-10
------------------

	Time step 301 at t=1.50500e+00
1	1.99224e-02	1.00000e+00	r	0
2	1.47232e-05	7.39030e-04	 	0
3	6.04375e-08	4.10491e-03	 	0
	1.45203e-10
------------------

	Time step 302 at t=1.51000e+00
1	1.93398e-02	1.00000e+00	r	0
2	1.72810e-05	8.93547e-04	 	0
3	5.85421e-08	3.38766e-03	 	0
	1.52924e-10
------------------

	Time step 303 at t=1.51500e+00
1	1.85998e-02	1.00000e+00	r	0
2	1.93634e-05	1.04106e-03	 	0
3	5.27462e-08	2.72401e-03	 	0
	1.72609e-10
------------------

	Time step 304 at t=1.52000e+00
1	1.77056e-02	1.00000e+00	r	0
2	2.08995e-05	1.18039e-03	 	0
3	4.35407e-08	2.08333e-03	 	0
	1.86148e-10
------------------

	Time step 305 at t=1.52500e+00
1	1.66624e-02	1.00000e+00	r	0
2	2.18401e-05	1.31074e-03	 	0
3	4.00435e-08	1.83349e-03	 	0
	1.93302e-10
------------------

	Time step 306 at t=1.53000e+00
1	1.54777e-02	1.00000e+00	r	0
2	2.21590e-05	1.43167e-03	 	0
3	4.52477e-08	2.04196e-03	 	0
	1.94251e-10
------------------

	Time step 307 at t=1.53500e+00
1	1.64749e-02	1.00000e+00	r	0
2	2.18513e-05	1.32633e-03	 	0
3	4.71451e-08	2.15755e-03	 	0
	1.89530e-10
------------------

	Time step 308 at t=1.54000e+00
1	1.78489e-02	1.00000e+00	r	0
2	2.09309e-05	1.17267e-03	 	0
3	4.56169e-08	2.17941e-03	 	0
	1.79897e-10
------------------

	Time step 309 at t=1.54500e+00
1	1.90711e-02	1.00000e+00	r	0
2	1.94267e-05	1.01865e-03	 	0
3	4.07455e-08	2.09740e-03	 	0
	1.66137e-10
------------------

	Time step 310 at t=1.55000e+00
1	2.01387e-02	1.00000e+00	r	0
2	1.78687e-05	8.87285e-04	 	0
3	3.77958e-08	2.11519e-03	 	0
	1.48871e-10
------------------

	Time step 311 at t=1.55500e+00
1	2.10488e-02	1.00000e+00	r	0
2	1.80104e-05	8.55650e-04	 	0
3	4.69531e-08	2.60700e-03	 	0
	1.35900e-10
------------------

	Time step 312 at t=1.56000e+00
1	2.17987e-02	1.00000e+00	r	0
2	1.91424e-05	8.78144e-04	 	0
3	5.25811e-08	2.74684e-03	 	0
	1.56904e-10
------------------

	Time step 313 at t=1.56500e+00
1	2.23850e-02	1.00000e+00	r	0
2	2.03498e-05	9.09083e-04	 	0
3	5.41846e-08	2.66266e-03	 	0
	1.74625e-10
------------------

	Time step 314 at t=1.57000e+00
1	2.28042e-02	1.00000e+00	r	0
2	2.17735e-05	9.54800e-04	 	0
3	5.15374e-08	2.36698e-03	 	0
	1.88346e-10
------------------

	Time step 315 at t=1.57500e+00
1	2.30525e-02	1.00000e+00	r	0
2	2.26282e-05	9.81595e-04	 	0
3	4.47078e-08	1.97576e-03	 	0
	1.97532e-10
------------------

	Time step 316 at t=1.58000e+00
1	2.31259e-02	1.00000e+00	r	0
2	2.28730e-05	9.89067e-04	 	0
3	4.04537e-08	1.76862e-03	 	0
	2.01970e-10
------------------

	Time step 317 at t=1.58500e+00
1	2.30208e-02	1.00000e+00	r	0
2	2.24830e-05	9.76639e-04	 	0
3	4.81180e-08	2.14020e-03	 	0
	2.01749e-10
------------------

	Time step 318 at t=1.59000e+00
1	2.27343e-02	1.00000e+00	r	0
2	2.14519e-05	9.43593e-04	 	0
3	5.23044e-08	2.43821e-03	 	0
	1.97082e-10
------------------

	Time step 319 at t=1.59500e+00
1	2.22645e-02	1.00000e+00	r	0
2	1.97948e-05	8.89077e-04	 	0
3	5.22374e-08	2.63894e-03	 	0
	1.88059e-10
------------------

	Time step 320 at t=1.60000e+00
1	2.16107e-02	1.00000e+00	r	0
2	1.75492e-05	8.12059e-04	 	0
3	4.76471e-08	2.71507e-03	 	0
	1.74480e-10
------------------

	Time step 321 at t=1.60500e+00
1	2.07741e-02	1.00000e+00	r	0
2	1.81780e-05	8.75031e-04	 	0
3	4.31123e-08	2.37168e-03	 	0
	1.72047e-10
------------------

	Time step 322 at t=1.61000e+00
1	1.97578e-02	1.00000e+00	r	0
2	1.96977e-05	9.96958e-04	 	0
3	5.41113e-08	2.74709e-03	 	0
	1.91356e-10
------------------

	Time step 323 at t=1.61500e+00
1	1.85671e-02	1.00000e+00	r	0
2	2.04924e-05	1.10369e-03	 	0
3	6.06363e-08	2.95897e-03	 	0
	2.09185e-10
------------------

	Time step 324 at t=1.62000e+00
1	1.72095e-02	1.00000e+00	r	0
2	2.05270e-05	1.19277e-03	 	0
3	6.19785e-08	3.01937e-03	 	0
	2.25046e-10
------------------

	Time step 325 at t=1.62500e+00
1	1.70087e-02	1.00000e+00	r	0
2	2.13589e-05	1.25576e-03	 	0
3	5.79312e-08	2.71227e-03	 	0
	2.38601e-10
------------------

	Time step 326 at t=1.63000e+00
1	1.83460e-02	1.00000e+00	r	0
2	2.22332e-05	1.21189e-03	 	0
3	5.63183e-08	2.53307e-03	 	0
	2.49572e-10
------------------

	Time step 327 at t=1.63500e+00
1	1.95522e-02	1.00000e+00	r	0
2	2.28189e-05	1.16708e-03	 	0
3	5.89642e-08	2.58400e-03	 	0
	2.57651e-10
------------------

	Time step 328 at t=1.64000e+00
1	2.06103e-02	1.00000e+00	r	0
2	2.30898e-05	1.12031e-03	 	0
3	6.08078e-08	2.63353e-03	 	0
	2.62465e-10
------------------

	Time step 329 at t=1.64500e+00
1	2.15026e-02	1.00000e+00	r	0
2	2.30250e-05	1.07080e-03	 	0
3	6.30674e-08	2.73909e-03	 	0
	2.63628e-10
------------------

	Time step 330 at t=1.65000e+00
1	2.22116e-02	1.00000e+00	r	0
2	2.26117e-05	1.01802e-03	 	0
3	6.21422e-08	2.74823e-03	 	0
	2.60873e-10
------------------

	Time step 331 at t=1.65500e+00
1	2.27207e-02	1.00000e+00	r	0
2	2.18496e-05	9.61660e-04	 	0
3	6.17380e-08	2.82559e-03	 	0
	2.54193e-10
------------------

	Time step 332 at t=1.66000e+00
1	2.30146e-02	1.00000e+00	r	0
2	2.07533e-05	9.01743e-04	 	0
3	6.07332e-08	2.92644e-03	 	0
	2.43905e-10
------------------

	Time step 333 at t=1.66500e+00
1	2.30804e-02	1.00000e+00	r	0
2	1.93549e-05	8.38587e-04	 	0
3	6.08462e-08	3.14370e-03	 	0
	2.30618e-10
------------------

	Time step 334 at t=1.67000e+00
1	2.29080e-02	1.00000e+00	r	0
2	1.77038e-05	7.72823e-04	 	0
3	6.73540e-08	3.80450e-03	 	0
	2.15096e-10
------------------

	Time step 335 at t=1.67500e+00
1	2.24907e-02	1.00000e+00	r	0
2	1.58637e-05	7.05346e-04	 	0
3	6.89714e-08	4.34774e-03	 	0
	1.98097e-10
------------------

	Time step 336 at t=1.68000e+00
1	2.18261e-02	1.00000e+00	r	0
2	1.81754e-05	8.32737e-04	 	0
3	6.56886e-08	3.61414e-03	 	0
	1.80264e-10
------------------

	Time step 337 at t=1.68500e+00
1	2.09163e-02	1.00000e+00	r	0
2	2.08963e-05	9.99044e-04	 	0
3	5.78800e-08	2.76986e-03	 	0
	1.95158e-10
------------------

	Time step 338 at t=1.69000e+00
1	1.97681e-02	1.00000e+00	r	0
2	2.28684e-05	1.15684e-03	 	0
3	4.82233e-08	2.10873e-03	 	0
	2.15767e-10
------------------

	Time step 339 at t=1.69500e+00
1	1.83929e-02	1.00000e+00	r	0
2	2.40113e-05	1.30546e-03	 	0
3	5.67150e-08	2.36201e-03	 	0
	2.28870e-10
------------------

	Time step 340 at t=1.70000e+00
1	1.68072e-02	1.00000e+00	r	0
2	2.42827e-05	1.44478e-03	 	0
3	6.10529e-08	2.51426e-03	 	0
	2.34422e-10
------------------

	Time step 341 at t=1.70500e+00
1	1.61246e-02	1.00000e+00	r	0
2	2.36788e-05	1.46848e-03	 	0
3	6.10646e-08	2.57888e-03	 	0
	2.32748e-10
------------------

	Time step 342 at t=1.71000e+00
1	1.76912e-02	1.00000e+00	r	0
2	2.25675e-05	1.27564e-03	 	0
3	5.68658e-08	2.51981e-03	 	0
	2.24404e-10
------------------

	Time step 343 at t=1.71500e+00
1	1.91207e-02	1.00000e+00	r	0
2	2.28634e-05	1.19574e-03	 	0
3	4.88151e-08	2.13508e-03	 	0
	2.09992e-10
------------------

	Time step 344 at t=1.72000e+00
1	2.04018e-02	1.00000e+00	r	0
2	2.25940e-05	1.10745e-03	 	0
3	4.53037e-08	2.00512e-03	 	0
	2.05655e-10
------------------

	Time step 345 at t=1.72500e+00
1	2.15237e-02	1.00000e+00	r	0
2	2.28141e-05	1.05995e-03	 	0
3	5.25262e-08	2.30235e-03	 	0
	2.06754e-10
------------------

	Time step 346 at t=1.73000e+00
1	2.24760e-02	1.00000e+00	r	0
2	2.54208e-05	1.13102e-03	 	0
3	5.69796e-08	2.24146e-03	 	0
	2.19439e-10
------------------

	Time step 347 at t=1.73500e+00
1	2.32482e-02	1.00000e+00	r	0
2	2.72812e-05	1.17348e-03	 	0
3	5.69812e-08	2.08866e-03	 	0
	2.43629e-10
------------------

	Time step 348 at t=1.74000e+00
1	2.38306e-02	1.00000e+00	r	0
2	2.83338e-05	1.18897e-03	 	0
3	5.55991e-08	1.96229e-03	 	0
	2.60710e-10
------------------

	Time step 349 at t=1.74500e+00
1	2.42137e-02	1.00000e+00	r	0
2	2.85465e-05	1.17894e-03	 	0
3	5.65209e-08	1.97996e-03	 	0
	2.70134e-10
------------------

	Time step 350 at t=1.75000e+00
1	2.43889e-02	1.00000e+00	r	0
2	2.79158e-05	1.14461e-03	 	0
3	5.72930e-08	2.05235e-03	 	0
	2.71853e-10
------------------

	Time step 351 at t=1.75500e+00
1	2.43484e-02	1.00000e+00	r	0
2	2.64638e-05	1.08688e-03	 	0
3	6.07038e-08	2.29384e-03	 	0
	2.66227e-10
------------------

	Time step 352 at t=1.76000e+00
1	2.40859e-02	1.00000e+00	r	0
2	2.42365e-05	1.00625e-03	 	0
3	6.51141e-08	2.68662e-03	 	0
	2.53803e-10
------------------

	Time step 353 at t=1.76500e+00
1	2.35967e-02	1.00000e+00	r	0
2	2.13030e-05	9.02793e-04	 	0
3	6.46707e-08	3.03576e-03	 	0
	2.35091e-10
------------------

	Time step 354 at t=1.77000e+00
1	2.28787e-02	1.00000e+00	r	0
2	2.22573e-05	9.72840e-04	 	0
3	5.92677e-08	2.66284e-03	 	0
	2.10448e-10
------------------

	Time step 355 at t=1.77500e+00
1	2.19323e-02	1.00000e+00	r	0
2	2.39306e-05	1.09111e-03	 	0
3	5.47582e-08	2.28821e-03	 	0
	2.17240e-10
------------------

	Time step 356 at t=1.78000e+00
1	2.07612e-02	1.00000e+00	r	0
2	2.46967e-05	1.18956e-03	 	0
3	6.02330e-08	2.43891e-03	 	0
	2.32385e-10
------------------

	Time step 357 at t=1.78500e+00
1	1.93729e-02	1.00000e+00	r	0
2	2.45253e-05	1.26596e-03	 	0
3	6.44774e-08	2.62901e-03	 	0
	2.45124e-10
------------------

	Time step 358 at t=1.79000e+00
1	1.81417e-02	1.00000e+00	r	0
2	2.34276e-05	1.29137e-03	 	0
3	6.30543e-08	2.69145e-03	 	0
	2.55234e-10
------------------

	Time step 359 at t=1.79500e+00
1	1.91454e-02	1.00000e+00	r	0
2	2.15533e-05	1.12577e-03	 	0
3	5.60042e-08	2.59840e-03	 	0
	2.62624e-10
------------------

	Time step 360 at t=1.80000e+00
1	1.99921e-02	1.00000e+00	r	0
2	2.18259e-05	1.09173e-03	 	0
3	5.31119e-08	2.43344e-03	 	0
	2.67216e-10
------------------

	Time step 361 at t=1.80500e+00
1	2.06800e-02	1.00000e+00	r	0
2	2.18534e-05	1.05674e-03	 	0
3	5.48457e-08	2.50971e-03	 	0
	2.68832e-10
------------------

	Time step 362 at t=1.81000e+00
1	2.12075e-02	1.00000e+00	r	0
2	2.15125e-05	1.01438e-03	 	0
3	5.59872e-08	2.60254e-03	 	0
	2.67146e-10
------------------

	Time step 363 at t=1.81500e+00
1	2.15725e-02	1.00000e+00	r	0
2	2.08106e-05	9.64681e-04	 	0
3	5.65347e-08	2.71663e-03	 	0
	2.61735e-10
------------------

	Time step 364 at t=1.82000e+00
1	2.17728e-02	1.00000e+00	r	0
2	1.97691e-05	9.07971e-04	 	0
3	5.64966e-08	2.85782e-03	 	0
	2.52242e-10
------------------

	Time step 365 at t=1.82500e+00
1	2.18061e-02	1.00000e+00	r	0
2	2.04181e-05	9.36346e-04	 	0
3	5.59003e-08	2.73778e-03	 	0
	2.38572e-10
------------------

	Time step 366 at t=1.83000e+00
1	2.16706e-02	1.00000e+00	r	0
2	2.02944e-05	9.36496e-04	 	0
3	5.93494e-08	2.92442e-03	 	0
	2.21053e-10
------------------

	Time step 367 at t=1.83500e+00
1	2.13651e-02	1.00000e+00	r	0
2	1.93147e-05	9.04032e-04	 	0
3	6.77638e-08	3.50840e-03	 	0
	2.00466e-10
------------------

	Time step 368 at t=1.84000e+00
1	2.08897e-02	1.00000e+00	r	0
2	1.75294e-05	8.39144e-04	 	0
3	7.09760e-08	4.04896e-03	 	0
	1.77915e-10
------------------

	Time step 369 at t=1.84500e+00
1	2.02461e-02	1.00000e+00	r	0
2	1.97939e-05	9.77666e-04	 	0
3	6.88826e-08	3.47999e-03	 	0
	1.77475e-10
------------------

	Time step 370 at t=1.85000e+00
1	1.94380e-02	1.00000e+00	r	0
2	2.25621e-05	1.16072e-03	 	0
3	6.18330e-08	2.74057e-03	 	0
	2.03473e-10
------------------

	Time step 371 at t=1.85500e+00
1	1.84712e-02	1.00000e+00	r	0
2	2.45048e-05	1.32665e-03	 	0
3	5.05714e-08	2.06374e-03	 	0
	2.20595e-10
------------------

	Time step 372 at t=1.86000e+00
1	1.73540e-02	1.00000e+00	r	0
2	2.55703e-05	1.47346e-03	 	0
3	4.90325e-08	1.91756e-03	 	0
	2.28399e-10
------------------

	Time step 373 at t=1.86500e+00
1	1.60967e-02	1.00000e+00	r	0
2	2.57527e-05	1.59987e-03	 	0
3	5.36702e-08	2.08406e-03	 	0
	2.27161e-10
------------------

	Time step 374 at t=1.87000e+00
1	1.65478e-02	1.00000e+00	r	0
2	2.50878e-05	1.51608e-03	 	0
3	5.41033e-08	2.15656e-03	 	0
	2.17865e-10
------------------

	Time step 375 at t=1.87500e+00
1	1.80186e-02	1.00000e+00	r	0
2	2.36451e-05	1.31226e-03	 	0
3	5.05084e-08	2.13610e-03	 	0
	2.02023e-10
------------------

	Time step 376 at t=1.88000e+00
1	1.93233e-02	1.00000e+00	r	0
2	2.15173e-05	1.11354e-03	 	0
3	4.42523e-08	2.05659e-03	 	0
	1.81327e-10
------------------

	Time step 377 at t=1.88500e+00
1	2.04594e-02	1.00000e+00	r	0
2	2.10320e-05	1.02798e-03	 	0
3	4.54803e-08	2.16244e-03	 	0
	1.70086e-10
------------------

	Time step 378 at t=1.89000e+00
1	2.14251e-02	1.00000e+00	r	0
2	2.04245e-05	9.53299e-04	 	0
3	4.94193e-08	2.41961e-03	 	0
	1.69261e-10
------------------

	Time step 379 at t=1.89500e+00
1	2.22190e-02	1.00000e+00	r	0
2	2.01884e-05	9.08610e-04	 	0
3	5.42025e-08	2.68483e-03	 	0
	1.64825e-10
------------------

	Time step 380 at t=1.90000e+00
1	2.28400e-02	1.00000e+00	r	0
2	2.17502e-05	9.52286e-04	 	0
3	5.47184e-08	2.51577e-03	 	0
	1.78633e-10
------------------

	Time step 381 at t=1.90500e+00
1	2.32865e-02	1.00000e+00	r	0
2	2.26488e-05	9.72613e-04	 	0
3	5.09206e-08	2.24828e-03	 	0
	1.87244e-10
------------------

	Time step 382 at t=1.91000e+00
1	2.35567e-02	1.00000e+00	r	0
2	2.28875e-05	9.71592e-04	 	0
3	4.30555e-08	1.88118e-03	 	0
	1.90450e-10
------------------

	Time step 383 at t=1.91500e+00
1	2.36485e-02	1.00000e+00	r	0
2	2.24867e-05	9.50872e-04	 	0
3	4.10049e-08	1.82352e-03	 	0
	1.88364e-10
------------------

	Time step 384 at t=1.92000e+00
1	2.35599e-02	1.00000e+00	r	0
2	2.14793e-05	9.11692e-04	 	0
3	4.69744e-08	2.18696e-03	 	0
	1.81450e-10
------------------

	Time step 385 at t=1.92500e+00
1	2.32889e-02	1.00000e+00	r	0
2	1.99083e-05	8.54840e-04	 	0
3	4.90859e-08	2.46560e-03	 	0
	1.70384e-10
------------------

	Time step 386 at t=1.93000e+00
1	2.28347e-02	1.00000e+00	r	0
2	1.78260e-05	7.80657e-04	 	0
3	4.70380e-08	2.63873e-03	 	0
	1.55807e-10
------------------

	Time step 387 at t=1.93500e+00
1	2.21972e-02	1.00000e+00	r	0
2	1.54808e-05	6.97421e-04	 	0
3	4.08582e-08	2.63929e-03	 	0
	1.47738e-10
------------------

	Time step 388 at t=1.94000e+00
1	2.13781e-02	1.00000e+00	r	0
2	1.71270e-05	8.01148e-04	 	0
3	4.10567e-08	2.39719e-03	 	0
	1.65815e-10
------------------

	Time step 389 at t=1.94500e+00
1	2.03809e-02	1.00000e+00	r	0
2	1.81689e-05	8.91464e-04	 	0
3	4.99530e-08	2.74937e-03	 	0
	1.82628e-10
------------------

	Time step 390 at t=1.95000e+00
1	1.92112e-02	1.00000e+00	r	0
2	1.92196e-05	1.00044e-03	 	0
3	5.45110e-08	2.83622e-03	 	0
	1.97674e-10
------------------

	Time step 391 at t=1.95500e+00
1	1.78767e-02	1.00000e+00	r	0
2	2.04854e-05	1.14593e-03	 	0
3	5.42923e-08	2.65029e-03	 	0
	2.10638e-10
------------------

	Time step 392 at t=1.96000e+00
1	1.65359e-02	1.00000e+00	r	0
2	2.14976e-05	1.30006e-03	 	0
3	5.11521e-08	2.37943e-03	 	0
	2.21332e-10
------------------

	Time step 393 at t=1.96500e+00
1	1.79694e-02	1.00000e+00	r	0
2	2.22230e-05	1.23671e-03	 	0
3	5.34959e-08	2.40723e-03	 	0
	2.29589e-10
------------------

	Time step 394 at t=1.97000e+00
1	1.92893e-02	1.00000e+00	r	0
2	2.26344e-05	1.17342e-03	 	0
3	5.51133e-08	2.43493e-03	 	0
	2.35168e-10
------------------

	Time step 395 at t=1.97500e+00
1	2.04742e-02	1.00000e+00	r	0
2	2.27125e-05	1.10932e-03	 	0
3	5.72476e-08	2.52054e-03	 	0
	2.37746e-10
------------------

	Time step 396 at t=1.98000e+00
1	2.15014e-02	1.00000e+00	r	0
2	2.24473e-05	1.04399e-03	 	0
3	5.90345e-08	2.62991e-03	 	0
	2.36990e-10
------------------

	Time step 397 at t=1.98500e+00
1	2.23481e-02	1.00000e+00	r	0
2	2.18414e-05	9.77329e-04	 	0
3	5.62211e-08	2.57406e-03	 	0
	2.32712e-10
------------------

	Time step 398 at t=1.99000e+00
1	2.29920e-02	1.00000e+00	r	0
2	2.09118e-05	9.09528e-04	 	0
3	5.40646e-08	2.58536e-03	 	0
	2.25004e-10
------------------

	Time step 399 at t=1.99500e+00
1	2.34126e-02	1.00000e+00	r	0
2	1.96913e-05	8.41055e-04	 	0
3	5.34554e-08	2.71467e-03	 	0
	2.14290e-10
------------------

	Time step 400 at t=2.00000e+00
1	2.35925e-02	1.00000e+00	r	0
2	1.82279e-05	7.72614e-04	 	0
3	5.72011e-08	3.13811e-03	 	0
	2.01259e-10
------------------

	Time step 401 at t=2.00500e+00
1	2.35179e-02	1.00000e+00	r	0
2	1.65827e-05	7.05109e-04	 	0
3	6.15705e-08	3.71293e-03	 	0
	1.86701e-10
------------------

	Time step 402 at t=2.01000e+00
1	2.31798e-02	1.00000e+00	r	0
2	1.48256e-05	6.39592e-04	 	0
3	6.14893e-08	4.14749e-03	 	0
	1.71341e-10
------------------

	Time step 403 at t=2.01500e+00
1	2.25745e-02	1.00000e+00	r	0
2	1.64812e-05	7.30080e-04	 	0
3	5.70995e-08	3.46453e-03	 	0
	1.55743e-10
------------------

	Time step 404 at t=2.02000e+00
1	2.17038e-02	1.00000e+00	r	0
2	1.83659e-05	8.46205e-04	 	0
3	4.88646e-08	2.66062e-03	 	0
	1.66748e-10
------------------

	Time step 405 at t=2.02500e+00
1	2.05757e-02	1.00000e+00	r	0
2	1.95717e-05	9.51207e-04	 	0
3	4.58621e-08	2.34328e-03	 	0
	1.79817e-10
------------------

	Time step 406 at t=2.03000e+00
1	1.92036e-02	1.00000e+00	r	0
2	2.00569e-05	1.04444e-03	 	0
3	5.29708e-08	2.64102e-03	 	0
	1.86877e-10
------------------

	Time step 407 at t=2.03500e+00
1	1.76064e-02	1.00000e+00	r	0
2	2.01228e-05	1.14292e-03	 	0
3	5.62629e-08	2.79598e-03	 	0
	1.88018e-10
------------------

	Time step 408 at t=2.04000e+00
1	1.58079e-02	1.00000e+00	r	0
2	2.12804e-05	1.34619e-03	 	0
3	5.55947e-08	2.61248e-03	 	0
	1.83530e-10
------------------

	Time step 409 at t=2.04500e+00
1	1.71522e-02	1.00000e+00	r	0
2	2.19130e-05	1.27756e-03	 	0
3	5.10757e-08	2.33084e-03	 	0
	1.82006e-10
------------------

	Time step 410 at t=2.05000e+00
1	1.86752e-02	1.00000e+00	r	0
2	2.20022e-05	1.17815e-03	 	0
3	4.30526e-08	1.95674e-03	 	0
	1.90203e-10
------------------

	Time step 411 at t=2.05500e+00
1	2.00560e-02	1.00000e+00	r	0
2	2.15390e-05	1.07394e-03	 	0
3	4.66581e-08	2.16622e-03	 	0
	1.94138e-10
------------------

	Time step 412 at t=2.06000e+00
1	2.12812e-02	1.00000e+00	r	0
2	2.10487e-05	9.89077e-04	 	0
3	5.02775e-08	2.38863e-03	 	0
	1.93203e-10
------------------

	Time step 413 at t=2.06500e+00
1	2.23374e-02	1.00000e+00	r	0
2	2.28584e-05	1.02332e-03	 	0
3	5.25848e-08	2.30046e-03	 	0
	1.89965e-10
------------------

	Time step 414 at t=2.07000e+00
1	2.32119e-02	1.00000e+00	r	0
2	2.39969e-05	1.03382e-03	 	0
3	5.33637e-08	2.22377e-03	 	0
	2.06500e-10
------------------

	Time step 415 at t=2.07500e+00
1	2.38917e-02	1.00000e+00	r	0
2	2.44238e-05	1.02227e-03	 	0
3	5.24726e-08	2.14843e-03	 	0
	2.16774e-10
------------------

	Time step 416 at t=2.08000e+00
1	2.43651e-02	1.00000e+00	r	0
2	2.41232e-05	9.90072e-04	 	0
3	4.98625e-08	2.06699e-03	 	0
	2.20486e-10
------------------

	Time step 417 at t=2.08500e+00
1	2.46211e-02	1.00000e+00	r	0
2	2.31042e-05	9.38392e-04	 	0
3	4.64476e-08	2.01035e-03	 	0
	2.17783e-10
------------------

	Time step 418 at t=2.09000e+00
1	2.46502e-02	1.00000e+00	r	0
2	2.13995e-05	8.68130e-04	 	0
3	5.24807e-08	2.45242e-03	 	0
	2.09149e-10
------------------

	Time step 419 at t=2.09500e+00
1	2.44449e-02	1.00000e+00	r	0
2	1.90651e-05	7.79922e-04	 	0
3	5.43637e-08	2.85148e-03	 	0
	1.95188e-10
------------------

	Time step 420 at t=2.10000e+00
1	2.40004e-02	1.00000e+00	r	0
2	2.00047e-05	8.33516e-04	 	0
3	5.18408e-08	2.59143e-03	 	0
	1.80237e-10
------------------

	Time step 421 at t=2.10500e+00
1	2.33146e-02	1.00000e+00	r	0
2	2.19182e-05	9.40106e-04	 	0
3	4.74988e-08	2.16710e-03	 	0
	1.94260e-10
------------------

	Time step 422 at t=2.11000e+00
1	2.23892e-02	1.00000e+00	r	0
2	2.31987e-05	1.03615e-03	 	0
3	4.91936e-08	2.12054e-03	 	0
	2.06609e-10
------------------

	Time step 423 at t=2.11500e+00
1	2.12297e-02	1.00000e+00	r	0
2	2.38054e-05	1.12133e-03	 	0
3	5.51599e-08	2.31712e-03	 	0
	2.16932e-10
------------------

	Time step 424 at t=2.12000e+00
1	1.98455e-02	1.00000e+00	r	0
2	2.37247e-05	1.19547e-03	 	0
3	5.61954e-08	2.36864e-03	 	0
	2.25078e-10
------------------

	Time step 425 at t=2.12500e+00
1	1.82505e-02	1.00000e+00	r	0
2	2.29687e-05	1.25852e-03	 	0
3	5.21132e-08	2.26888e-03	 	0
	2.31043e-10
------------------

	Time step 426 at t=2.13000e+00
1	1.82895e-02	1.00000e+00	r	0
2	2.15728e-05	1.17952e-03	 	0
3	4.39941e-08	2.03933e-03	 	0
	2.34860e-10
------------------

	Time step 427 at t=2.13500e+00
1	1.91178e-02	1.00000e+00	r	0
2	2.05804e-05	1.07651e-03	 	0
3	4.51098e-08	2.19188e-03	 	0
	2.36474e-10
------------------

	Time step 428 at t=2.14000e+00
1	1.97986e-02	1.00000e+00	r	0
2	2.02373e-05	1.02216e-03	 	0
3	4.58043e-08	2.26336e-03	 	0
	2.35652e-10
------------------

	Time step 429 at t=2.14500e+00
1	2.03317e-02	1.00000e+00	r	0
2	1.95709e-05	9.62582e-04	 	0
3	4.89346e-08	2.50037e-03	 	0
	2.31981e-10
------------------

	Time step 430 at t=2.15000e+00
1	2.07165e-02	1.00000e+00	r	0
2	1.85974e-05	8.97710e-04	 	0
3	4.86613e-08	2.61656e-03	 	0
	2.24981e-10
------------------

	Time step 431 at t=2.15500e+00
1	2.09516e-02	1.00000e+00	r	0
2	1.73456e-05	8.27888e-04	 	0
3	4.54878e-08	2.62244e-03	 	0
	2.14292e-10
------------------

	Time step 432 at t=2.16000e+00
1	2.10350e-02	1.00000e+00	r	0
2	1.66393e-05	7.91031e-04	 	0
3	5.01462e-08	3.01371e-03	 	0
	1.99885e-10
------------------

	Time step 433 at t=2.16500e+00
1	2.09646e-02	1.00000e+00	r	0
2	1.66336e-05	7.93412e-04	 	0
3	5.96416e-08	3.58562e-03	 	0
	1.82187e-10
------------------

	Time step 434 at t=2.17000e+00
1	2.07383e-02	1.00000e+00	r	0
2	1.60328e-05	7.73101e-04	 	0
3	6.45871e-08	4.02843e-03	 	0
	1.69154e-10
------------------

	Time step 435 at t=2.17500e+00
1	2.03547e-02	1.00000e+00	r	0
2	1.69565e-05	8.33053e-04	 	0
3	6.46999e-08	3.81563e-03	 	0
	1.59420e-10
------------------

	Time step 436 at t=2.18000e+00
1	1.98133e-02	1.00000e+00	r	0
2	1.93297e-05	9.75592e-04	 	0
3	6.01350e-08	3.11102e-03	 	0
	1.72174e-10
------------------

	Time step 437 at t=2.18500e+00
1	1.91153e-02	1.00000e+00	r	0
2	2.10087e-05	1.09906e-03	 	0
3	5.14462e-08	2.44880e-03	 	0
	1.85998e-10
------------------

	Time step 438 at t=2.19000e+00
1	1.82635e-02	1.00000e+00	r	0
2	2.19514e-05	1.20193e-03	 	0
3	4.17892e-08	1.90371e-03	 	0
	1.93618e-10
------------------

	Time step 439 at t=2.19500e+00
1	1.72630e-02	1.00000e+00	r	0
2	2.21532e-05	1.28327e-03	 	0
3	4.76555e-08	2.15118e-03	 	0
	1.94941e-10
------------------

	Time step 440 at t=2.20000e+00
1	1.61211e-02	1.00000e+00	r	0
2	2.16444e-05	1.34261e-03	 	0
3	4.97864e-08	2.30020e-03	 	0
	1.90127e-10
------------------

	Time step 441 at t=2.20500e+00
1	1.55556e-02	1.00000e+00	r	0
2	2.04836e-05	1.31680e-03	 	0
3	4.82445e-08	2.35528e-03	 	0
	1.79547e-10
------------------

	Time step 442 at t=2.21000e+00
1	1.70070e-02	1.00000e+00	r	0
2	2.06807e-05	1.21602e-03	 	0
3	4.70264e-08	2.27392e-03	 	0
	1.63705e-10
------------------

	Time step 443 at t=2.21500e+00
1	1.83077e-02	1.00000e+00	r	0
2	2.09618e-05	1.14497e-03	 	0
3	4.90325e-08	2.33914e-03	 	0
	1.60040e-10
------------------

	Time step 444 at t=2.22000e+00
1	1.94560e-02	1.00000e+00	r	0
2	2.06988e-05	1.06388e-03	 	0
3	4.97368e-08	2.40289e-03	 	0
	1.60732e-10
------------------

	Time step 445 at t=2.22500e+00
1	2.04504e-02	1.00000e+00	r	0
2	1.99004e-05	9.73104e-04	 	0
3	4.89699e-08	2.46075e-03	 	0
	1.57420e-10
------------------

	Time step 446 at t=2.23000e+00
1	2.12891e-02	1.00000e+00	r	0
2	1.92135e-05	9.02507e-04	 	0
3	4.89715e-08	2.54881e-03	 	0
	1.49720e-10
------------------

	Time step 447 at t=2.23500e+00
1	2.19694e-02	1.00000e+00	r	0
2	1.94589e-05	8.85728e-04	 	0
3	4.75395e-08	2.44307e-03	 	0
	1.46026e-10
------------------

	Time step 448 at t=2.24000e+00
1	2.24879e-02	1.00000e+00	r	0
2	2.00948e-05	8.93584e-04	 	0
3	4.24110e-08	2.11054e-03	 	0
	1.58648e-10
------------------

	Time step 449 at t=2.24500e+00
1	2.28405e-02	1.00000e+00	r	0
2	2.06824e-05	9.05514e-04	 	0
3	3.56820e-08	1.72524e-03	 	0
	1.66103e-10
------------------

	Time step 450 at t=2.25000e+00
1	2.30222e-02	1.00000e+00	r	0
2	2.06523e-05	8.97057e-04	 	0
3	3.62351e-08	1.75454e-03	 	0
	1.67338e-10
------------------

	Time step 451 at t=2.25500e+00
1	2.30283e-02	1.00000e+00	r	0
2	2.00002e-05	8.68505e-04	 	0
3	3.94381e-08	1.97189e-03	 	0
	1.62201e-10
------------------

	Time step 452 at t=2.26000e+00
1	2.28541e-02	1.00000e+00	r	0
2	1.87448e-05	8.20194e-04	 	0
3	3.93969e-08	2.10175e-03	 	0
	1.50975e-10
------------------

	Time step 453 at t=2.26500e+00
1	2.24959e-02	1.00000e+00	r	0
2	1.69286e-05	7.52519e-04	 	0
3	3.58804e-08	2.11951e-03	 	0
	1.36891e-10
------------------

	Time step 454 at t=2.27000e+00
1	2.19515e-02	1.00000e+00	r	0
2	1.46210e-05	6.66060e-04	 	0
3	3.39885e-08	2.32464e-03	 	0
	1.44972e-10
------------------

	Time step 455 at t=2.27500e+00
1	2.12204e-02	1.00000e+00	r	0
2	1.55430e-05	7.32459e-04	 	0
3	3.77489e-08	2.42867e-03	 	0
	1.50360e-10
------------------

	Time step 456 at t=2.28000e+00
1	2.03045e-02	1.00000e+00	r	0
2	1.65133e-05	8.13281e-04	 	0
3	4.36858e-08	2.64550e-03	 	0
	1.64092e-10
------------------

	Time step 457 at t=2.28500e+00
1	1.92081e-02	1.00000e+00	r	0
2	1.77407e-05	9.23602e-04	 	0
3	4.57851e-08	2.58080e-03	 	0
	1.76086e-10
------------------

	Time step 458 at t=2.29000e+00
1	1.79384e-02	1.00000e+00	r	0
2	1.87551e-05	1.04553e-03	 	0
3	4.41058e-08	2.35167e-03	 	0
	1.86150e-10
------------------

	Time step 459 at t=2.29500e+00
1	1.65095e-02	1.00000e+00	r	0
2	1.95281e-05	1.18284e-03	 	0
3	4.63512e-08	2.37357e-03	 	0
	1.94222e-10
------------------

	Time step 460 at t=2.30000e+00
1	1.79819e-02	1.00000e+00	r	0
2	2.00377e-05	1.11432e-03	 	0
3	4.80291e-08	2.39694e-03	 	0
	2.00249e-10
------------------

	Time step 461 at t=2.30500e+00
1	1.93298e-02	1.00000e+00	r	0
2	2.02687e-05	1.04857e-03	 	0
3	4.91034e-08	2.42263e-03	 	0
	2.04096e-10
------------------

	Time step 462 at t=2.31000e+00
1	2.05315e-02	1.00000e+00	r	0
2	2.02129e-05	9.84481e-04	 	0
3	5.06522e-08	2.50594e-03	 	0
	2.05523e-10
------------------

	Time step 463 at t=2.31500e+00
1	2.15653e-02	1.00000e+00	r	0
2	1.98706e-05	9.21419e-04	 	0
3	5.05287e-08	2.54288e-03	 	0
	2.04266e-10
------------------

	Time step 464 at t=2.32000e+00
1	2.24093e-02	1.00000e+00	r	0
2	1.92518e-05	8.59099e-04	 	0
3	4.98942e-08	2.59166e-03	 	0
	2.00167e-10
------------------

	Time step 465 at t=2.32500e+00
1	2.30432e-02	1.00000e+00	r	0
2	1.83773e-05	7.97515e-04	 	0
3	5.07337e-08	2.76068e-03	 	0
	1.93300e-10
------------------

	Time step 466 at t=2.33000e+00
1	2.34485e-02	1.00000e+00	r	0
2	1.72790e-05	7.36892e-04	 	0
3	4.96553e-08	2.87374e-03	 	0
	1.84012e-10
------------------

	Time step 467 at t=2.33500e+00
1	2.36097e-02	1.00000e+00	r	0
2	1.59990e-05	6.77643e-04	 	0
3	5.15409e-08	3.22151e-03	 	0
	1.72865e-10
------------------

	Time step 468 at t=2.34000e+00
1	2.35153e-02	1.00000e+00	r	0
2	1.45870e-05	6.20320e-04	 	0
3	5.42458e-08	3.71877e-03	 	0
	1.60499e-10
------------------

	Time step 469 at t=2.34500e+00
1	2.31579e-02	1.00000e+00	r	0
2	1.33564e-05	5.76754e-04	 	0
3	5.33282e-08	3.99270e-03	 	0
	1.47496e-10
------------------

	Time step 470 at t=2.35000e+00
1	2.25351e-02	1.00000e+00	r	0
2	1.46251e-05	6.48992e-04	 	0
3	4.89268e-08	3.34540e-03	 	0
	1.34307e-10
------------------

	Time step 471 at t=2.35500e+00
1	2.16497e-02	1.00000e+00	r	0
2	1.64248e-05	7.58660e-04	 	0
3	4.13908e-08	2.52002e-03	 	0
	1.49578e-10
------------------

	Time step 472 at t=2.36000e+00
1	2.05099e-02	1.00000e+00	r	0
2	1.76929e-05	8.62649e-04	 	0
3	4.28458e-08	2.42164e-03	 	0
	1.62427e-10
------------------

	Time step 473 at t=2.36500e+00
1	1.91292e-02	1.00000e+00	r	0
2	1.83740e-05	9.60521e-04	 	0
3	4.87473e-08	2.65306e-03	 	0
	1.70269e-10
------------------

	Time step 474 at t=2.37000e+00
1	1.75260e-02	1.00000e+00	r	0
2	1.87906e-05	1.07216e-03	 	0
3	5.12685e-08	2.72841e-03	 	0
	1.72897e-10
------------------

	Time step 475 at t=2.37500e+00
1	1.57234e-02	1.00000e+00	r	0
2	1.98200e-05	1.26054e-03	 	0
3	5.02208e-08	2.53384e-03	 	0
	1.70299e-10
------------------

	Time step 476 at t=2.38000e+00
1	1.68523e-02	1.00000e+00	r	0
2	2.03305e-05	1.20639e-03	 	0
3	4.56787e-08	2.24681e-03	 	0
	1.63145e-10
------------------

	Time step 477 at t=2.38500e+00
1	1.83736e-02	1.00000e+00	r	0
2	2.03023e-05	1.10498e-03	 	0
3	3.79803e-08	1.87074e-03	 	0
	1.68806e-10
------------------

	Time step 478 at t=2.39000e+00
1	1.97530e-02	1.00000e+00	r	0
2	1.97300e-05	9.98833e-04	 	0
3	4.03429e-08	2.04475e-03	 	0
	1.70321e-10
------------------

	Time step 479 at t=2.39500e+00
1	2.09775e-02	1.00000e+00	r	0
2	1.86914e-05	8.91019e-04	 	0
3	4.41198e-08	2.36044e-03	 	0
	1.67338e-10
------------------

	Time step 480 at t=2.40000e+00
1	2.20338e-02	1.00000e+00	r	0
2	2.06835e-05	9.38714e-04	 	0
3	4.63312e-08	2.24001e-03	 	0
	1.76241e-10
------------------

	Time step 481 at t=2.40500e+00
1	2.29090e-02	1.00000e+00	r	0
2	2.21205e-05	9.65580e-04	 	0
3	4.76624e-08	2.15467e-03	 	0
	1.93190e-10
------------------

	Time step 482 at t=2.41000e+00
1	2.35903e-02	1.00000e+00	r	0
2	2.29417e-05	9.72505e-04	 	0
3	4.76797e-08	2.07830e-03	 	0
	2.04778e-10
------------------

	Time step 483 at t=2.41500e+00
1	2.40657e-02	1.00000e+00	r	0
2	2.31085e-05	9.60226e-04	 	0
3	4.62978e-08	2.00349e-03	 	0
	2.10571e-10
------------------

	Time step 484 at t=2.42000e+00
1	2.43243e-02	1.00000e+00	r	0
2	2.26064e-05	9.29375e-04	 	0
3	4.67994e-08	2.07018e-03	 	0
	2.10534e-10
------------------

	Time step 485 at t=2.42500e+00
1	2.43565e-02	1.00000e+00	r	0
2	2.14450e-05	8.80463e-04	 	0
3	4.84118e-08	2.25749e-03	 	0
	2.04966e-10
------------------

	Time step 486 at t=2.43000e+00
1	2.41550e-02	1.00000e+00	r	0
2	1.96580e-05	8.13825e-04	 	0
3	5.02204e-08	2.55471e-03	 	0
	1.94342e-10
------------------

	Time step 487 at t=2.43500e+00
1	2.37151e-02	1.00000e+00	r	0
2	1.86545e-05	7.86610e-04	 	0
3	4.81433e-08	2.58079e-03	 	0
	1.79139e-10
------------------

	Time step 488 at t=2.44000e+00
1	2.30349e-02	1.00000e+00	r	0
2	2.02284e-05	8.78166e-04	 	0
3	4.76733e-08	2.35675e-03	 	0
	1.79147e-10
------------------

	Time step 489 at t=2.44500e+00
1	2.21164e-02	1.00000e+00	r	0
2	2.12382e-05	9.60296e-04	 	0
3	4.70433e-08	2.21503e-03	 	0
	1.92280e-10
------------------

	Time step 490 at t=2.45000e+00
1	2.09653e-02	1.00000e+00	r	0
2	2.16587e-05	1.03308e-03	 	0
3	5.21109e-08	2.40600e-03	 	0
	2.04160e-10
------------------

	Time step 491 at t=2.45500e+00
1	1.95914e-02	1.00000e+00	r	0
2	2.14845e-05	1.09663e-03	 	0
3	5.38320e-08	2.50562e-03	 	0
	2.14569e-10
------------------

	Time step 492 at t=2.46000e+00
1	1.80088e-02	1.00000e+00	r	0
2	2.07285e-05	1.15102e-03	 	0
3	5.08424e-08	2.45278e-03	 	0
	2.23316e-10
------------------

	Time step 493 at t=2.46500e+00
1	1.82418e-02	1.00000e+00	r	0
2	1.99422e-05	1.09322e-03	 	0
3	4.42408e-08	2.21845e-03	 	0
	2.30150e-10
------------------

	Time step 494 at t=2.47000e+00
1	1.90205e-02	1.00000e+00	r	0
2	2.00619e-05	1.05475e-03	 	0
3	4.61553e-08	2.30065e-03	 	0
	2.34698e-10
------------------

	Time step 495 at t=2.47500e+00
1	1.96489e-02	1.00000e+00	r	0
2	1.98594e-05	1.01071e-03	 	0
3	4.76230e-08	2.39801e-03	 	0
	2.36451e-10
------------------

	Time step 496 at t=2.48000e+00
1	2.01295e-02	1.00000e+00	r	0
2	1.93296e-05	9.60266e-04	 	0
3	4.86029e-08	2.51442e-03	 	0
	2.34811e-10
------------------

	Time step 497 at t=2.48500e+00
1	2.04641e-02	1.00000e+00	r	0
2	1.84819e-05	9.03135e-04	 	0
3	4.90386e-08	2.65334e-03	 	0
	2.29234e-10
------------------

	Time step 498 at t=2.49000e+00
1	2.06541e-02	1.00000e+00	r	0
2	1.73407e-05	8.39578e-04	 	0
3	4.88794e-08	2.81876e-03	 	0
	2.19404e-10
------------------

	Time step 499 at t=2.49500e+00
1	2.07001e-02	1.00000e+00	r	0
2	1.65922e-05	8.01555e-04	 	0
3	4.81045e-08	2.89921e-03	 	0
	2.05411e-10
------------------

Done

ROM computation time:1.99000e+02 seconds 454 milliseconds
Built target run
