[ 85%] Built target main
[100%] Run main with Debug configuration

 --------------------- PARAMETERS --------------------- 
subsection General
  set Coarse endtime             = 1.5
  set Coarse timestep            = 0.05
  set Compute error              = true
  set Density fluid              = 1.0
  set FEM solve                  = false
  set Fine endtime               = 4.1
  set Fine timestep              = 0.005
  set Hidden layers              = 1
  set Hidden neurons             = 30
  set Information content        = 0.99
  set Information content greedy = 0.99
  set Initial solution snapshot  = result/FEM/
  set Newton tolerance           = 1.0e-8
  set Output files               = true
  set POD GREEDY solve           = false
  set POD greedy size            = 50
  set POD offline                = false
  set POD size                   = 25
  set POD solve                  = false
  set POD start time             = 1.6
  set ROM solve                  = true
  set Refinements                = 3
  set Start time                 = 0.0
  set Test case                  = 2D-2
  set Viscosity                  = 0.00200000000000
end
 ------------------------------------------------------ 



---------------------------------------------- 
     Reynolds: 50,  mu: 0.002
---------------------------------------------- 

ROM setup ...
start
Number of POD modes: 34
Done

Loading nonlinearities
Loading mean_vector
Loading pod_vectors
End Loading
Done

Solving the reduced order model ...
initial condition
result/FEM/mu=0.002000/snapshots/snapshot_000000.h5
	Time step 1 at t=0.005
1	8.41398e-04	1.00000e+00	r	0
2	3.15160e-08	3.74568e-05	 	0
	5.37812e-12
------------------

	Time step 2 at t=1.00000e-02
1	8.44840e-04	1.00000e+00	r	0
2	3.36374e-08	3.98151e-05	 	0
	5.08400e-12
------------------

	Time step 3 at t=1.50000e-02
1	8.42813e-04	1.00000e+00	r	0
2	3.57975e-08	4.24738e-05	 	0
	4.77824e-12
------------------

	Time step 4 at t=2.00000e-02
1	8.35321e-04	1.00000e+00	r	0
2	3.79154e-08	4.53902e-05	 	0
	4.46221e-12
------------------

	Time step 5 at t=2.50000e-02
1	8.22370e-04	1.00000e+00	r	0
2	3.99061e-08	4.85257e-05	 	0
	4.13613e-12
------------------

	Time step 6 at t=3.00000e-02
1	8.03965e-04	1.00000e+00	r	0
2	4.16847e-08	5.18489e-05	 	0
	3.79940e-12
------------------

	Time step 7 at t=3.50000e-02
1	7.80118e-04	1.00000e+00	r	0
2	4.31715e-08	5.53398e-05	 	0
	3.45101e-12
------------------

	Time step 8 at t=4.00000e-02
1	7.50853e-04	1.00000e+00	r	0
2	4.42961e-08	5.89944e-05	 	0
	3.64867e-12
------------------

	Time step 9 at t=4.50000e-02
1	7.16211e-04	1.00000e+00	r	0
2	4.50011e-08	6.28322e-05	 	0
	3.83250e-12
------------------

	Time step 10 at t=5.00000e-02
1	6.76256e-04	1.00000e+00	r	0
2	4.52452e-08	6.69055e-05	 	0
	3.99999e-12
------------------

	Time step 11 at t=5.50000e-02
1	7.04576e-04	1.00000e+00	r	0
2	4.50057e-08	6.38762e-05	 	0
	4.14936e-12
------------------

	Time step 12 at t=6.00000e-02
1	7.49852e-04	1.00000e+00	r	0
2	4.42791e-08	5.90505e-05	 	0
	4.27862e-12
------------------

	Time step 13 at t=6.50000e-02
1	7.89393e-04	1.00000e+00	r	0
2	4.30819e-08	5.45760e-05	 	0
	4.38572e-12
------------------

	Time step 14 at t=7.00000e-02
1	8.23038e-04	1.00000e+00	r	0
2	4.14496e-08	5.03616e-05	 	0
	4.46874e-12
------------------

	Time step 15 at t=7.50000e-02
1	8.50663e-04	1.00000e+00	r	0
2	3.94349e-08	4.63579e-05	 	0
	4.52594e-12
------------------

	Time step 16 at t=8.00000e-02
1	8.72178e-04	1.00000e+00	r	0
2	3.71060e-08	4.25441e-05	 	0
	4.55583e-12
------------------

	Time step 17 at t=8.50000e-02
1	8.87527e-04	1.00000e+00	r	0
2	3.45433e-08	3.89208e-05	 	0
	4.55722e-12
------------------

	Time step 18 at t=9.00000e-02
1	8.96680e-04	1.00000e+00	r	0
2	3.21980e-08	3.59080e-05	 	0
	4.52910e-12
------------------

	Time step 19 at t=9.50000e-02
1	8.99632e-04	1.00000e+00	r	0
2	3.59881e-08	4.00031e-05	 	0
	4.47061e-12
------------------

	Time step 20 at t=1.00000e-01
1	8.96400e-04	1.00000e+00	r	0
2	3.87812e-08	4.32633e-05	 	0
	4.38097e-12
------------------

	Time step 21 at t=1.05000e-01
1	8.87018e-04	1.00000e+00	r	0
2	4.04817e-08	4.56380e-05	 	0
	4.25931e-12
------------------

	Time step 22 at t=1.10000e-01
1	8.71540e-04	1.00000e+00	r	0
2	4.10291e-08	4.70765e-05	 	0
	4.10472e-12
------------------

	Time step 23 at t=1.15000e-01
1	8.50036e-04	1.00000e+00	r	0
2	4.04001e-08	4.75274e-05	 	0
	3.91614e-12
------------------

	Time step 24 at t=1.20000e-01
1	8.22595e-04	1.00000e+00	r	0
2	3.86093e-08	4.69360e-05	 	0
	3.69247e-12
------------------

	Time step 25 at t=1.25000e-01
1	7.89324e-04	1.00000e+00	r	0
2	3.57089e-08	4.52399e-05	 	0
	3.43263e-12
------------------

	Time step 26 at t=1.30000e-01
1	7.50353e-04	1.00000e+00	r	0
2	3.17870e-08	4.23627e-05	 	0
	3.63527e-12
------------------

	Time step 27 at t=1.35000e-01
1	7.05835e-04	1.00000e+00	r	0
2	3.52266e-08	4.99076e-05	 	0
	3.90126e-12
------------------

	Time step 28 at t=1.40000e-01
1	6.55954e-04	1.00000e+00	r	0
2	3.89418e-08	5.93667e-05	 	0
	4.15187e-12
------------------

	Time step 29 at t=1.45000e-01
1	6.73276e-04	1.00000e+00	r	0
2	4.17233e-08	6.19705e-05	 	0
	4.38536e-12
------------------

	Time step 30 at t=1.50000e-01
1	7.36229e-04	1.00000e+00	r	0
2	4.34726e-08	5.90476e-05	 	0
	4.59897e-12
------------------

	Time step 31 at t=1.55000e-01
1	7.93671e-04	1.00000e+00	r	0
2	4.41223e-08	5.55927e-05	 	0
	4.78890e-12
------------------

	Time step 32 at t=1.60000e-01
1	8.45022e-04	1.00000e+00	r	0
2	4.36384e-08	5.16418e-05	 	0
	4.95038e-12
------------------

	Time step 33 at t=1.65000e-01
1	8.89760e-04	1.00000e+00	r	0
2	4.20222e-08	4.72287e-05	 	0
	5.07789e-12
------------------

	Time step 34 at t=1.70000e-01
1	9.27421e-04	1.00000e+00	r	0
2	3.93108e-08	4.23872e-05	 	0
	5.16542e-12
------------------

	Time step 35 at t=1.75000e-01
1	9.57608e-04	1.00000e+00	r	0
2	3.55769e-08	3.71518e-05	 	0
	5.20687e-12
------------------

	Time step 36 at t=1.80000e-01
1	9.79994e-04	1.00000e+00	r	0
2	3.49330e-08	3.56461e-05	 	0
	5.19647e-12
------------------

	Time step 37 at t=1.85000e-01
1	9.94324e-04	1.00000e+00	r	0
2	3.82057e-08	3.84238e-05	 	0
	5.12923e-12
------------------

	Time step 38 at t=1.90000e-01
1	1.00042e-03	1.00000e+00	r	0
2	4.13921e-08	4.13748e-05	 	0
	5.00136e-12
------------------

	Time step 39 at t=1.95000e-01
1	9.98171e-04	1.00000e+00	r	0
2	4.44013e-08	4.44826e-05	 	0
	4.81059e-12
------------------

	Time step 40 at t=2.00000e-01
1	9.87559e-04	1.00000e+00	r	0
2	4.71487e-08	4.77427e-05	 	0
	4.55651e-12
------------------

	Time step 41 at t=2.05000e-01
1	9.68630e-04	1.00000e+00	r	0
2	4.95591e-08	5.11641e-05	 	0
	4.24057e-12
------------------

	Time step 42 at t=2.10000e-01
1	9.41511e-04	1.00000e+00	r	0
2	5.15682e-08	5.47718e-05	 	0
	4.55981e-12
------------------

	Time step 43 at t=2.15000e-01
1	9.06404e-04	1.00000e+00	r	0
2	5.31257e-08	5.86115e-05	 	0
	4.92777e-12
------------------

	Time step 44 at t=2.20000e-01
1	8.63582e-04	1.00000e+00	r	0
2	5.41961e-08	6.27574e-05	 	0
	5.25023e-12
------------------

	Time step 45 at t=2.25000e-01
1	8.13387e-04	1.00000e+00	r	0
2	5.47601e-08	6.73236e-05	 	0
	5.52661e-12
------------------

	Time step 46 at t=2.30000e-01
1	7.56229e-04	1.00000e+00	r	0
2	5.48151e-08	7.24848e-05	 	0
	5.75743e-12
------------------

	Time step 47 at t=2.35000e-01
1	7.71579e-04	1.00000e+00	r	0
2	5.43753e-08	7.04727e-05	 	0
	5.94393e-12
------------------

	Time step 48 at t=2.40000e-01
1	8.29323e-04	1.00000e+00	r	0
2	5.34706e-08	6.44751e-05	 	0
	6.08772e-12
------------------

	Time step 49 at t=2.45000e-01
1	8.80542e-04	1.00000e+00	r	0
2	5.21466e-08	5.92210e-05	 	0
	6.19037e-12
------------------

	Time step 50 at t=2.50000e-01
1	9.24689e-04	1.00000e+00	r	0
2	5.04620e-08	5.45718e-05	 	0
	6.25306e-12
------------------

	Time step 51 at t=2.55000e-01
1	9.61283e-04	1.00000e+00	r	0
2	4.84873e-08	5.04401e-05	 	0
	6.27631e-12
------------------

	Time step 52 at t=2.60000e-01
1	9.89913e-04	1.00000e+00	r	0
2	4.63023e-08	4.67741e-05	 	0
	6.25977e-12
------------------

	Time step 53 at t=2.65000e-01
1	1.01025e-03	1.00000e+00	r	0
2	4.39939e-08	4.35476e-05	 	0
	6.20215e-12
------------------

	Time step 54 at t=2.70000e-01
1	1.02204e-03	1.00000e+00	r	0
2	4.62610e-08	4.52634e-05	 	0
	6.10135e-12
------------------

	Time step 55 at t=2.75000e-01
1	1.02512e-03	1.00000e+00	r	0
2	4.93520e-08	4.81426e-05	 	0
	5.95455e-12
------------------

	Time step 56 at t=2.80000e-01
1	1.01941e-03	1.00000e+00	r	0
2	5.10985e-08	5.01254e-05	 	0
	5.75851e-12
------------------

	Time step 57 at t=2.85000e-01
1	1.00492e-03	1.00000e+00	r	0
2	5.14255e-08	5.11735e-05	 	0
	5.50993e-12
------------------

	Time step 58 at t=2.90000e-01
1	9.81746e-04	1.00000e+00	r	0
2	5.03030e-08	5.12383e-05	 	0
	5.20580e-12
------------------

	Time step 59 at t=2.95000e-01
1	9.50055e-04	1.00000e+00	r	0
2	4.77475e-08	5.02576e-05	 	0
	4.86550e-12
------------------

	Time step 60 at t=3.00000e-01
1	9.10108e-04	1.00000e+00	r	0
2	4.38217e-08	4.81500e-05	 	0
	5.27363e-12
------------------

	Time step 61 at t=3.05000e-01
1	8.62240e-04	1.00000e+00	r	0
2	4.07822e-08	4.72980e-05	 	0
	5.66570e-12
------------------

	Time step 62 at t=3.10000e-01
1	8.06856e-04	1.00000e+00	r	0
2	4.65910e-08	5.77439e-05	 	0
	6.04079e-12
------------------

	Time step 63 at t=3.15000e-01
1	7.44430e-04	1.00000e+00	r	0
2	5.13634e-08	6.89969e-05	 	0
	6.39679e-12
------------------

	Time step 64 at t=3.20000e-01
1	7.40041e-04	1.00000e+00	r	0
2	5.49361e-08	7.42338e-05	 	0
	6.73031e-12
------------------

	Time step 65 at t=3.25000e-01
1	8.04118e-04	1.00000e+00	r	0
2	5.71823e-08	7.11118e-05	 	0
	7.03659e-12
------------------

	Time step 66 at t=3.30000e-01
1	8.61940e-04	1.00000e+00	r	0
2	5.80159e-08	6.73085e-05	 	0
	7.30966e-12
------------------

	Time step 67 at t=3.35000e-01
1	9.13072e-04	1.00000e+00	r	0
2	5.73951e-08	6.28593e-05	 	0
	7.54246e-12
------------------

	Time step 68 at t=3.40000e-01
1	9.57129e-04	1.00000e+00	r	0
2	5.53235e-08	5.78015e-05	 	0
	7.72715e-12
------------------

	Time step 69 at t=3.45000e-01
1	9.93784e-04	1.00000e+00	r	0
2	5.18515e-08	5.21758e-05	 	0
	7.85546e-12
------------------

	Time step 70 at t=3.50000e-01
1	1.02277e-03	1.00000e+00	r	0
2	4.99414e-08	4.88297e-05	 	0
	7.91918e-12
------------------

	Time step 71 at t=3.55000e-01
1	1.04386e-03	1.00000e+00	r	0
2	5.33716e-08	5.11288e-05	 	0
	7.91053e-12
------------------

	Time step 72 at t=3.60000e-01
1	1.05692e-03	1.00000e+00	r	0
2	5.67639e-08	5.37067e-05	 	0
	7.82273e-12
------------------

	Time step 73 at t=3.65000e-01
1	1.06185e-03	1.00000e+00	r	0
2	6.00162e-08	5.65204e-05	 	0
	7.65038e-12
------------------

	Time step 74 at t=3.70000e-01
1	1.05861e-03	1.00000e+00	r	0
2	6.30290e-08	5.95396e-05	 	0
	7.38984e-12
------------------

	Time step 75 at t=3.75000e-01
1	1.04721e-03	1.00000e+00	r	0
2	6.57084e-08	6.27462e-05	 	0
	7.03958e-12
------------------

	Time step 76 at t=3.80000e-01
1	1.02774e-03	1.00000e+00	r	0
2	6.79696e-08	6.61348e-05	 	0
	6.60032e-12
------------------

	Time step 77 at t=3.85000e-01
1	1.00034e-03	1.00000e+00	r	0
2	6.97394e-08	6.97155e-05	 	0
	6.73286e-12
------------------

	Time step 78 at t=3.90000e-01
1	9.65195e-04	1.00000e+00	r	0
2	7.09588e-08	7.35176e-05	 	0
	7.19479e-12
------------------

	Time step 79 at t=3.95000e-01
1	9.22547e-04	1.00000e+00	r	0
2	7.15855e-08	7.75955e-05	 	0
	7.60764e-12
------------------

	Time step 80 at t=4.00000e-01
1	8.72698e-04	1.00000e+00	r	0
2	7.15953e-08	8.20391e-05	 	0
	7.97219e-12
------------------

	Time step 81 at t=4.05000e-01
1	8.15996e-04	1.00000e+00	r	0
2	7.09831e-08	8.69895e-05	 	0
	8.28952e-12
------------------

	Time step 82 at t=4.10000e-01
1	8.75200e-04	1.00000e+00	r	0
2	6.97634e-08	7.97115e-05	 	0
	8.56061e-12
------------------

	Time step 83 at t=4.15000e-01
1	9.32910e-04	1.00000e+00	r	0
2	6.79705e-08	7.28586e-05	 	0
	8.78594e-12
------------------

	Time step 84 at t=4.20000e-01
1	9.83611e-04	1.00000e+00	r	0
2	6.56573e-08	6.67513e-05	 	0
	8.96533e-12
------------------

	Time step 85 at t=4.25000e-01
1	1.02692e-03	1.00000e+00	r	0
2	6.28939e-08	6.12451e-05	 	0
	9.09764e-12
------------------

	Time step 86 at t=4.30000e-01
1	1.06252e-03	1.00000e+00	r	0
2	5.97661e-08	5.62494e-05	 	0
	9.18071e-12
------------------

	Time step 87 at t=4.35000e-01
1	1.09014e-03	1.00000e+00	r	0
2	5.63724e-08	5.17114e-05	 	0
	9.21132e-12
------------------

	Time step 88 at t=4.40000e-01
1	1.10956e-03	1.00000e+00	r	0
2	5.28215e-08	4.76058e-05	 	0
	9.18532e-12
------------------

	Time step 89 at t=4.45000e-01
1	1.12064e-03	1.00000e+00	r	0
2	5.74513e-08	5.12665e-05	 	0
	9.09783e-12
------------------

	Time step 90 at t=4.50000e-01
1	1.12328e-03	1.00000e+00	r	0
2	6.19210e-08	5.51251e-05	 	0
	8.94346e-12
------------------

	Time step 91 at t=4.55000e-01
1	1.11745e-03	1.00000e+00	r	0
2	6.47403e-08	5.79359e-05	 	0
	8.71677e-12
------------------

	Time step 92 at t=4.60000e-01
1	1.10315e-03	1.00000e+00	r	0
2	6.58034e-08	5.96502e-05	 	0
	8.41256e-12
------------------

	Time step 93 at t=4.65000e-01
1	1.08049e-03	1.00000e+00	r	0
2	6.50592e-08	6.02128e-05	 	0
	8.02637e-12
------------------

	Time step 94 at t=4.70000e-01
1	1.04958e-03	1.00000e+00	r	0
2	6.25127e-08	5.95598e-05	 	0
	7.55482e-12
------------------

	Time step 95 at t=4.75000e-01
1	1.01062e-03	1.00000e+00	r	0
2	5.82264e-08	5.76144e-05	 	0
	7.69941e-12
------------------

	Time step 96 at t=4.80000e-01
1	9.63864e-04	1.00000e+00	r	0
2	5.23183e-08	5.42798e-05	 	0
	8.23579e-12
------------------

	Time step 97 at t=4.85000e-01
1	9.09606e-04	1.00000e+00	r	0
2	5.53008e-08	6.07964e-05	 	0
	8.73111e-12
------------------

	Time step 98 at t=4.90000e-01
1	8.48203e-04	1.00000e+00	r	0
2	6.15243e-08	7.25349e-05	 	0
	9.18392e-12
------------------

	Time step 99 at t=4.95000e-01
1	7.80063e-04	1.00000e+00	r	0
2	6.63248e-08	8.50250e-05	 	0
	9.59159e-12
------------------

	Time step 100 at t=5.00000e-01
1	8.20277e-04	1.00000e+00	r	0
2	6.95370e-08	8.47725e-05	 	0
	9.95007e-12
------------------

	Time step 101 at t=5.05000e-01
1	8.89069e-04	1.00000e+00	r	0
2	7.10440e-08	7.99083e-05	 	0
	1.02540e-11
------------------

	Time step 102 at t=5.10000e-01
1	9.51512e-04	1.00000e+00	r	0
2	7.07813e-08	7.43883e-05	 	0
	1.04965e-11
------------------

	Time step 103 at t=5.15000e-01
1	1.00708e-03	1.00000e+00	r	0
2	6.87394e-08	6.82563e-05	 	0
	1.06700e-11
------------------

	Time step 104 at t=5.20000e-01
1	1.05529e-03	1.00000e+00	r	0
2	6.49643e-08	6.15609e-05	 	0
	1.07662e-11
------------------

	Time step 105 at t=5.25000e-01
1	1.09570e-03	1.00000e+00	r	0
2	5.95570e-08	5.43551e-05	 	0
	1.07764e-11
------------------

	Time step 106 at t=5.30000e-01
1	1.12795e-03	1.00000e+00	r	0
2	5.86749e-08	5.20192e-05	 	0
	1.06925e-11
------------------

	Time step 107 at t=5.35000e-01
1	1.15169e-03	1.00000e+00	r	0
2	6.32860e-08	5.49504e-05	 	0
	1.05076e-11
------------------

	Time step 108 at t=5.40000e-01
1	1.16668e-03	1.00000e+00	r	0
2	6.77988e-08	5.81125e-05	 	0
	1.02159e-11
------------------

	Time step 109 at t=5.45000e-01
1	1.17271e-03	1.00000e+00	r	0
2	7.20829e-08	6.14667e-05	 	0
	9.81404e-12
------------------

	Time step 110 at t=5.50000e-01
1	1.16966e-03	1.00000e+00	r	0
2	7.60139e-08	6.49882e-05	 	0
	9.30087e-12
------------------

	Time step 111 at t=5.55000e-01
1	1.15745e-03	1.00000e+00	r	0
2	7.94778e-08	6.86665e-05	 	0
	8.67806e-12
------------------

	Time step 112 at t=5.60000e-01
1	1.13609e-03	1.00000e+00	r	0
2	8.23742e-08	7.25069e-05	 	0
	9.17658e-12
------------------

	Time step 113 at t=5.65000e-01
1	1.10566e-03	1.00000e+00	r	0
2	8.46203e-08	7.65336e-05	 	0
	9.89007e-12
------------------

	Time step 114 at t=5.70000e-01
1	1.06632e-03	1.00000e+00	r	0
2	8.61530e-08	8.07944e-05	 	0
	1.05247e-11
------------------

	Time step 115 at t=5.75000e-01
1	1.01830e-03	1.00000e+00	r	0
2	8.69313e-08	8.53691e-05	 	0
	1.10794e-11
------------------

	Time step 116 at t=5.80000e-01
1	9.61889e-04	1.00000e+00	r	0
2	8.69375e-08	9.03821e-05	 	0
	1.15543e-11
------------------

	Time step 117 at t=5.85000e-01
1	8.97466e-04	1.00000e+00	r	0
2	8.61784e-08	9.60241e-05	 	0
	1.19501e-11
------------------

	Time step 118 at t=5.90000e-01
1	9.67046e-04	1.00000e+00	r	0
2	8.46845e-08	8.75703e-05	 	0
	1.22680e-11
------------------

	Time step 119 at t=5.95000e-01
1	1.03170e-03	1.00000e+00	r	0
2	8.25098e-08	7.99745e-05	 	0
	1.25090e-11
------------------

	Time step 120 at t=6.00000e-01
1	1.08873e-03	1.00000e+00	r	0
2	7.97300e-08	7.32319e-05	 	0
	1.26735e-11
------------------

	Time step 121 at t=6.05000e-01
1	1.13762e-03	1.00000e+00	r	0
2	7.64403e-08	6.71929e-05	 	0
	1.27613e-11
------------------

	Time step 122 at t=6.10000e-01
1	1.17792e-03	1.00000e+00	r	0
2	7.27525e-08	6.17635e-05	 	0
	1.27710e-11
------------------

	Time step 123 at t=6.15000e-01
1	1.20923e-03	1.00000e+00	r	0
2	6.87920e-08	5.68890e-05	 	0
	1.27003e-11
------------------

	Time step 124 at t=6.20000e-01
1	1.23123e-03	1.00000e+00	r	0
2	6.81521e-08	5.53527e-05	 	0
	1.25458e-11
------------------

	Time step 125 at t=6.25000e-01
1	1.24368e-03	1.00000e+00	r	0
2	7.44878e-08	5.98933e-05	 	0
	1.23033e-11
------------------

	Time step 126 at t=6.30000e-01
1	1.24638e-03	1.00000e+00	r	0
2	7.88778e-08	6.32854e-05	 	0
	1.19679e-11
------------------

	Time step 127 at t=6.35000e-01
1	1.23926e-03	1.00000e+00	r	0
2	8.11583e-08	6.54896e-05	 	0
	1.15348e-11
------------------

	Time step 128 at t=6.40000e-01
1	1.22227e-03	1.00000e+00	r	0
2	8.12291e-08	6.64573e-05	 	0
	1.09992e-11
------------------

	Time step 129 at t=6.45000e-01
1	1.19550e-03	1.00000e+00	r	0
2	7.90580e-08	6.61296e-05	 	0
	1.03574e-11
------------------

	Time step 130 at t=6.50000e-01
1	1.15908e-03	1.00000e+00	r	0
2	7.46829e-08	6.44330e-05	 	0
	1.00769e-11
------------------

	Time step 131 at t=6.55000e-01
1	1.11323e-03	1.00000e+00	r	0
2	6.82116e-08	6.12737e-05	 	0
	1.08112e-11
------------------

	Time step 132 at t=6.60000e-01
1	1.05825e-03	1.00000e+00	r	0
2	6.47689e-08	6.12036e-05	 	0
	1.15044e-11
------------------

	Time step 133 at t=6.65000e-01
1	9.94534e-04	1.00000e+00	r	0
2	7.35157e-08	7.39198e-05	 	0
	1.21550e-11
------------------

	Time step 134 at t=6.70000e-01
1	9.22527e-04	1.00000e+00	r	0
2	8.06156e-08	8.73856e-05	 	0
	1.27599e-11
------------------

	Time step 135 at t=6.75000e-01
1	8.73227e-04	1.00000e+00	r	0
2	8.58234e-08	9.82830e-05	 	0
	1.33134e-11
------------------

	Time step 136 at t=6.80000e-01
1	9.53802e-04	1.00000e+00	r	0
2	8.89499e-08	9.32583e-05	 	0
	1.38074e-11
------------------

	Time step 137 at t=6.85000e-01
1	1.02719e-03	1.00000e+00	r	0
2	8.98695e-08	8.74907e-05	 	0
	1.42316e-11
------------------

	Time step 138 at t=6.90000e-01
1	1.09278e-03	1.00000e+00	r	0
2	8.85244e-08	8.10084e-05	 	0
	1.45732e-11
------------------

	Time step 139 at t=6.95000e-01
1	1.15003e-03	1.00000e+00	r	0
2	8.49283e-08	7.38485e-05	 	0
	1.48180e-11
------------------

	Time step 140 at t=7.00000e-01
1	1.19848e-03	1.00000e+00	r	0
2	7.91665e-08	6.60559e-05	 	0
	1.49511e-11
------------------

	Time step 141 at t=7.05000e-01
1	1.23771e-03	1.00000e+00	r	0
2	7.15671e-08	5.78222e-05	 	0
	1.49572e-11
------------------

	Time step 142 at t=7.10000e-01
1	1.26740e-03	1.00000e+00	r	0
2	7.69630e-08	6.07251e-05	 	0
	1.48221e-11
------------------

	Time step 143 at t=7.15000e-01
1	1.28730e-03	1.00000e+00	r	0
2	8.23036e-08	6.39351e-05	 	0
	1.45335e-11
------------------

	Time step 144 at t=7.20000e-01
1	1.29723e-03	1.00000e+00	r	0
2	8.74288e-08	6.73963e-05	 	0
	1.40819e-11
------------------

	Time step 145 at t=7.25000e-01
1	1.29711e-03	1.00000e+00	r	0
2	9.21829e-08	7.10679e-05	 	0
	1.34615e-11
------------------

	Time step 146 at t=7.30000e-01
1	1.28691e-03	1.00000e+00	r	0
2	9.64202e-08	7.49237e-05	 	0
	1.26705e-11
------------------

	Time step 147 at t=7.35000e-01
1	1.26670e-03	1.00000e+00	r	0
2	1.00009e-07	7.89525e-05	 	0
	1.20490e-11
------------------

	Time step 148 at t=7.40000e-01
1	1.23662e-03	1.00000e+00	r	0
2	1.02838e-07	8.31604e-05	 	0
	1.30548e-11
------------------

	Time step 149 at t=7.45000e-01
1	1.19688e-03	1.00000e+00	r	0
2	1.04816e-07	8.75747e-05	 	0
	1.39613e-11
------------------

	Time step 150 at t=7.50000e-01
1	1.14777e-03	1.00000e+00	r	0
2	1.05882e-07	9.22498e-05	 	0
	1.47666e-11
------------------

	Time step 151 at t=7.55000e-01
1	1.08965e-03	1.00000e+00	r	0
2	1.05999e-07	9.72779e-05	 	0
	1.54704e-11
------------------

	Time step 152 at t=7.60000e-01
1	1.02294e-03	1.00000e+00	r	0
2	1.05163e-07	1.02805e-04	 	0
	1.60730e-11
------------------

	Time step 153 at t=7.65000e-01
1	1.02920e-03	1.00000e+00	r	0
2	1.03399e-07	1.00465e-04	 	0
	1.65754e-11
------------------

	Time step 154 at t=7.70000e-01
1	1.10268e-03	1.00000e+00	r	0
2	1.00765e-07	9.13817e-05	 	0
	1.69779e-11
------------------

	Time step 155 at t=7.75000e-01
1	1.16780e-03	1.00000e+00	r	0
2	9.73433e-08	8.33564e-05	 	0
	1.72802e-11
------------------

	Time step 156 at t=7.80000e-01
1	1.22403e-03	1.00000e+00	r	0
2	9.32460e-08	7.61794e-05	 	0
	1.74808e-11
------------------

	Time step 157 at t=7.85000e-01
1	1.27093e-03	1.00000e+00	r	0
2	8.86073e-08	6.97185e-05	 	0
	1.75766e-11
------------------

	Time step 158 at t=7.90000e-01
1	1.30811e-03	1.00000e+00	r	0
2	8.35804e-08	6.38941e-05	 	0
	1.75629e-11
------------------

	Time step 159 at t=7.95000e-01
1	1.33526e-03	1.00000e+00	r	0
2	8.22431e-08	6.15935e-05	 	0
	1.74334e-11
------------------

	Time step 160 at t=8.00000e-01
1	1.35214e-03	1.00000e+00	r	0
2	9.13100e-08	6.75299e-05	 	0
	1.71808e-11
------------------

	Time step 161 at t=8.05000e-01
1	1.35860e-03	1.00000e+00	r	0
2	9.79882e-08	7.21243e-05	 	0
	1.67968e-11
------------------

	Time step 162 at t=8.10000e-01
1	1.35456e-03	1.00000e+00	r	0
2	1.02036e-07	7.53279e-05	 	0
	1.62729e-11
------------------

	Time step 163 at t=8.15000e-01
1	1.34001e-03	1.00000e+00	r	0
2	1.03293e-07	7.70836e-05	 	0
	1.56011e-11
------------------

	Time step 164 at t=8.20000e-01
1	1.31502e-03	1.00000e+00	r	0
2	1.01684e-07	7.73248e-05	 	0
	1.47750e-11
------------------

	Time step 165 at t=8.25000e-01
1	1.27975e-03	1.00000e+00	r	0
2	9.72261e-08	7.59727e-05	 	0
	1.38983e-11
------------------

	Time step 166 at t=8.30000e-01
1	1.23442e-03	1.00000e+00	r	0
2	9.00271e-08	7.29309e-05	 	0
	1.48614e-11
------------------

	Time step 167 at t=8.35000e-01
1	1.17932e-03	1.00000e+00	r	0
2	8.02836e-08	6.80762e-05	 	0
	1.57594e-11
------------------

	Time step 168 at t=8.40000e-01
1	1.11483e-03	1.00000e+00	r	0
2	8.69335e-08	7.79790e-05	 	0
	1.65939e-11
------------------

	Time step 169 at t=8.45000e-01
1	1.04140e-03	1.00000e+00	r	0
2	9.65541e-08	9.27160e-05	 	0
	1.73637e-11
------------------

	Time step 170 at t=8.50000e-01
1	9.59523e-04	1.00000e+00	r	0
2	1.03876e-07	1.08258e-04	 	0
	1.80644e-11
------------------

	Time step 171 at t=8.55000e-01
1	9.70750e-04	1.00000e+00	r	0
2	1.08641e-07	1.11915e-04	 	0
	1.86880e-11
------------------

	Time step 172 at t=8.60000e-01
1	1.05701e-03	1.00000e+00	r	0
2	1.10672e-07	1.04702e-04	 	0
	1.92229e-11
------------------

	Time step 173 at t=8.65000e-01
1	1.13571e-03	1.00000e+00	r	0
2	1.09873e-07	9.67441e-05	 	0
	1.96546e-11
------------------

	Time step 174 at t=8.70000e-01
1	1.20616e-03	1.00000e+00	r	0
2	1.06242e-07	8.80836e-05	 	0
	1.99659e-11
------------------

	Time step 175 at t=8.75000e-01
1	1.26772e-03	1.00000e+00	r	0
2	9.98653e-08	7.87757e-05	 	0
	2.01384e-11
------------------

	Time step 176 at t=8.80000e-01
1	1.31982e-03	1.00000e+00	r	0
2	9.09166e-08	6.88857e-05	 	0
	2.01532e-11
------------------

	Time step 177 at t=8.85000e-01
1	1.36195e-03	1.00000e+00	r	0
2	9.07017e-08	6.65971e-05	 	0
	1.99923e-11
------------------

	Time step 178 at t=8.90000e-01
1	1.39365e-03	1.00000e+00	r	0
2	9.75803e-08	7.00175e-05	 	0
	1.96398e-11
------------------

	Time step 179 at t=8.95000e-01
1	1.41457e-03	1.00000e+00	r	0
2	1.04241e-07	7.36910e-05	 	0
	1.90832e-11
------------------

	Time step 180 at t=9.00000e-01
1	1.42440e-03	1.00000e+00	r	0
2	1.10487e-07	7.75670e-05	 	0
	1.83144e-11
------------------

	Time step 181 at t=9.05000e-01
1	1.42294e-03	1.00000e+00	r	0
2	1.16130e-07	8.16128e-05	 	0
	1.73304e-11
------------------

	Time step 182 at t=9.10000e-01
1	1.41007e-03	1.00000e+00	r	0
2	1.21003e-07	8.58135e-05	 	0
	1.63432e-11
------------------

	Time step 183 at t=9.15000e-01
1	1.38575e-03	1.00000e+00	r	0
2	1.24959e-07	9.01738e-05	 	0
	1.77466e-11
------------------

	Time step 184 at t=9.20000e-01
1	1.35007e-03	1.00000e+00	r	0
2	1.27879e-07	9.47207e-05	 	0
	1.90048e-11
------------------

	Time step 185 at t=9.25000e-01
1	1.30318e-03	1.00000e+00	r	0
2	1.29680e-07	9.95102e-05	 	0
	2.01148e-11
------------------

	Time step 186 at t=9.30000e-01
1	1.24535e-03	1.00000e+00	r	0
2	1.30309e-07	1.04636e-04	 	0
	2.10760e-11
------------------

	Time step 187 at t=9.35000e-01
1	1.17696e-03	1.00000e+00	r	0
2	1.29752e-07	1.10244e-04	 	0
	2.18897e-11
------------------

	Time step 188 at t=9.40000e-01
1	1.09846e-03	1.00000e+00	r	0
2	1.28035e-07	1.16559e-04	 	0
	2.25579e-11
------------------

	Time step 189 at t=9.45000e-01
1	1.16491e-03	1.00000e+00	r	0
2	1.25218e-07	1.07492e-04	 	0
	2.30831e-11
------------------

	Time step 190 at t=9.50000e-01
1	1.24369e-03	1.00000e+00	r	0
2	1.21398e-07	9.76112e-05	 	0
	2.34670e-11
------------------

	Time step 191 at t=9.55000e-01
1	1.31319e-03	1.00000e+00	r	0
2	1.16704e-07	8.88704e-05	 	0
	2.37100e-11
------------------

	Time step 192 at t=9.60000e-01
1	1.37278e-03	1.00000e+00	r	0
2	1.11294e-07	8.10720e-05	 	0
	2.38110e-11
------------------

	Time step 193 at t=9.65000e-01
1	1.42191e-03	1.00000e+00	r	0
2	1.05352e-07	7.40919e-05	 	0
	2.37666e-11
------------------

	Time step 194 at t=9.70000e-01
1	1.46008e-03	1.00000e+00	r	0
2	9.90774e-08	6.78576e-05	 	0
	2.35715e-11
------------------

	Time step 195 at t=9.75000e-01
1	1.48689e-03	1.00000e+00	r	0
2	1.07368e-07	7.22100e-05	 	0
	2.32183e-11
------------------

	Time step 196 at t=9.80000e-01
1	1.50201e-03	1.00000e+00	r	0
2	1.16486e-07	7.75531e-05	 	0
	2.26983e-11
------------------

	Time step 197 at t=9.85000e-01
1	1.50523e-03	1.00000e+00	r	0
2	1.22447e-07	8.13477e-05	 	0
	2.20019e-11
------------------

	Time step 198 at t=9.90000e-01
1	1.49639e-03	1.00000e+00	r	0
2	1.25024e-07	8.35506e-05	 	0
	2.11197e-11
------------------

	Time step 199 at t=9.95000e-01
1	1.47548e-03	1.00000e+00	r	0
2	1.24098e-07	8.41070e-05	 	0
	2.00432e-11
------------------

	Time step 200 at t=1.00000e+00
1	1.44254e-03	1.00000e+00	r	0
2	1.19656e-07	8.29480e-05	 	0
	1.87657e-11
------------------

	Time step 201 at t=1.00500e+00
1	1.39774e-03	1.00000e+00	r	0
2	1.11799e-07	7.99853e-05	 	0
	1.95138e-11
------------------

	Time step 202 at t=1.01000e+00
1	1.34135e-03	1.00000e+00	r	0
2	1.00738e-07	7.51020e-05	 	0
	2.08744e-11
------------------

	Time step 203 at t=1.01500e+00
1	1.27373e-03	1.00000e+00	r	0
2	1.03881e-07	8.15565e-05	 	0
	2.21517e-11
------------------

	Time step 204 at t=1.02000e+00
1	1.19535e-03	1.00000e+00	r	0
2	1.16652e-07	9.75877e-05	 	0
	2.33418e-11
------------------

	Time step 205 at t=1.02500e+00
1	1.10678e-03	1.00000e+00	r	0
2	1.26673e-07	1.14452e-04	 	0
	2.44362e-11
------------------

	Time step 206 at t=1.03000e+00
1	1.07166e-03	1.00000e+00	r	0
2	1.33594e-07	1.24660e-04	 	0
	2.54223e-11
------------------

	Time step 207 at t=1.03500e+00
1	1.16849e-03	1.00000e+00	r	0
2	1.37156e-07	1.17379e-04	 	0
	2.62824e-11
------------------

	Time step 208 at t=1.04000e+00
1	1.25620e-03	1.00000e+00	r	0
2	1.37208e-07	1.09224e-04	 	0
	2.69949e-11
------------------

	Time step 209 at t=1.04500e+00
1	1.33409e-03	1.00000e+00	r	0
2	1.33708e-07	1.00224e-04	 	0
	2.75349e-11
------------------

	Time step 210 at t=1.05000e+00
1	1.40150e-03	1.00000e+00	r	0
2	1.26728e-07	9.04232e-05	 	0
	2.78750e-11
------------------

	Time step 211 at t=1.05500e+00
1	1.45790e-03	1.00000e+00	r	0
2	1.16454e-07	7.98783e-05	 	0
	2.79874e-11
------------------

	Time step 212 at t=1.06000e+00
1	1.50283e-03	1.00000e+00	r	0
2	1.08922e-07	7.24777e-05	 	0
	2.78452e-11
------------------

	Time step 213 at t=1.06500e+00
1	1.53593e-03	1.00000e+00	r	0
2	1.17151e-07	7.62739e-05	 	0
	2.74243e-11
------------------

	Time step 214 at t=1.07000e+00
1	1.55694e-03	1.00000e+00	r	0
2	1.25178e-07	8.03997e-05	 	0
	2.67054e-11
------------------

	Time step 215 at t=1.07500e+00
1	1.56570e-03	1.00000e+00	r	0
2	1.32756e-07	8.47904e-05	 	0
	2.56752e-11
------------------

	Time step 216 at t=1.08000e+00
1	1.56214e-03	1.00000e+00	r	0
2	1.39654e-07	8.93993e-05	 	0
	2.43282e-11
------------------

	Time step 217 at t=1.08500e+00
1	1.54629e-03	1.00000e+00	r	0
2	1.45657e-07	9.41975e-05	 	0
	2.26675e-11
------------------

	Time step 218 at t=1.09000e+00
1	1.51828e-03	1.00000e+00	r	0
2	1.50576e-07	9.91752e-05	 	0
	2.30267e-11
------------------

	Time step 219 at t=1.09500e+00
1	1.47833e-03	1.00000e+00	r	0
2	1.54256e-07	1.04345e-04	 	0
	2.47828e-11
------------------

	Time step 220 at t=1.10000e+00
1	1.42674e-03	1.00000e+00	r	0
2	1.56578e-07	1.09745e-04	 	0
	2.63506e-11
------------------

	Time step 221 at t=1.10500e+00
1	1.36391e-03	1.00000e+00	r	0
2	1.57468e-07	1.15453e-04	 	0
	2.77289e-11
------------------

	Time step 222 at t=1.11000e+00
1	1.29032e-03	1.00000e+00	r	0
2	1.56896e-07	1.21594e-04	 	0
	2.89187e-11
------------------

	Time step 223 at t=1.11500e+00
1	1.20652e-03	1.00000e+00	r	0
2	1.54877e-07	1.28367e-04	 	0
	2.99221e-11
------------------

	Time step 224 at t=1.12000e+00
1	1.26506e-03	1.00000e+00	r	0
2	1.51475e-07	1.19737e-04	 	0
	3.07410e-11
------------------

	Time step 225 at t=1.12500e+00
1	1.35134e-03	1.00000e+00	r	0
2	1.46799e-07	1.08632e-04	 	0
	3.13765e-11
------------------

	Time step 226 at t=1.13000e+00
1	1.42717e-03	1.00000e+00	r	0
2	1.41001e-07	9.87980e-05	 	0
	3.18273e-11
------------------

	Time step 227 at t=1.13500e+00
1	1.49192e-03	1.00000e+00	r	0
2	1.34269e-07	8.99975e-05	 	0
	3.20894e-11
------------------

	Time step 228 at t=1.14000e+00
1	1.54510e-03	1.00000e+00	r	0
2	1.26826e-07	8.20824e-05	 	0
	3.21557e-11
------------------

	Time step 229 at t=1.14500e+00
1	1.58628e-03	1.00000e+00	r	0
2	1.18918e-07	7.49666e-05	 	0
	3.20160e-11
------------------

	Time step 230 at t=1.15000e+00
1	1.61512e-03	1.00000e+00	r	0
2	1.31382e-07	8.13451e-05	 	0
	3.16572e-11
------------------

	Time step 231 at t=1.15500e+00
1	1.63138e-03	1.00000e+00	r	0
2	1.43548e-07	8.79917e-05	 	0
	3.10642e-11
------------------

	Time step 232 at t=1.16000e+00
1	1.63492e-03	1.00000e+00	r	0
2	1.51853e-07	9.28808e-05	 	0
	3.02212e-11
------------------

	Time step 233 at t=1.16500e+00
1	1.62569e-03	1.00000e+00	r	0
2	1.55986e-07	9.59504e-05	 	0
	2.91127e-11
------------------

	Time step 234 at t=1.17000e+00
1	1.60372e-03	1.00000e+00	r	0
2	1.55766e-07	9.71277e-05	 	0
	2.77251e-11
------------------

	Time step 235 at t=1.17500e+00
1	1.56914e-03	1.00000e+00	r	0
2	1.51150e-07	9.63267e-05	 	0
	2.60482e-11
------------------

	Time step 236 at t=1.18000e+00
1	1.52219e-03	1.00000e+00	r	0
2	1.42239e-07	9.34440e-05	 	0
	2.63026e-11
------------------

	Time step 237 at t=1.18500e+00
1	1.46317e-03	1.00000e+00	r	0
2	1.29271e-07	8.83505e-05	 	0
	2.79730e-11
------------------

	Time step 238 at t=1.19000e+00
1	1.39248e-03	1.00000e+00	r	0
2	1.22390e-07	8.78934e-05	 	0
	2.95241e-11
------------------

	Time step 239 at t=1.19500e+00
1	1.31062e-03	1.00000e+00	r	0
2	1.38585e-07	1.05740e-04	 	0
	3.09560e-11
------------------

	Time step 240 at t=1.20000e+00
1	1.21816e-03	1.00000e+00	r	0
2	1.51471e-07	1.24345e-04	 	0
	3.22634e-11
------------------

	Time step 241 at t=1.20500e+00
1	1.11574e-03	1.00000e+00	r	0
2	1.60605e-07	1.43945e-04	 	0
	3.34342e-11
------------------

	Time step 242 at t=1.21000e+00
1	1.21118e-03	1.00000e+00	r	0
2	1.65659e-07	1.36774e-04	 	0
	3.44504e-11
------------------

	Time step 243 at t=1.21500e+00
1	1.31309e-03	1.00000e+00	r	0
2	1.66432e-07	1.26748e-04	 	0
	3.52877e-11
------------------

	Time step 244 at t=1.22000e+00
1	1.40557e-03	1.00000e+00	r	0
2	1.62861e-07	1.15869e-04	 	0
	3.59175e-11
------------------

	Time step 245 at t=1.22500e+00
1	1.48776e-03	1.00000e+00	r	0
2	1.55022e-07	1.04198e-04	 	0
	3.63075e-11
------------------

	Time step 246 at t=1.23000e+00
1	1.55890e-03	1.00000e+00	r	0
2	1.43128e-07	9.18135e-05	 	0
	3.64244e-11
------------------

	Time step 247 at t=1.23500e+00
1	1.61828e-03	1.00000e+00	r	0
2	1.27527e-07	7.88038e-05	 	0
	3.62358e-11
------------------

	Time step 248 at t=1.24000e+00
1	1.66526e-03	1.00000e+00	r	0
2	1.37619e-07	8.26407e-05	 	0
	3.57121e-11
------------------

	Time step 249 at t=1.24500e+00
1	1.69930e-03	1.00000e+00	r	0
2	1.47743e-07	8.69431e-05	 	0
	3.48292e-11
------------------

	Time step 250 at t=1.25000e+00
1	1.71995e-03	1.00000e+00	r	0
2	1.57364e-07	9.14937e-05	 	0
	3.35700e-11
------------------

	Time step 251 at t=1.25500e+00
1	1.72685e-03	1.00000e+00	r	0
2	1.66194e-07	9.62412e-05	 	0
	3.19264e-11
------------------

	Time step 252 at t=1.26000e+00
1	1.71976e-03	1.00000e+00	r	0
2	1.73965e-07	1.01157e-04	 	0
	2.99001e-11
------------------

	Time step 253 at t=1.26500e+00
1	1.69855e-03	1.00000e+00	r	0
2	1.80443e-07	1.06233e-04	 	0
	3.08076e-11
------------------

	Time step 254 at t=1.27000e+00
1	1.66324e-03	1.00000e+00	r	0
2	1.85435e-07	1.11490e-04	 	0
	3.31461e-11
------------------

	Time step 255 at t=1.27500e+00
1	1.61393e-03	1.00000e+00	r	0
2	1.88794e-07	1.16978e-04	 	0
	3.52158e-11
------------------

	Time step 256 at t=1.28000e+00
1	1.55088e-03	1.00000e+00	r	0
2	1.90424e-07	1.22785e-04	 	0
	3.70151e-11
------------------

	Time step 257 at t=1.28500e+00
1	1.47448e-03	1.00000e+00	r	0
2	1.90287e-07	1.29054e-04	 	0
	3.85462e-11
------------------

	Time step 258 at t=1.29000e+00
1	1.38523e-03	1.00000e+00	r	0
2	1.88397e-07	1.36004e-04	 	0
	3.98132e-11
------------------

	Time step 259 at t=1.29500e+00
1	1.34144e-03	1.00000e+00	r	0
2	1.84830e-07	1.37785e-04	 	0
	4.08214e-11
------------------

	Time step 260 at t=1.30000e+00
1	1.44263e-03	1.00000e+00	r	0
2	1.79712e-07	1.24572e-04	 	0
	4.15753e-11
------------------

	Time step 261 at t=1.30500e+00
1	1.53308e-03	1.00000e+00	r	0
2	1.73223e-07	1.12990e-04	 	0
	4.20771e-11
------------------

	Time step 262 at t=1.31000e+00
1	1.61196e-03	1.00000e+00	r	0
2	1.65584e-07	1.02722e-04	 	0
	4.23266e-11
------------------

	Time step 263 at t=1.31500e+00
1	1.67851e-03	1.00000e+00	r	0
2	1.57057e-07	9.35690e-05	 	0
	4.23194e-11
------------------

	Time step 264 at t=1.32000e+00
1	1.73209e-03	1.00000e+00	r	0
2	1.47934e-07	8.54075e-05	 	0
	4.20474e-11
------------------

	Time step 265 at t=1.32500e+00
1	1.77212e-03	1.00000e+00	r	0
2	1.53051e-07	8.63663e-05	 	0
	4.14988e-11
------------------

	Time step 266 at t=1.33000e+00
1	1.79814e-03	1.00000e+00	r	0
2	1.68330e-07	9.36134e-05	 	0
	4.06585e-11
------------------

	Time step 267 at t=1.33500e+00
1	1.80979e-03	1.00000e+00	r	0
2	1.79028e-07	9.89223e-05	 	0
	3.95096e-11
------------------

	Time step 268 at t=1.34000e+00
1	1.80681e-03	1.00000e+00	r	0
2	1.84755e-07	1.02254e-04	 	0
	3.80349e-11
------------------

	Time step 269 at t=1.34500e+00
1	1.78910e-03	1.00000e+00	r	0
2	1.85273e-07	1.03557e-04	 	0
	3.62181e-11
------------------

	Time step 270 at t=1.35000e+00
1	1.75663e-03	1.00000e+00	r	0
2	1.80509e-07	1.02759e-04	 	0
	3.40462e-11
------------------

	Time step 271 at t=1.35500e+00
1	1.70953e-03	1.00000e+00	r	0
2	1.70561e-07	9.97706e-05	 	0
	3.39839e-11
------------------

	Time step 272 at t=1.36000e+00
1	1.64805e-03	1.00000e+00	r	0
2	1.55691e-07	9.44696e-05	 	0
	3.64634e-11
------------------

	Time step 273 at t=1.36500e+00
1	1.57257e-03	1.00000e+00	r	0
2	1.46633e-07	9.32441e-05	 	0
	3.87901e-11
------------------

	Time step 274 at t=1.37000e+00
1	1.48360e-03	1.00000e+00	r	0
2	1.66982e-07	1.12552e-04	 	0
	4.09584e-11
------------------

	Time step 275 at t=1.37500e+00
1	1.38179e-03	1.00000e+00	r	0
2	1.83405e-07	1.32730e-04	 	0
	4.29555e-11
------------------

	Time step 276 at t=1.38000e+00
1	1.26788e-03	1.00000e+00	r	0
2	1.95330e-07	1.54060e-04	 	0
	4.47608e-11
------------------

	Time step 277 at t=1.38500e+00
1	1.35982e-03	1.00000e+00	r	0
2	2.02326e-07	1.48789e-04	 	0
	4.63457e-11
------------------

	Time step 278 at t=1.39000e+00
1	1.46955e-03	1.00000e+00	r	0
2	2.04117e-07	1.38897e-04	 	0
	4.76738e-11
------------------

	Time step 279 at t=1.39500e+00
1	1.56749e-03	1.00000e+00	r	0
2	2.00589e-07	1.27968e-04	 	0
	4.87026e-11
------------------

	Time step 280 at t=1.40000e+00
1	1.65284e-03	1.00000e+00	r	0
2	1.91803e-07	1.16044e-04	 	0
	4.93850e-11
------------------

	Time step 281 at t=1.40500e+00
1	1.72492e-03	1.00000e+00	r	0
2	1.77987e-07	1.03186e-04	 	0
	4.96723e-11
------------------

	Time step 282 at t=1.41000e+00
1	1.78319e-03	1.00000e+00	r	0
2	1.59538e-07	8.94679e-05	 	0
	4.95167e-11
------------------

	Time step 283 at t=1.41500e+00
1	1.82719e-03	1.00000e+00	r	0
2	1.67130e-07	9.14683e-05	 	0
	4.88749e-11
------------------

	Time step 284 at t=1.42000e+00
1	1.85660e-03	1.00000e+00	r	0
2	1.78954e-07	9.63881e-05	 	0
	4.77110e-11
------------------

	Time step 285 at t=1.42500e+00
1	1.87123e-03	1.00000e+00	r	0
2	1.90204e-07	1.01647e-04	 	0
	4.59994e-11
------------------

	Time step 286 at t=1.43000e+00
1	1.87098e-03	1.00000e+00	r	0
2	2.00528e-07	1.07178e-04	 	0
	4.37279e-11
------------------

	Time step 287 at t=1.43500e+00
1	1.85591e-03	1.00000e+00	r	0
2	2.09601e-07	1.12937e-04	 	0
	4.08986e-11
------------------

	Time step 288 at t=1.44000e+00
1	1.82616e-03	1.00000e+00	r	0
2	2.17135e-07	1.18903e-04	 	0
	3.96939e-11
------------------

	Time step 289 at t=1.44500e+00
1	1.78199e-03	1.00000e+00	r	0
2	2.22886e-07	1.25077e-04	 	0
	4.28449e-11
------------------

	Time step 290 at t=1.45000e+00
1	1.72378e-03	1.00000e+00	r	0
2	2.26667e-07	1.31494e-04	 	0
	4.56611e-11
------------------

	Time step 291 at t=1.45500e+00
1	1.65200e-03	1.00000e+00	r	0
2	2.28354e-07	1.38229e-04	 	0
	4.81408e-11
------------------

	Time step 292 at t=1.46000e+00
1	1.56723e-03	1.00000e+00	r	0
2	2.27887e-07	1.45408e-04	 	0
	5.02864e-11
------------------

	Time step 293 at t=1.46500e+00
1	1.47011e-03	1.00000e+00	r	0
2	2.25277e-07	1.53238e-04	 	0
	5.21030e-11
------------------

	Time step 294 at t=1.47000e+00
1	1.48040e-03	1.00000e+00	r	0
2	2.20604e-07	1.49016e-04	 	0
	5.35961e-11
------------------

	Time step 295 at t=1.47500e+00
1	1.58741e-03	1.00000e+00	r	0
2	2.14016e-07	1.34821e-04	 	0
	5.47692e-11
------------------

	Time step 296 at t=1.48000e+00
1	1.68190e-03	1.00000e+00	r	0
2	2.05724e-07	1.22317e-04	 	0
	5.56223e-11
------------------

	Time step 297 at t=1.48500e+00
1	1.76316e-03	1.00000e+00	r	0
2	1.95999e-07	1.11164e-04	 	0
	5.61502e-11
------------------

	Time step 298 at t=1.49000e+00
1	1.83055e-03	1.00000e+00	r	0
2	1.85159e-07	1.01149e-04	 	0
	5.63418e-11
------------------

	Time step 299 at t=1.49500e+00
1	1.88358e-03	1.00000e+00	r	0
2	1.73562e-07	9.21446e-05	 	0
	5.61800e-11
------------------

	Time step 300 at t=1.50000e+00
1	1.92184e-03	1.00000e+00	r	0
2	1.86546e-07	9.70663e-05	 	0
	5.56420e-11
------------------

	Time step 301 at t=1.50500e+00
1	1.94504e-03	1.00000e+00	r	0
2	2.05903e-07	1.05861e-04	 	0
	5.47009e-11
------------------

	Time step 302 at t=1.51000e+00
1	1.95302e-03	1.00000e+00	r	0
2	2.19707e-07	1.12496e-04	 	0
	5.33273e-11
------------------

	Time step 303 at t=1.51500e+00
1	1.94569e-03	1.00000e+00	r	0
2	2.27450e-07	1.16899e-04	 	0
	5.14923e-11
------------------

	Time step 304 at t=1.52000e+00
1	1.92310e-03	1.00000e+00	r	0
2	2.28816e-07	1.18983e-04	 	0
	4.91699e-11
------------------

	Time step 305 at t=1.52500e+00
1	1.88541e-03	1.00000e+00	r	0
2	2.23694e-07	1.18644e-04	 	0
	4.63399e-11
------------------

	Time step 306 at t=1.53000e+00
1	1.83288e-03	1.00000e+00	r	0
2	2.12178e-07	1.15762e-04	 	0
	4.54785e-11
------------------

	Time step 307 at t=1.53500e+00
1	1.76585e-03	1.00000e+00	r	0
2	1.94576e-07	1.10188e-04	 	0
	4.84293e-11
------------------

	Time step 308 at t=1.54000e+00
1	1.68481e-03	1.00000e+00	r	0
2	1.71956e-07	1.02063e-04	 	0
	5.11639e-11
------------------

	Time step 309 at t=1.54500e+00
1	1.59031e-03	1.00000e+00	r	0
2	1.96808e-07	1.23754e-04	 	0
	5.36849e-11
------------------

	Time step 310 at t=1.55000e+00
1	1.48302e-03	1.00000e+00	r	0
2	2.16950e-07	1.46289e-04	 	0
	5.59851e-11
------------------

	Time step 311 at t=1.55500e+00
1	1.36370e-03	1.00000e+00	r	0
2	2.31692e-07	1.69900e-04	 	0
	5.80468e-11
------------------

	Time step 312 at t=1.56000e+00
1	1.40831e-03	1.00000e+00	r	0
2	2.40511e-07	1.70779e-04	 	0
	5.98410e-11
------------------

	Time step 313 at t=1.56500e+00
1	1.53353e-03	1.00000e+00	r	0
2	2.43072e-07	1.58505e-04	 	0
	6.13288e-11
------------------

	Time step 314 at t=1.57000e+00
1	1.64789e-03	1.00000e+00	r	0
2	2.39241e-07	1.45180e-04	 	0
	6.24622e-11
------------------

	Time step 315 at t=1.57500e+00
1	1.75036e-03	1.00000e+00	r	0
2	2.29089e-07	1.30881e-04	 	0
	6.31876e-11
------------------

	Time step 316 at t=1.58000e+00
1	1.83996e-03	1.00000e+00	r	0
2	2.12893e-07	1.15705e-04	 	0
	6.34482e-11
------------------

	Time step 317 at t=1.58500e+00
1	1.91578e-03	1.00000e+00	r	0
2	1.91127e-07	9.97646e-05	 	0
	6.31881e-11
------------------

	Time step 318 at t=1.59000e+00
1	1.97700e-03	1.00000e+00	r	0
2	1.94815e-07	9.85405e-05	 	0
	6.23561e-11
------------------

	Time step 319 at t=1.59500e+00
1	2.02290e-03	1.00000e+00	r	0
2	2.09738e-07	1.03682e-04	 	0
	6.09091e-11
------------------

	Time step 320 at t=1.60000e+00
1	2.05284e-03	1.00000e+00	r	0
2	2.24006e-07	1.09120e-04	 	0
	5.88161e-11
------------------

	Time step 321 at t=1.60500e+00
1	2.06635e-03	1.00000e+00	r	0
2	2.37189e-07	1.14787e-04	 	0
	5.60607e-11
------------------

	Time step 322 at t=1.61000e+00
1	2.06304e-03	1.00000e+00	r	0
2	2.48891e-07	1.20643e-04	 	0
	5.26430e-11
------------------

	Time step 323 at t=1.61500e+00
1	2.04270e-03	1.00000e+00	r	0
2	2.58759e-07	1.26675e-04	 	0
	5.28997e-11
------------------

	Time step 324 at t=1.62000e+00
1	2.00524e-03	1.00000e+00	r	0
2	2.66500e-07	1.32902e-04	 	0
	5.70454e-11
------------------

	Time step 325 at t=1.62500e+00
1	1.95075e-03	1.00000e+00	r	0
2	2.71888e-07	1.39376e-04	 	0
	6.07167e-11
------------------

	Time step 326 at t=1.63000e+00
1	1.87948e-03	1.00000e+00	r	0
2	2.74770e-07	1.46195e-04	 	0
	6.39093e-11
------------------

	Time step 327 at t=1.63500e+00
1	1.79181e-03	1.00000e+00	r	0
2	2.75078e-07	1.53519e-04	 	0
	6.66264e-11
------------------

	Time step 328 at t=1.64000e+00
1	1.68835e-03	1.00000e+00	r	0
2	2.72825e-07	1.61593e-04	 	0
	6.88756e-11
------------------

	Time step 329 at t=1.64500e+00
1	1.56981e-03	1.00000e+00	r	0
2	2.68106e-07	1.70789e-04	 	0
	7.06668e-11
------------------

	Time step 330 at t=1.65000e+00
1	1.68906e-03	1.00000e+00	r	0
2	2.61098e-07	1.54582e-04	 	0
	7.20098e-11
------------------

	Time step 331 at t=1.65500e+00
1	1.80050e-03	1.00000e+00	r	0
2	2.52050e-07	1.39989e-04	 	0
	7.29110e-11
------------------

	Time step 332 at t=1.66000e+00
1	1.89842e-03	1.00000e+00	r	0
2	2.41280e-07	1.27095e-04	 	0
	7.33725e-11
------------------

	Time step 333 at t=1.66500e+00
1	1.98189e-03	1.00000e+00	r	0
2	2.29158e-07	1.15626e-04	 	0
	7.33897e-11
------------------

	Time step 334 at t=1.67000e+00
1	2.05007e-03	1.00000e+00	r	0
2	2.16104e-07	1.05413e-04	 	0
	7.29511e-11
------------------

	Time step 335 at t=1.67500e+00
1	2.10224e-03	1.00000e+00	r	0
2	2.16982e-07	1.03215e-04	 	0
	7.20385e-11
------------------

	Time step 336 at t=1.68000e+00
1	2.13779e-03	1.00000e+00	r	0
2	2.40383e-07	1.12445e-04	 	0
	7.06277e-11
------------------

	Time step 337 at t=1.68500e+00
1	2.15623e-03	1.00000e+00	r	0
2	2.57239e-07	1.19300e-04	 	0
	6.86904e-11
------------------

	Time step 338 at t=1.69000e+00
1	2.15719e-03	1.00000e+00	r	0
2	2.66941e-07	1.23745e-04	 	0
	6.61968e-11
------------------

	Time step 339 at t=1.69500e+00
1	2.14047e-03	1.00000e+00	r	0
2	2.69106e-07	1.25722e-04	 	0
	6.31186e-11
------------------

	Time step 340 at t=1.70000e+00
1	2.10600e-03	1.00000e+00	r	0
2	2.63583e-07	1.25158e-04	 	0
	5.94319e-11
------------------

	Time step 341 at t=1.70500e+00
1	2.05385e-03	1.00000e+00	r	0
2	2.50471e-07	1.21952e-04	 	0
	5.81591e-11
------------------

	Time step 342 at t=1.71000e+00
1	1.98427e-03	1.00000e+00	r	0
2	2.30112e-07	1.15968e-04	 	0
	6.25265e-11
------------------

	Time step 343 at t=1.71500e+00
1	1.89766e-03	1.00000e+00	r	0
2	2.07224e-07	1.09199e-04	 	0
	6.66269e-11
------------------

	Time step 344 at t=1.72000e+00
1	1.79459e-03	1.00000e+00	r	0
2	2.37858e-07	1.32542e-04	 	0
	7.04505e-11
------------------

	Time step 345 at t=1.72500e+00
1	1.67579e-03	1.00000e+00	r	0
2	2.62924e-07	1.56896e-04	 	0
	7.39759e-11
------------------

	Time step 346 at t=1.73000e+00
1	1.54214e-03	1.00000e+00	r	0
2	2.81555e-07	1.82575e-04	 	0
	7.71683e-11
------------------

	Time step 347 at t=1.73500e+00
1	1.60162e-03	1.00000e+00	r	0
2	2.93085e-07	1.82993e-04	 	0
	7.99792e-11
------------------

	Time step 348 at t=1.74000e+00
1	1.73443e-03	1.00000e+00	r	0
2	2.97070e-07	1.71278e-04	 	0
	8.23469e-11
------------------

	Time step 349 at t=1.74500e+00
1	1.85307e-03	1.00000e+00	r	0
2	2.93307e-07	1.58281e-04	 	0
	8.41989e-11
------------------

	Time step 350 at t=1.75000e+00
1	1.95660e-03	1.00000e+00	r	0
2	2.81842e-07	1.44047e-04	 	0
	8.54549e-11
------------------

	Time step 351 at t=1.75500e+00
1	2.04421e-03	1.00000e+00	r	0
2	2.62970e-07	1.28642e-04	 	0
	8.60311e-11
------------------

	Time step 352 at t=1.76000e+00
1	2.11524e-03	1.00000e+00	r	0
2	2.37233e-07	1.12154e-04	 	0
	8.58452e-11
------------------

	Time step 353 at t=1.76500e+00
1	2.16917e-03	1.00000e+00	r	0
2	2.37957e-07	1.09700e-04	 	0
	8.48220e-11
------------------

	Time step 354 at t=1.77000e+00
1	2.20564e-03	1.00000e+00	r	0
2	2.54951e-07	1.15590e-04	 	0
	8.28986e-11
------------------

	Time step 355 at t=1.77500e+00
1	2.22443e-03	1.00000e+00	r	0
2	2.71179e-07	1.21909e-04	 	0
	8.00294e-11
------------------

	Time step 356 at t=1.78000e+00
1	2.22546e-03	1.00000e+00	r	0
2	2.86132e-07	1.28572e-04	 	0
	7.61913e-11
------------------

	Time step 357 at t=1.78500e+00
1	2.20881e-03	1.00000e+00	r	0
2	2.99331e-07	1.35517e-04	 	0
	7.13863e-11
------------------

	Time step 358 at t=1.79000e+00
1	2.17466e-03	1.00000e+00	r	0
2	3.10353e-07	1.42713e-04	 	0
	6.75524e-11
------------------

	Time step 359 at t=1.79500e+00
1	2.12337e-03	1.00000e+00	r	0
2	3.18837e-07	1.50156e-04	 	0
	7.30120e-11
------------------

	Time step 360 at t=1.80000e+00
1	2.05540e-03	1.00000e+00	r	0
2	3.24503e-07	1.57878e-04	 	0
	7.78920e-11
------------------

	Time step 361 at t=1.80500e+00
1	1.97134e-03	1.00000e+00	r	0
2	3.27160e-07	1.65958e-04	 	0
	8.21900e-11
------------------

	Time step 362 at t=1.81000e+00
1	1.87188e-03	1.00000e+00	r	0
2	3.26713e-07	1.74538e-04	 	0
	8.59118e-11
------------------

	Time step 363 at t=1.81500e+00
1	1.75782e-03	1.00000e+00	r	0
2	3.23167e-07	1.83845e-04	 	0
	8.90684e-11
------------------

	Time step 364 at t=1.82000e+00
1	1.74532e-03	1.00000e+00	r	0
2	3.16627e-07	1.81415e-04	 	0
	9.16715e-11
------------------

	Time step 365 at t=1.82500e+00
1	1.87402e-03	1.00000e+00	r	0
2	3.07298e-07	1.63978e-04	 	0
	9.37303e-11
------------------

	Time step 366 at t=1.83000e+00
1	1.98777e-03	1.00000e+00	r	0
2	2.95479e-07	1.48649e-04	 	0
	9.52473e-11
------------------

	Time step 367 at t=1.83500e+00
1	2.08571e-03	1.00000e+00	r	0
2	2.81549e-07	1.34990e-04	 	0
	9.62161e-11
------------------

	Time step 368 at t=1.84000e+00
1	2.16714e-03	1.00000e+00	r	0
2	2.65965e-07	1.22726e-04	 	0
	9.66190e-11
------------------

	Time step 369 at t=1.84500e+00
1	2.23147e-03	1.00000e+00	r	0
2	2.49238e-07	1.11693e-04	 	0
	9.64272e-11
------------------

	Time step 370 at t=1.85000e+00
1	2.27824e-03	1.00000e+00	r	0
2	2.63818e-07	1.15799e-04	 	0
	9.56007e-11
------------------

	Time step 371 at t=1.85500e+00
1	2.30713e-03	1.00000e+00	r	0
2	2.93046e-07	1.27017e-04	 	0
	9.40917e-11
------------------

	Time step 372 at t=1.86000e+00
1	2.31796e-03	1.00000e+00	r	0
2	3.14375e-07	1.35626e-04	 	0
	9.18471e-11
------------------

	Time step 373 at t=1.86500e+00
1	2.31066e-03	1.00000e+00	r	0
2	3.27031e-07	1.41532e-04	 	0
	8.88137e-11
------------------

	Time step 374 at t=1.87000e+00
1	2.28529e-03	1.00000e+00	r	0
2	3.30512e-07	1.44626e-04	 	0
	8.49430e-11
------------------

	Time step 375 at t=1.87500e+00
1	2.24203e-03	1.00000e+00	r	0
2	3.24606e-07	1.44782e-04	 	0
	8.01967e-11
------------------

	Time step 376 at t=1.88000e+00
1	2.18120e-03	1.00000e+00	r	0
2	3.09409e-07	1.41853e-04	 	0
	7.76426e-11
------------------

	Time step 377 at t=1.88500e+00
1	2.10322e-03	1.00000e+00	r	0
2	2.85319e-07	1.35658e-04	 	0
	8.27053e-11
------------------

	Time step 378 at t=1.89000e+00
1	2.00864e-03	1.00000e+00	r	0
2	2.53030e-07	1.25971e-04	 	0
	8.73844e-11
------------------

	Time step 379 at t=1.89500e+00
1	1.89812e-03	1.00000e+00	r	0
2	2.77918e-07	1.46418e-04	 	0
	9.16864e-11
------------------

	Time step 380 at t=1.90000e+00
1	1.77243e-03	1.00000e+00	r	0
2	3.08075e-07	1.73815e-04	 	0
	9.56022e-11
------------------

	Time step 381 at t=1.90500e+00
1	1.63246e-03	1.00000e+00	r	0
2	3.30548e-07	2.02485e-04	 	0
	9.91047e-11
------------------

	Time step 382 at t=1.91000e+00
1	1.64314e-03	1.00000e+00	r	0
2	3.44547e-07	2.09688e-04	 	0
	1.02149e-10
------------------

	Time step 383 at t=1.91500e+00
1	1.79365e-03	1.00000e+00	r	0
2	3.49552e-07	1.94883e-04	 	0
	1.04671e-10
------------------

	Time step 384 at t=1.92000e+00
1	1.93170e-03	1.00000e+00	r	0
2	3.45332e-07	1.78770e-04	 	0
	1.06596e-10
------------------

	Time step 385 at t=1.92500e+00
1	2.05605e-03	1.00000e+00	r	0
2	3.31953e-07	1.61452e-04	 	0
	1.07834e-10
------------------

	Time step 386 at t=1.93000e+00
1	2.16547e-03	1.00000e+00	r	0
2	3.09782e-07	1.43055e-04	 	0
	1.08293e-10
------------------

	Time step 387 at t=1.93500e+00
1	2.25885e-03	1.00000e+00	r	0
2	2.79469e-07	1.23722e-04	 	0
	1.07879e-10
------------------

	Time step 388 at t=1.94000e+00
1	2.33515e-03	1.00000e+00	r	0
2	2.75290e-07	1.17890e-04	 	0
	1.06506e-10
------------------

	Time step 389 at t=1.94500e+00
1	2.39343e-03	1.00000e+00	r	0
2	2.96897e-07	1.24047e-04	 	0
	1.04103e-10
------------------

	Time step 390 at t=1.95000e+00
1	2.43288e-03	1.00000e+00	r	0
2	3.17629e-07	1.30557e-04	 	0
	1.00614e-10
------------------

	Time step 391 at t=1.95500e+00
1	2.45284e-03	1.00000e+00	r	0
2	3.36863e-07	1.37336e-04	 	0
	9.60113e-11
------------------

	Time step 392 at t=1.96000e+00
1	2.45278e-03	1.00000e+00	r	0
2	3.54018e-07	1.44333e-04	 	0
	9.02913e-11
------------------

	Time step 393 at t=1.96500e+00
1	2.43236e-03	1.00000e+00	r	0
2	3.68581e-07	1.51532e-04	 	0
	9.00508e-11
------------------

	Time step 394 at t=1.97000e+00
1	2.39141e-03	1.00000e+00	r	0
2	3.80121e-07	1.58953e-04	 	0
	9.72130e-11
------------------

	Time step 395 at t=1.97500e+00
1	2.32995e-03	1.00000e+00	r	0
2	3.88301e-07	1.66656e-04	 	0
	1.03551e-10
------------------

	Time step 396 at t=1.98000e+00
1	2.24822e-03	1.00000e+00	r	0
2	3.92897e-07	1.74759e-04	 	0
	1.09055e-10
------------------

	Time step 397 at t=1.98500e+00
1	2.14666e-03	1.00000e+00	r	0
2	3.93799e-07	1.83448e-04	 	0
	1.13731e-10
------------------

	Time step 398 at t=1.99000e+00
1	2.02590e-03	1.00000e+00	r	0
2	3.91019e-07	1.93010e-04	 	0
	1.17592e-10
------------------

	Time step 399 at t=1.99500e+00
1	1.88680e-03	1.00000e+00	r	0
2	3.84686e-07	2.03883e-04	 	0
	1.20656e-10
------------------

	Time step 400 at t=2.00000e+00
1	1.98327e-03	1.00000e+00	r	0
2	3.75046e-07	1.89105e-04	 	0
	1.22944e-10
------------------

	Time step 401 at t=2.00500e+00
1	2.11751e-03	1.00000e+00	r	0
2	3.62452e-07	1.71169e-04	 	0
	1.24470e-10
------------------

	Time step 402 at t=2.01000e+00
1	2.23596e-03	1.00000e+00	r	0
2	3.47352e-07	1.55348e-04	 	0
	1.25242e-10
------------------

	Time step 403 at t=2.01500e+00
1	2.33751e-03	1.00000e+00	r	0
2	3.30271e-07	1.41292e-04	 	0
	1.25257e-10
------------------

	Time step 404 at t=2.02000e+00
1	2.42113e-03	1.00000e+00	r	0
2	3.11802e-07	1.28784e-04	 	0
	1.24500e-10
------------------

	Time step 405 at t=2.02500e+00
1	2.48592e-03	1.00000e+00	r	0
2	3.05524e-07	1.22902e-04	 	0
	1.22943e-10
------------------

	Time step 406 at t=2.03000e+00
1	2.53112e-03	1.00000e+00	r	0
2	3.40262e-07	1.34432e-04	 	0
	1.20548e-10
------------------

	Time step 407 at t=2.03500e+00
1	2.55607e-03	1.00000e+00	r	0
2	3.65742e-07	1.43087e-04	 	0
	1.17268e-10
------------------

	Time step 408 at t=2.04000e+00
1	2.56032e-03	1.00000e+00	r	0
2	3.81049e-07	1.48829e-04	 	0
	1.13055e-10
------------------

	Time step 409 at t=2.04500e+00
1	2.54352e-03	1.00000e+00	r	0
2	3.85586e-07	1.51595e-04	 	0
	1.07859e-10
------------------

	Time step 410 at t=2.05000e+00
1	2.50555e-03	1.00000e+00	r	0
2	3.79095e-07	1.51302e-04	 	0
	1.01639e-10
------------------

	Time step 411 at t=2.05500e+00
1	2.44643e-03	1.00000e+00	r	0
2	3.61670e-07	1.47836e-04	 	0
	9.84133e-11
------------------

	Time step 412 at t=2.06000e+00
1	2.36639e-03	1.00000e+00	r	0
2	3.33759e-07	1.41041e-04	 	0
	1.05973e-10
------------------

	Time step 413 at t=2.06500e+00
1	2.26587e-03	1.00000e+00	r	0
2	2.96152e-07	1.30701e-04	 	0
	1.13078e-10
------------------

	Time step 414 at t=2.07000e+00
1	2.14548e-03	1.00000e+00	r	0
2	3.36904e-07	1.57030e-04	 	0
	1.19709e-10
------------------

	Time step 415 at t=2.07500e+00
1	2.00606e-03	1.00000e+00	r	0
2	3.74157e-07	1.86513e-04	 	0
	1.25831e-10
------------------

	Time step 416 at t=2.08000e+00
1	1.84865e-03	1.00000e+00	r	0
2	4.02277e-07	2.17606e-04	 	0
	1.31383e-10
------------------

	Time step 417 at t=2.08500e+00
1	1.89273e-03	1.00000e+00	r	0
2	4.20263e-07	2.22041e-04	 	0
	1.36281e-10
------------------

	Time step 418 at t=2.09000e+00
1	2.05099e-03	1.00000e+00	r	0
2	4.27431e-07	2.08403e-04	 	0
	1.40421e-10
------------------

	Time step 419 at t=2.09500e+00
1	2.19225e-03	1.00000e+00	r	0
2	4.23446e-07	1.93156e-04	 	0
	1.43679e-10
------------------

	Time step 420 at t=2.10000e+00
1	2.31541e-03	1.00000e+00	r	0
2	4.08330e-07	1.76353e-04	 	0
	1.45918e-10
------------------

	Time step 421 at t=2.10500e+00
1	2.41954e-03	1.00000e+00	r	0
2	3.82469e-07	1.58075e-04	 	0
	1.46994e-10
------------------

	Time step 422 at t=2.11000e+00
1	2.50386e-03	1.00000e+00	r	0
2	3.46601e-07	1.38426e-04	 	0
	1.46767e-10
------------------

	Time step 423 at t=2.11500e+00
1	2.56781e-03	1.00000e+00	r	0
2	3.38388e-07	1.31781e-04	 	0
	1.45107e-10
------------------

	Time step 424 at t=2.12000e+00
1	2.61097e-03	1.00000e+00	r	0
2	3.62591e-07	1.38872e-04	 	0
	1.41907e-10
------------------

	Time step 425 at t=2.12500e+00
1	2.63312e-03	1.00000e+00	r	0
2	3.85759e-07	1.46503e-04	 	0
	1.37088e-10
------------------

	Time step 426 at t=2.13000e+00
1	2.63420e-03	1.00000e+00	r	0
2	4.07154e-07	1.54565e-04	 	0
	1.30609e-10
------------------

	Time step 427 at t=2.13500e+00
1	2.61433e-03	1.00000e+00	r	0
2	4.26088e-07	1.62982e-04	 	0
	1.22472e-10
------------------

	Time step 428 at t=2.14000e+00
1	2.57379e-03	1.00000e+00	r	0
2	4.41944e-07	1.71710e-04	 	0
	1.14265e-10
------------------

	Time step 429 at t=2.14500e+00
1	2.51303e-03	1.00000e+00	r	0
2	4.54201e-07	1.80739e-04	 	0
	1.23594e-10
------------------

	Time step 430 at t=2.15000e+00
1	2.43262e-03	1.00000e+00	r	0
2	4.62448e-07	1.90103e-04	 	0
	1.31931e-10
------------------

	Time step 431 at t=2.15500e+00
1	2.33330e-03	1.00000e+00	r	0
2	4.66402e-07	1.99889e-04	 	0
	1.39272e-10
------------------

	Time step 432 at t=2.16000e+00
1	2.21593e-03	1.00000e+00	r	0
2	4.65919e-07	2.10259e-04	 	0
	1.45629e-10
------------------

	Time step 433 at t=2.16500e+00
1	2.08149e-03	1.00000e+00	r	0
2	4.60997e-07	2.21475e-04	 	0
	1.51023e-10
------------------

	Time step 434 at t=2.17000e+00
1	2.06164e-03	1.00000e+00	r	0
2	4.51778e-07	2.19136e-04	 	0
	1.55480e-10
------------------

	Time step 435 at t=2.17500e+00
1	2.21417e-03	1.00000e+00	r	0
2	4.38549e-07	1.98064e-04	 	0
	1.59020e-10
------------------

	Time step 436 at t=2.18000e+00
1	2.34887e-03	1.00000e+00	r	0
2	4.21726e-07	1.79544e-04	 	0
	1.61651e-10
------------------

	Time step 437 at t=2.18500e+00
1	2.46477e-03	1.00000e+00	r	0
2	4.01851e-07	1.63038e-04	 	0
	1.63367e-10
------------------

	Time step 438 at t=2.19000e+00
1	2.56106e-03	1.00000e+00	r	0
2	3.79566e-07	1.48207e-04	 	0
	1.64140e-10
------------------

	Time step 439 at t=2.19500e+00
1	2.63709e-03	1.00000e+00	r	0
2	3.55602e-07	1.34846e-04	 	0
	1.63922e-10
------------------

	Time step 440 at t=2.20000e+00
1	2.69238e-03	1.00000e+00	r	0
2	3.72676e-07	1.38419e-04	 	0
	1.62643e-10
------------------

	Time step 441 at t=2.20500e+00
1	2.72658e-03	1.00000e+00	r	0
2	4.15945e-07	1.52552e-04	 	0
	1.60218e-10
------------------

	Time step 442 at t=2.21000e+00
1	2.73949e-03	1.00000e+00	r	0
2	4.48045e-07	1.63551e-04	 	0
	1.56551e-10
------------------

	Time step 443 at t=2.21500e+00
1	2.73106e-03	1.00000e+00	r	0
2	4.67812e-07	1.71293e-04	 	0
	1.51546e-10
------------------

	Time step 444 at t=2.22000e+00
1	2.70140e-03	1.00000e+00	r	0
2	4.74472e-07	1.75639e-04	 	0
	1.45113e-10
------------------

	Time step 445 at t=2.22500e+00
1	2.65073e-03	1.00000e+00	r	0
2	4.67668e-07	1.76430e-04	 	0
	1.37180e-10
------------------

	Time step 446 at t=2.23000e+00
1	2.57941e-03	1.00000e+00	r	0
2	4.47481e-07	1.73482e-04	 	0
	1.31727e-10
------------------

	Time step 447 at t=2.23500e+00
1	2.48795e-03	1.00000e+00	r	0
2	4.14430e-07	1.66575e-04	 	0
	1.40278e-10
------------------

	Time step 448 at t=2.24000e+00
1	2.37699e-03	1.00000e+00	r	0
2	3.69464e-07	1.55433e-04	 	0
	1.48153e-10
------------------

	Time step 449 at t=2.24500e+00
1	2.24730e-03	1.00000e+00	r	0
2	3.91709e-07	1.74302e-04	 	0
	1.55367e-10
------------------

	Time step 450 at t=2.25000e+00
1	2.09978e-03	1.00000e+00	r	0
2	4.36212e-07	2.07741e-04	 	0
	1.61908e-10
------------------

	Time step 451 at t=2.25500e+00
1	1.93546e-03	1.00000e+00	r	0
2	4.69834e-07	2.42750e-04	 	0
	1.67737e-10
------------------

	Time step 452 at t=2.26000e+00
1	1.91636e-03	1.00000e+00	r	0
2	4.91402e-07	2.56424e-04	 	0
	1.72784e-10
------------------

	Time step 453 at t=2.26500e+00
1	2.09556e-03	1.00000e+00	r	0
2	5.00125e-07	2.38660e-04	 	0
	1.76952e-10
------------------

	Time step 454 at t=2.27000e+00
1	2.26055e-03	1.00000e+00	r	0
2	4.95630e-07	2.19252e-04	 	0
	1.80119e-10
------------------

	Time step 455 at t=2.27500e+00
1	2.40982e-03	1.00000e+00	r	0
2	4.77970e-07	1.98343e-04	 	0
	1.82145e-10
------------------

	Time step 456 at t=2.28000e+00
1	2.54189e-03	1.00000e+00	r	0
2	4.47627e-07	1.76100e-04	 	0
	1.82880e-10
------------------

	Time step 457 at t=2.28500e+00
1	2.65539e-03	1.00000e+00	r	0
2	4.05496e-07	1.52707e-04	 	0
	1.82173e-10
------------------

	Time step 458 at t=2.29000e+00
1	2.74901e-03	1.00000e+00	r	0
2	3.88545e-07	1.41340e-04	 	0
	1.79883e-10
------------------

	Time step 459 at t=2.29500e+00
1	2.82156e-03	1.00000e+00	r	0
2	4.19606e-07	1.48714e-04	 	0
	1.75888e-10
------------------

	Time step 460 at t=2.30000e+00
1	2.87199e-03	1.00000e+00	r	0
2	4.49486e-07	1.56506e-04	 	0
	1.70097e-10
------------------

	Time step 461 at t=2.30500e+00
1	2.89942e-03	1.00000e+00	r	0
2	4.77286e-07	1.64614e-04	 	0
	1.62459e-10
------------------

	Time step 462 at t=2.31000e+00
1	2.90313e-03	1.00000e+00	r	0
2	5.02170e-07	1.72976e-04	 	0
	1.52965e-10
------------------

	Time step 463 at t=2.31500e+00
1	2.88261e-03	1.00000e+00	r	0
2	5.23393e-07	1.81570e-04	 	0
	1.52419e-10
------------------

	Time step 464 at t=2.32000e+00
1	2.83757e-03	1.00000e+00	r	0
2	5.40329e-07	1.90420e-04	 	0
	1.64633e-10
------------------

	Time step 465 at t=2.32500e+00
1	2.76797e-03	1.00000e+00	r	0
2	5.52489e-07	1.99601e-04	 	0
	1.75423e-10
------------------

	Time step 466 at t=2.33000e+00
1	2.67402e-03	1.00000e+00	r	0
2	5.59543e-07	2.09252e-04	 	0
	1.84773e-10
------------------

	Time step 467 at t=2.33500e+00
1	2.55616e-03	1.00000e+00	r	0
2	5.61326e-07	2.19597e-04	 	0
	1.92689e-10
------------------

	Time step 468 at t=2.34000e+00
1	2.41514e-03	1.00000e+00	r	0
2	5.57848e-07	2.30980e-04	 	0
	1.99197e-10
------------------

	Time step 469 at t=2.34500e+00
1	2.25193e-03	1.00000e+00	r	0
2	5.49290e-07	2.43920e-04	 	0
	2.04331e-10
------------------

	Time step 470 at t=2.35000e+00
1	2.32608e-03	1.00000e+00	r	0
2	5.35997e-07	2.30430e-04	 	0
	2.08133e-10
------------------

	Time step 471 at t=2.35500e+00
1	2.48605e-03	1.00000e+00	r	0
2	5.18467e-07	2.08551e-04	 	0
	2.10633e-10
------------------

	Time step 472 at t=2.36000e+00
1	2.62767e-03	1.00000e+00	r	0
2	4.97330e-07	1.89267e-04	 	0
	2.11854e-10
------------------

	Time step 473 at t=2.36500e+00
1	2.74960e-03	1.00000e+00	r	0
2	4.73332e-07	1.72146e-04	 	0
	2.11798e-10
------------------

	Time step 474 at t=2.37000e+00
1	2.85062e-03	1.00000e+00	r	0
2	4.47306e-07	1.56915e-04	 	0
	2.10446e-10
------------------

	Time step 475 at t=2.37500e+00
1	2.92961e-03	1.00000e+00	r	0
2	4.28565e-07	1.46287e-04	 	0
	2.07760e-10
------------------

	Time step 476 at t=2.38000e+00
1	2.98562e-03	1.00000e+00	r	0
2	4.79662e-07	1.60657e-04	 	0
	2.03679e-10
------------------

	Time step 477 at t=2.38500e+00
1	3.01784e-03	1.00000e+00	r	0
2	5.17722e-07	1.71554e-04	 	0
	1.98131e-10
------------------

	Time step 478 at t=2.39000e+00
1	3.02564e-03	1.00000e+00	r	0
2	5.41386e-07	1.78933e-04	 	0
	1.91034e-10
------------------

	Time step 479 at t=2.39500e+00
1	3.00856e-03	1.00000e+00	r	0
2	5.49742e-07	1.82726e-04	 	0
	1.82306e-10
------------------

	Time step 480 at t=2.40000e+00
1	2.96635e-03	1.00000e+00	r	0
2	5.42364e-07	1.82839e-04	 	0
	1.71878e-10
------------------

	Time step 481 at t=2.40500e+00
1	2.89899e-03	1.00000e+00	r	0
2	5.19323e-07	1.79139e-04	 	0
	1.65015e-10
------------------

	Time step 482 at t=2.41000e+00
1	2.80668e-03	1.00000e+00	r	0
2	4.81200e-07	1.71448e-04	 	0
	1.77951e-10
------------------

	Time step 483 at t=2.41500e+00
1	2.68986e-03	1.00000e+00	r	0
2	4.29069e-07	1.59514e-04	 	0
	1.90118e-10
------------------

	Time step 484 at t=2.42000e+00
1	2.54921e-03	1.00000e+00	r	0
2	4.75243e-07	1.86428e-04	 	0
	2.01485e-10
------------------

	Time step 485 at t=2.42500e+00
1	2.38568e-03	1.00000e+00	r	0
2	5.30146e-07	2.22220e-04	 	0
	2.11987e-10
------------------

	Time step 486 at t=2.43000e+00
1	2.20047e-03	1.00000e+00	r	0
2	5.72136e-07	2.60006e-04	 	0
	2.21522e-10
------------------

	Time step 487 at t=2.43500e+00
1	2.23214e-03	1.00000e+00	r	0
2	5.99723e-07	2.68676e-04	 	0
	2.29947e-10
------------------

	Time step 488 at t=2.44000e+00
1	2.41908e-03	1.00000e+00	r	0
2	6.11873e-07	2.52936e-04	 	0
	2.37085e-10
------------------

	Time step 489 at t=2.44500e+00
1	2.58570e-03	1.00000e+00	r	0
2	6.08045e-07	2.35157e-04	 	0
	2.42723e-10
------------------

	Time step 490 at t=2.45000e+00
1	2.73072e-03	1.00000e+00	r	0
2	5.88220e-07	2.15409e-04	 	0
	2.46629e-10
------------------

	Time step 491 at t=2.45500e+00
1	2.85305e-03	1.00000e+00	r	0
2	5.52896e-07	1.93791e-04	 	0
	2.48562e-10
------------------

	Time step 492 at t=2.46000e+00
1	2.95185e-03	1.00000e+00	r	0
2	5.03083e-07	1.70430e-04	 	0
	2.48281e-10
------------------

	Time step 493 at t=2.46500e+00
1	3.02646e-03	1.00000e+00	r	0
2	4.78507e-07	1.58108e-04	 	0
	2.45570e-10
------------------

	Time step 494 at t=2.47000e+00
1	3.07644e-03	1.00000e+00	r	0
2	5.12701e-07	1.66654e-04	 	0
	2.40244e-10
------------------

	Time step 495 at t=2.47500e+00
1	3.10159e-03	1.00000e+00	r	0
2	5.45490e-07	1.75874e-04	 	0
	2.32173e-10
------------------

	Time step 496 at t=2.48000e+00
1	3.10188e-03	1.00000e+00	r	0
2	5.75818e-07	1.85635e-04	 	0
	2.21288e-10
------------------

	Time step 497 at t=2.48500e+00
1	3.07751e-03	1.00000e+00	r	0
2	6.02699e-07	1.95840e-04	 	0
	2.07595e-10
------------------

	Time step 498 at t=2.49000e+00
1	3.02885e-03	1.00000e+00	r	0
2	6.25248e-07	2.06431e-04	 	0
	1.91432e-10
------------------

	Time step 499 at t=2.49500e+00
1	2.95649e-03	1.00000e+00	r	0
2	6.42713e-07	2.17390e-04	 	0
	2.07169e-10
------------------

Done

ROM computation time:1.87000e+02 seconds 673 milliseconds
[100%] Built target run
